Yosys 0.60 (git sha1 UNKNOWN, g++ 11.4.0-1ubuntu1~22.04.2 -fPIC -O3)
Using ABC speed script.
Extracting clock period from SDC file: ./results/asap7/tritone/baseline/clock_period.txt
Setting clock period to 1000
1. Executing Liberty frontend: /OpenROAD-flow-scripts/flow/platforms/asap7/lib/NLDM/asap7sc7p5t_AO_RVT_FF_nldm_211120.lib.gz
2. Executing Liberty frontend: /OpenROAD-flow-scripts/flow/platforms/asap7/lib/NLDM/asap7sc7p5t_INVBUF_RVT_FF_nldm_220122.lib.gz
3. Executing Liberty frontend: /OpenROAD-flow-scripts/flow/platforms/asap7/lib/NLDM/asap7sc7p5t_OA_RVT_FF_nldm_211120.lib.gz
4. Executing Liberty frontend: /OpenROAD-flow-scripts/flow/platforms/asap7/lib/NLDM/asap7sc7p5t_SIMPLE_RVT_FF_nldm_211120.lib.gz
5. Executing Liberty frontend: /OpenROAD-flow-scripts/flow/platforms/asap7/lib/NLDM/asap7sc7p5t_SEQ_RVT_FF_nldm_220123.lib
6. Executing Liberty frontend: /OpenROAD-flow-scripts/flow/platforms/asap7/lib/NLDM/asap7sc7p5t_AO_RVT_FF_nldm_211120.lib.gz
7. Executing Liberty frontend: /OpenROAD-flow-scripts/flow/platforms/asap7/lib/NLDM/asap7sc7p5t_INVBUF_RVT_FF_nldm_220122.lib.gz
8. Executing Liberty frontend: /OpenROAD-flow-scripts/flow/platforms/asap7/lib/NLDM/asap7sc7p5t_OA_RVT_FF_nldm_211120.lib.gz
9. Executing Liberty frontend: /OpenROAD-flow-scripts/flow/platforms/asap7/lib/NLDM/asap7sc7p5t_SIMPLE_RVT_FF_nldm_211120.lib.gz
10. Executing Liberty frontend: /OpenROAD-flow-scripts/flow/platforms/asap7/lib/NLDM/asap7sc7p5t_SEQ_RVT_FF_nldm_220123.lib
11. Executing SLANG frontend.
designs/src/tritone/ternary_regfile.sv:128:7: warning: asynchronous load value missing for variable '\trit2_to_index.addr'
      for (i = 0; i < NUM_REGS; i = i + 1) begin
      ^~~~~~~~~~~~~~~~~~~~~~~~~~~~~~~~~~~~~~~~~~
designs/src/tritone/ternary_regfile.sv:125:11: note: asynchronous load pattern implied by edge sensitivity on multiple signals
  always @(posedge clk or negedge rst_n) begin
          ^~~~~~~~~~~~~~~~~~~~~~~~~~~~~~
designs/src/tritone/ternary_regfile.sv:128:7: warning: asynchronous load value missing for variable '\trit2_to_index.val0'
      for (i = 0; i < NUM_REGS; i = i + 1) begin
      ^~~~~~~~~~~~~~~~~~~~~~~~~~~~~~~~~~~~~~~~~~
designs/src/tritone/ternary_regfile.sv:125:11: note: asynchronous load pattern implied by edge sensitivity on multiple signals
  always @(posedge clk or negedge rst_n) begin
          ^~~~~~~~~~~~~~~~~~~~~~~~~~~~~~
designs/src/tritone/ternary_regfile.sv:128:7: warning: asynchronous load value missing for variable '\trit2_to_index.val1'
      for (i = 0; i < NUM_REGS; i = i + 1) begin
      ^~~~~~~~~~~~~~~~~~~~~~~~~~~~~~~~~~~~~~~~~~
designs/src/tritone/ternary_regfile.sv:125:11: note: asynchronous load pattern implied by edge sensitivity on multiple signals
  always @(posedge clk or negedge rst_n) begin
          ^~~~~~~~~~~~~~~~~~~~~~~~~~~~~~
11.1. Executing UNDRIVEN pass. (resolve undriven signals)
11.2. Executing PROC_CLEAN pass (remove empty switches from decision trees).
11.3. Executing TRIBUF pass.
11.4. Executing PROC_RMDEAD pass (remove dead branches from decision trees).
11.5. Executing PROC_PRUNE pass (remove redundant assignments in processes).
11.6. Executing PROC_INIT pass (extract init attributes).
11.7. Executing PROC_ROM pass (convert switches to ROMs).
11.8. Executing PROC_MUX pass (convert decision trees to multiplexers).
11.9. Executing PROC_CLEAN pass (remove empty switches from decision trees).
11.10. Executing OPT_EXPR pass (perform const folding).
12. Executing Verilog-2005 frontend: /OpenROAD-flow-scripts/flow/platforms/asap7/yoSys/cells_clkgate_R.v
13. Executing HIERARCHY pass (managing design hierarchy).
13.1. Analyzing design hierarchy..
13.2. Analyzing design hierarchy..
14. Executing OPT_CLEAN pass (remove unused cells and wires).
15. Executing RTLIL backend.
End of script. Logfile hash: 6c5cd8c05a, CPU: user 1.32s system 0.06s, MEM: 92.16 MB peak
Yosys 0.60 (git sha1 UNKNOWN, g++ 11.4.0-1ubuntu1~22.04.2 -fPIC -O3)
Time spent: 43% 2x read_slang (0 sec), 40% 12x read_liberty (0 sec), ...
Top level design units:
    ternary_cpu_system


Build succeeded: 0 errors, 3 warnings
Elapsed time: 0:01.82[h:]min:sec. CPU time: user 1.37 sys 0.05 (78%). Peak memory: 96768KB.
