OpenROAD 24Q3-11673-g154f14ab7e 
Features included (+) or not (-): +GPU +GUI +Python
This program is licensed under the BSD-3 license. See the LICENSE file for details.
Components of this program may be licensed under more restrictive licenses which must be honored.
[INFO ORD-0030] Using 32 thread(s).
source /OpenROAD-flow-scripts/flow/platforms/asap7/liberty_suppressions.tcl
read_liberty /OpenROAD-flow-scripts/flow/platforms/asap7/lib/NLDM/asap7sc7p5t_AO_RVT_FF_nldm_211120.lib.gz
read_liberty /OpenROAD-flow-scripts/flow/platforms/asap7/lib/NLDM/asap7sc7p5t_INVBUF_RVT_FF_nldm_220122.lib.gz
read_liberty /OpenROAD-flow-scripts/flow/platforms/asap7/lib/NLDM/asap7sc7p5t_OA_RVT_FF_nldm_211120.lib.gz
read_liberty /OpenROAD-flow-scripts/flow/platforms/asap7/lib/NLDM/asap7sc7p5t_SIMPLE_RVT_FF_nldm_211120.lib.gz
read_liberty /OpenROAD-flow-scripts/flow/platforms/asap7/lib/NLDM/asap7sc7p5t_SEQ_RVT_FF_nldm_220123.lib
read_db ./results/asap7/tritone/baseline/3_2_place_iop.odb
source /OpenROAD-flow-scripts/flow/platforms/asap7/setRC.tcl
[INFO RSZ-0026] Removed 60 buffers.
Perform port buffering...
[INFO RSZ-0027] Inserted 1 BUFx2_ASAP7_75t_R input buffers.
[INFO RSZ-0028] Inserted 19 BUFx2_ASAP7_75t_R output buffers.
[INFO GPL-0022] Initialize gpl and calculate uniform density.
Placement density is 0.6614999777078628, computed from PLACE_DENSITY_LB_ADDON  0.15 and lower bound 0.5899999737739563
global_placement -density 0.6614999777078628 -pad_left 0 -pad_right 0 -routability_driven -timing_driven
[INFO GPL-0005] Execute conjugate gradient initial placement.
[INFO GPL-0002] DBU: 1000
[INFO GPL-0003] SiteSize: (  0.054  0.270 ) um
[INFO GPL-0004] CoreBBox: (  2.052  2.160 ) ( 10.152  9.990 ) um
[INFO GPL-0032] Initializing region: Top-level
[INFO GPL-0006] Number of instances:               407
[INFO GPL-0007] Movable instances:                 349
[INFO GPL-0008] Fixed instances:                    58
[INFO GPL-0009] Dummy instances:                     0
[INFO GPL-0010] Number of nets:                    435
[INFO GPL-0011] Number of pins:                   1097
[INFO GPL-0012] Die BBox:  (  0.000  0.000 ) ( 12.152 12.152 ) um
[INFO GPL-0013] Core BBox: (  2.052  2.160 ) ( 10.152  9.990 ) um
[INFO GPL-0016] Core area:                      63.423 um^2
[INFO GPL-0014] Region name: top-level.
[INFO GPL-0015] Region area:                    63.423 um^2
[INFO GPL-0017] Fixed instances area:            1.691 um^2
[INFO GPL-0018] Movable instances area:         36.238 um^2
[INFO GPL-0019] Utilization:                    58.703 %
[INFO GPL-0020] Standard cells area:            36.238 um^2
[INFO GPL-0021] Large instances area:            0.000 um^2
[InitialPlace]  Iter: 1 conjugate gradient residual: 0.00000011 HPWL: 788352
[InitialPlace]  Iter: 2 conjugate gradient residual: 0.00000007 HPWL: 642080
[InitialPlace]  Iter: 3 conjugate gradient residual: 0.00000012 HPWL: 646745
[InitialPlace]  Iter: 4 conjugate gradient residual: 0.00000007 HPWL: 650045
[InitialPlace]  Iter: 5 conjugate gradient residual: 0.00000008 HPWL: 651924
[INFO GPL-0033] Initializing Nesterov region: Top-level
[INFO GPL-0023] Placement target density:       0.6615
[INFO GPL-0024] Movable insts average area:      0.104 um^2
[INFO GPL-0025] Ideal bin area:                  0.157 um^2
[INFO GPL-0026] Ideal bin count:                   404
[INFO GPL-0027] Total bin area:                 63.423 um^2
[INFO GPL-0028] Bin count (X, Y):          16 ,     16
[INFO GPL-0029] Bin size (W * H):       0.506 *  0.489 um
[INFO GPL-0030] Number of bins:                    256
[INFO GPL-0007] Execute nesterov global placement.
[INFO GPL-0031] HPWL: Half-Perimeter Wirelength
Iteration | Overflow |     HPWL (um) |  HPWL(%) |   Penalty | Group
---------------------------------------------------------------
        0 |   0.6163 |  4.727480e+02 |   +0.00% |  1.70e-10 |      
[INFO GPL-0100] Timing-driven iteration 1/2, virtual: false.
[INFO GPL-0101]    Iter: 1, overflow: 0.616, keep resizer changes at: 1, HPWL: 472748
Iteration |   Area    | Resized | Buffers | Nets repaired | Remaining
---------------------------------------------------------------------
        0 |     +0.0% |       0 |       0 |             0 |       435
    final |    +13.7% |       0 |      63 |            23 |         0
---------------------------------------------------------------------
[INFO RSZ-0034] Found 23 slew violations.
[INFO RSZ-0038] Inserted 63 buffers in 23 nets.
   Iter   |    Area   | Removed | Inserted |   Pins
          |           | Buffers | Buffers  | Remaining
-------------------------------------------------------
        0 |     +0.0% |       0 |        0 |       306
       30 |     -0.9% |       7 |        2 |       276
       60 |     -1.2% |      10 |        3 |       246
       90 |     -2.1% |      27 |       13 |       216
      120 |     -2.9% |      37 |       18 |       186
      150 |     -3.3% |      45 |       23 |       156
      180 |     -3.6% |      49 |       25 |       126
      210 |     -3.6% |      49 |       25 |        96
      240 |     -3.3% |      51 |       28 |        66
      270 |     -3.1% |      54 |       31 |        36
      300 |     -3.1% |      55 |       32 |         6
    final |     -4.4% |      64 |       34 |         0
-------------------------------------------------------
[INFO GPL-0106] Timing-driven: worst slack -1.5e-10
[INFO GPL-0107] Timing-driven: repair_design delta area: 2.960 um^2 (+8.17%)
[INFO GPL-0108] Timing-driven: repair_design, gpl delta gcells: 33 (+9.46%)
[INFO GPL-0109] Timing-driven: repair_design, gcells created: 97, deleted: 64
[INFO GPL-0110] Timing-driven: new target density: 0.7094452
Iteration | Overflow |     HPWL (um) |  HPWL(%) |   Penalty | Group
---------------------------------------------------------------
       10 |   0.6752 |  3.518440e+02 |  -25.57% |  2.78e-10 |      
       20 |   0.6759 |  3.492760e+02 |   -0.73% |  4.52e-10 |      
       30 |   0.6754 |  3.486030e+02 |   -0.19% |  7.37e-10 |      
       40 |   0.6723 |  3.487280e+02 |   +0.04% |  1.20e-09 |      
       50 |   0.6716 |  3.494330e+02 |   +0.20% |  1.96e-09 |      
       60 |   0.6679 |  3.504110e+02 |   +0.28% |  3.18e-09 |      
       70 |   0.6597 |  3.516840e+02 |   +0.36% |  5.19e-09 |      
       80 |   0.6469 |  3.533200e+02 |   +0.47% |  8.45e-09 |      
       90 |   0.6330 |  3.554150e+02 |   +0.59% |  1.38e-08 |      
      100 |   0.6218 |  3.587310e+02 |   +0.93% |  2.24e-08 |      
      110 |   0.6066 |  3.638190e+02 |   +1.42% |  3.65e-08 |      
[INFO GPL-0038] Routability snapshot saved at iter = 114
      113 |   0.5974 |  3.658070e+02 |          |           |      
      120 |   0.5783 |  3.695920e+02 |   +1.59% |  5.95e-08 |      
      130 |   0.5529 |  3.754650e+02 |   +1.59% |  9.69e-08 |      
      140 |   0.5141 |  3.816840e+02 |   +1.66% |  1.58e-07 |      
      150 |   0.4934 |  3.900680e+02 |   +2.20% |  2.57e-07 |      
      160 |   0.4513 |  3.986920e+02 |   +2.21% |  4.19e-07 |      
      170 |   0.4078 |  4.044490e+02 |   +1.44% |  6.82e-07 |      
      180 |   0.3748 |  4.124120e+02 |   +1.97% |  1.11e-06 |      
      190 |   0.3409 |  4.201470e+02 |   +1.88% |  1.79e-06 |      
      200 |   0.3146 |  4.240140e+02 |   +0.92% |  2.64e-06 |      
[INFO GPL-0040] Routability iteration: 1
[INFO GPL-0041] Total routing overflow: 0.0000
[INFO GPL-0042] Number of overflowed tiles: 0 (0.00%)
[INFO GPL-0043] Average top 0.5% routing congestion: 0.5855
[INFO GPL-0044] Average top 1.0% routing congestion: 0.5721
[INFO GPL-0045] Average top 2.0% routing congestion: 0.5574
[INFO GPL-0046] Average top 5.0% routing congestion: 0.5254
[INFO GPL-0047] Routability iteration weighted routing congestion: 0.5788
[INFO GPL-0050] Weighted routing congestion is lower than target routing congestion(1.0100), end routability optimization.
[INFO GPL-0090] Routability finished. Target routing congestion achieved succesfully.
Iteration | Overflow |     HPWL (um) |  HPWL(%) |   Penalty | Group
---------------------------------------------------------------
      210 |   0.2861 |  4.290710e+02 |   +1.19% |  3.89e-06 |      
      220 |   0.2603 |  4.342550e+02 |   +1.21% |  5.73e-06 |      
      230 |   0.2373 |  4.397400e+02 |   +1.26% |  8.44e-06 |      
      240 |   0.2111 |  4.448170e+02 |   +1.15% |  1.24e-05 |      
[INFO GPL-0100] Timing-driven iteration 2/2, virtual: false.
[INFO GPL-0101]    Iter: 249, overflow: 0.193, keep resizer changes at: 1, HPWL: 448417
Iteration |   Area    | Resized | Buffers | Nets repaired | Remaining
---------------------------------------------------------------------
        0 |     +0.0% |       0 |       0 |             0 |       468
    final |     +0.0% |       0 |       0 |             0 |         0
---------------------------------------------------------------------
   Iter   |    Area   | Removed | Inserted |   Pins
          |           | Buffers | Buffers  | Remaining
-------------------------------------------------------
        0 |     +0.0% |       0 |        0 |       306
       30 |     +0.0% |       2 |        2 |       276
       60 |     +0.0% |       3 |        3 |       246
       90 |     -0.2% |      13 |       12 |       216
      120 |     -0.5% |      18 |       16 |       186
      150 |     -0.9% |      23 |       19 |       156
      180 |     -0.9% |      25 |       21 |       126
      210 |     -0.7% |      25 |       22 |        96
      240 |     -0.5% |      28 |       26 |        66
      270 |     -0.5% |      31 |       29 |        36
      300 |     -0.5% |      32 |       30 |         6
    final |     -0.4% |      34 |       33 |         0
-------------------------------------------------------
[INFO GPL-0106] Timing-driven: worst slack -1.5e-10
[INFO GPL-0107] Timing-driven: repair_design delta area: -0.146 um^2 (-0.37%)
[INFO GPL-0108] Timing-driven: repair_design, gpl delta gcells: -1 (-0.26%)
[INFO GPL-0109] Timing-driven: repair_design, gcells created: 33, deleted: 34
[INFO GPL-0110] Timing-driven: new target density: 0.70708334
Iteration | Overflow |     HPWL (um) |  HPWL(%) |   Penalty | Group
---------------------------------------------------------------
      250 |   0.1883 |  4.508880e+02 |   +1.36% |  1.83e-05 |      
      260 |   0.1694 |  4.545090e+02 |   +0.80% |  2.70e-05 |      
      270 |   0.1417 |  4.573260e+02 |   +0.62% |  3.97e-05 |      
      280 |   0.1169 |  4.607930e+02 |   +0.76% |  5.85e-05 |      
      290 |   0.1028 |  4.651560e+02 |   +0.95% |  8.62e-05 |      
      292 |   0.0999 |  4.662380e+02 |          |  9.69e-05 |      
---------------------------------------------------------------
[INFO GPL-1001] Global placement finished at iteration 292
[INFO GPL-1003] Routability mode iteration count: 91
[INFO GPL-1005] Routability final weighted congestion: 0.5729
[INFO GPL-1002] Placed Cell Area               39.0524
[INFO GPL-1003] Available Free Area            61.7317
[INFO GPL-1004] Minimum Feasible Density        0.5900 (cell_area / free_area)
[INFO GPL-1006]   Suggested Target Densities:
[INFO GPL-1007]     - For 90% usage of free space: 0.7029
[INFO GPL-1008]     - For 80% usage of free space: 0.7908
[INFO GPL-1011] Original area (um^2): 36.24
[INFO GPL-1012] Total routability artificial inflation: 2.96 (+8.17%)
[INFO GPL-1013] Total timing-driven delta area: 2.81 (+7.77%)
[INFO GPL-1014] Final placement area: 39.05 (+7.77%)
Took 16 seconds: global_placement -density 0.6614999777078628 -pad_left 0 -pad_right 0 -routability_driven -timing_driven
Report metrics stage 3, global place...

==========================================================================
global place report_design_area
--------------------------------------------------------------------------
Design area 37 um^2 59% utilization.
Elapsed time: 0:16.55[h:]min:sec. CPU time: user 484.82 sys 0.89 (2933%). Peak memory: 287136KB.
Log                        Elapsed/s Peak Memory/MB  sha1sum .odb [0:20)
3_3_place_gp                      16            280 edefc7560fd1908f48a0
