OpenROAD 24Q3-11673-g154f14ab7e 
Features included (+) or not (-): +GPU +GUI +Python
This program is licensed under the BSD-3 license. See the LICENSE file for details.
Components of this program may be licensed under more restrictive licenses which must be honored.
[INFO ORD-0030] Using 32 thread(s).
source /OpenROAD-flow-scripts/flow/platforms/asap7/liberty_suppressions.tcl
read_liberty /OpenROAD-flow-scripts/flow/platforms/asap7/lib/NLDM/asap7sc7p5t_AO_RVT_FF_nldm_211120.lib.gz
read_liberty /OpenROAD-flow-scripts/flow/platforms/asap7/lib/NLDM/asap7sc7p5t_INVBUF_RVT_FF_nldm_220122.lib.gz
read_liberty /OpenROAD-flow-scripts/flow/platforms/asap7/lib/NLDM/asap7sc7p5t_OA_RVT_FF_nldm_211120.lib.gz
read_liberty /OpenROAD-flow-scripts/flow/platforms/asap7/lib/NLDM/asap7sc7p5t_SIMPLE_RVT_FF_nldm_211120.lib.gz
read_liberty /OpenROAD-flow-scripts/flow/platforms/asap7/lib/NLDM/asap7sc7p5t_SEQ_RVT_FF_nldm_220123.lib
read_db ./results/asap7/tritone/baseline/5_1_grt.odb
source /OpenROAD-flow-scripts/flow/platforms/asap7/setRC.tcl
detailed_route -output_drc ./reports/asap7/tritone/baseline/5_route_drc.rpt -output_maze ./results/asap7/tritone/baseline/maze.log -droute_end_iter 64 -verbose 1 -drc_report_iter_step 5
[INFO DRT-0149] Reading tech and libs.

Units:                1000
Number of layers:     21
Number of macros:     212
Number of vias:       14
Number of viarulegen: 11

[INFO DRT-0150] Reading design.

Design:                   ternary_cpu_system
Die area:                 ( 0 0 ) ( 12152 12152 )
Number of track patterns: 32
Number of DEF vias:       0
Number of components:     444
Number of terminals:      111
Number of snets:          2
Number of nets:           471

[INFO DRT-0167] List of default vias:
  Layer V2
    default via: VIA23
  Layer V3
    default via: VIA34
  Layer V4
    default via: VIA45
  Layer V5
    default via: VIA56
  Layer V6
    default via: VIA67
  Layer V7
    default via: VIA78
  Layer V8
    default via: VIA89
  Layer V9
    default via: VIA9Pad
[INFO DRT-0162] Library cell analysis.
[INFO DRT-0163] Instance analysis.
[INFO DRT-0164] Number of unique instances = 85.
[INFO DRT-0168] Init region query.
[INFO DRT-0024]   Complete Active.
[INFO DRT-0024]   Complete V0.
[INFO DRT-0024]   Complete M1.
[INFO DRT-0024]   Complete V1.
[INFO DRT-0024]   Complete M2.
[INFO DRT-0024]   Complete V2.
[INFO DRT-0024]   Complete M3.
[INFO DRT-0024]   Complete V3.
[INFO DRT-0024]   Complete M4.
[INFO DRT-0024]   Complete V4.
[INFO DRT-0024]   Complete M5.
[INFO DRT-0024]   Complete V5.
[INFO DRT-0024]   Complete M6.
[INFO DRT-0024]   Complete V6.
[INFO DRT-0024]   Complete M7.
[INFO DRT-0024]   Complete V7.
[INFO DRT-0024]   Complete M8.
[INFO DRT-0024]   Complete V8.
[INFO DRT-0024]   Complete M9.
[INFO DRT-0024]   Complete V9.
[INFO DRT-0024]   Complete Pad.
[INFO DRT-0033] Active shape region query size = 0.
[INFO DRT-0033] V0 shape region query size = 0.
[INFO DRT-0033] M1 shape region query size = 5913.
[INFO DRT-0033] V1 shape region query size = 7358.
[INFO DRT-0033] M2 shape region query size = 348.
[INFO DRT-0033] V2 shape region query size = 180.
[INFO DRT-0033] M3 shape region query size = 180.
[INFO DRT-0033] V3 shape region query size = 120.
[INFO DRT-0033] M4 shape region query size = 156.
[INFO DRT-0033] V4 shape region query size = 120.
[INFO DRT-0033] M5 shape region query size = 145.
[INFO DRT-0033] V5 shape region query size = 16.
[INFO DRT-0033] M6 shape region query size = 16.
[INFO DRT-0033] V6 shape region query size = 0.
[INFO DRT-0033] M7 shape region query size = 0.
[INFO DRT-0033] V7 shape region query size = 0.
[INFO DRT-0033] M8 shape region query size = 0.
[INFO DRT-0033] V8 shape region query size = 0.
[INFO DRT-0033] M9 shape region query size = 0.
[INFO DRT-0033] V9 shape region query size = 0.
[INFO DRT-0033] Pad shape region query size = 0.
[INFO DRT-0165] Start pin access.
[INFO DRT-0078]   Complete 451 pins.
[INFO DRT-0081]   Complete 85 unique inst patterns.
[INFO DRT-0084]   Complete 233 groups.
#scanned instances     = 444
#unique  instances     = 85
#stdCellGenAp          = 2228
#stdCellValidPlanarAp  = 66
#stdCellValidViaAp     = 1726
#stdCellPinNoAp        = 0
#stdCellPinCnt         = 967
#instTermValidViaApCnt = 0
#macroGenAp            = 0
#macroValidPlanarAp    = 0
#macroValidViaAp       = 0
#macroNoAp             = 0
[INFO DRT-0166] Complete pin access.
[INFO DRT-0267] cpu time = 00:00:15, elapsed time = 00:00:01, memory = 266.53 (MB), peak = 266.53 (MB)

[INFO DRT-0157] Number of guides:     2357

[INFO DRT-0169] Post process guides.
[INFO DRT-0176] GCELLGRID X 0 DO 21 STEP 570 ;
[INFO DRT-0177] GCELLGRID Y 0 DO 21 STEP 570 ;
[INFO DRT-0028]   Complete Active.
[INFO DRT-0028]   Complete V0.
[INFO DRT-0028]   Complete M1.
[INFO DRT-0028]   Complete V1.
[INFO DRT-0028]   Complete M2.
[INFO DRT-0028]   Complete V2.
[INFO DRT-0028]   Complete M3.
[INFO DRT-0028]   Complete V3.
[INFO DRT-0028]   Complete M4.
[INFO DRT-0028]   Complete V4.
[INFO DRT-0028]   Complete M5.
[INFO DRT-0028]   Complete V5.
[INFO DRT-0028]   Complete M6.
[INFO DRT-0028]   Complete V6.
[INFO DRT-0028]   Complete M7.
[INFO DRT-0028]   Complete V7.
[INFO DRT-0028]   Complete M8.
[INFO DRT-0028]   Complete V8.
[INFO DRT-0028]   Complete M9.
[INFO DRT-0028]   Complete V9.
[INFO DRT-0028]   Complete Pad.
[INFO DRT-0178] Init guide query.
[INFO DRT-0035]   Complete Active (guide).
[INFO DRT-0035]   Complete V0 (guide).
[INFO DRT-0035]   Complete M1 (guide).
[INFO DRT-0035]   Complete V1 (guide).
[INFO DRT-0035]   Complete M2 (guide).
[INFO DRT-0035]   Complete V2 (guide).
[INFO DRT-0035]   Complete M3 (guide).
[INFO DRT-0035]   Complete V3 (guide).
[INFO DRT-0035]   Complete M4 (guide).
[INFO DRT-0035]   Complete V4 (guide).
[INFO DRT-0035]   Complete M5 (guide).
[INFO DRT-0035]   Complete V5 (guide).
[INFO DRT-0035]   Complete M6 (guide).
[INFO DRT-0035]   Complete V6 (guide).
[INFO DRT-0035]   Complete M7 (guide).
[INFO DRT-0035]   Complete V7 (guide).
[INFO DRT-0035]   Complete M8 (guide).
[INFO DRT-0035]   Complete V8 (guide).
[INFO DRT-0035]   Complete M9 (guide).
[INFO DRT-0035]   Complete V9 (guide).
[INFO DRT-0035]   Complete Pad (guide).
[INFO DRT-0036] Active guide region query size = 0.
[INFO DRT-0036] V0 guide region query size = 0.
[INFO DRT-0036] M1 guide region query size = 738.
[INFO DRT-0036] V1 guide region query size = 0.
[INFO DRT-0036] M2 guide region query size = 632.
[INFO DRT-0036] V2 guide region query size = 0.
[INFO DRT-0036] M3 guide region query size = 322.
[INFO DRT-0036] V3 guide region query size = 0.
[INFO DRT-0036] M4 guide region query size = 83.
[INFO DRT-0036] V4 guide region query size = 0.
[INFO DRT-0036] M5 guide region query size = 42.
[INFO DRT-0036] V5 guide region query size = 0.
[INFO DRT-0036] M6 guide region query size = 0.
[INFO DRT-0036] V6 guide region query size = 0.
[INFO DRT-0036] M7 guide region query size = 0.
[INFO DRT-0036] V7 guide region query size = 0.
[INFO DRT-0036] M8 guide region query size = 0.
[INFO DRT-0036] V8 guide region query size = 0.
[INFO DRT-0036] M9 guide region query size = 0.
[INFO DRT-0036] V9 guide region query size = 0.
[INFO DRT-0036] Pad guide region query size = 0.
[INFO DRT-0179] Init gr pin query.
[INFO DRT-0267] cpu time = 00:00:00, elapsed time = 00:00:00, memory = 267.03 (MB), peak = 267.03 (MB)
[INFO DRT-0245] skipped writing guide updates to database.
[INFO DRT-0185] Post process initialize RPin region query.
[INFO DRT-0181] Start track assignment.
[INFO DRT-0184] Done with 1102 vertical wires in 1 frboxes and 715 horizontal wires in 1 frboxes.
[INFO DRT-0186] Done with 59 vertical wires in 1 frboxes and 102 horizontal wires in 1 frboxes.
[INFO DRT-0182] Complete track assignment.
[INFO DRT-0267] cpu time = 00:00:00, elapsed time = 00:00:00, memory = 274.28 (MB), peak = 274.28 (MB)
[INFO DRT-0187] Start routing data preparation.
[INFO DRT-0267] cpu time = 00:00:00, elapsed time = 00:00:00, memory = 274.53 (MB), peak = 274.53 (MB)
[INFO DRT-0194] Start detail routing.
[INFO DRT-0195] Start 0th optimization iteration.
    Completing 10% with 0 violations.
    elapsed time = 00:00:00, memory = 547.66 (MB).
    Completing 20% with 0 violations.
    elapsed time = 00:00:00, memory = 477.16 (MB).
    Completing 30% with 0 violations.
    elapsed time = 00:00:00, memory = 404.39 (MB).
    Completing 40% with 0 violations.
    elapsed time = 00:00:00, memory = 329.93 (MB).
    Completing 50% with 1 violations.
    elapsed time = 00:00:00, memory = 478.25 (MB).
    Completing 60% with 1 violations.
    elapsed time = 00:00:01, memory = 369.24 (MB).
    Completing 70% with 3 violations.
    elapsed time = 00:00:01, memory = 501.19 (MB).
    Completing 80% with 3 violations.
    elapsed time = 00:00:01, memory = 392.65 (MB).
    Completing 100% with 22 violations.
    elapsed time = 00:00:03, memory = 405.41 (MB).
[INFO DRT-0199]   Number of violations = 22.
Viol/Layer          M1     M2     M3
EOL                  0      3      0
Metal Spacing        5      1      1
Short                1      2      0
eolKeepOut           0      9      0
[INFO DRT-0267] cpu time = 00:00:08, elapsed time = 00:00:03, memory = 917.34 (MB), peak = 959.16 (MB)
Total wire length = 569 um.
Total wire length on LAYER M1 = 0 um.
Total wire length on LAYER M2 = 197 um.
Total wire length on LAYER M3 = 261 um.
Total wire length on LAYER M4 = 80 um.
Total wire length on LAYER M5 = 29 um.
Total wire length on LAYER M6 = 0 um.
Total wire length on LAYER M7 = 0 um.
Total wire length on LAYER M8 = 0 um.
Total wire length on LAYER M9 = 0 um.
Total wire length on LAYER Pad = 0 um.
Total number of vias = 2341.
Up-via summary (total 2341):

---------------
 Active       0
     M1     936
     M2    1219
     M3     145
     M4      41
     M5       0
     M6       0
     M7       0
     M8       0
     M9       0
---------------
       2341


[INFO DRT-0195] Start 1st optimization iteration.
    Completing 10% with 22 violations.
    elapsed time = 00:00:00, memory = 1173.07 (MB).
    Completing 20% with 22 violations.
    elapsed time = 00:00:00, memory = 995.87 (MB).
    Completing 30% with 25 violations.
    elapsed time = 00:00:01, memory = 1309.82 (MB).
    Completing 40% with 25 violations.
    elapsed time = 00:00:01, memory = 1175.97 (MB).
    Completing 50% with 25 violations.
    elapsed time = 00:00:01, memory = 1056.15 (MB).
    Completing 60% with 14 violations.
    elapsed time = 00:00:02, memory = 1294.76 (MB).
    Completing 70% with 14 violations.
    elapsed time = 00:00:02, memory = 1092.95 (MB).
    Completing 80% with 12 violations.
    elapsed time = 00:00:02, memory = 1385.39 (MB).
    Completing 90% with 12 violations.
    elapsed time = 00:00:03, memory = 1266.46 (MB).
    Completing 100% with 8 violations.
    elapsed time = 00:00:03, memory = 1130.63 (MB).
[INFO DRT-0199]   Number of violations = 8.
Viol/Layer          M2
EOL                  2
eolKeepOut           6
[INFO DRT-0267] cpu time = 00:00:10, elapsed time = 00:00:04, memory = 1173.63 (MB), peak = 1418.20 (MB)
Total wire length = 565 um.
Total wire length on LAYER M1 = 0 um.
Total wire length on LAYER M2 = 195 um.
Total wire length on LAYER M3 = 266 um.
Total wire length on LAYER M4 = 75 um.
Total wire length on LAYER M5 = 27 um.
Total wire length on LAYER M6 = 0 um.
Total wire length on LAYER M7 = 0 um.
Total wire length on LAYER M8 = 0 um.
Total wire length on LAYER M9 = 0 um.
Total wire length on LAYER Pad = 0 um.
Total number of vias = 2282.
Up-via summary (total 2282):

---------------
 Active       0
     M1     935
     M2    1181
     M3     125
     M4      41
     M5       0
     M6       0
     M7       0
     M8       0
     M9       0
---------------
       2282


[INFO DRT-0195] Start 2nd optimization iteration.
    Completing 10% with 8 violations.
    elapsed time = 00:00:00, memory = 1173.63 (MB).
    Completing 20% with 8 violations.
    elapsed time = 00:00:01, memory = 1188.74 (MB).
    Completing 30% with 0 violations.
    elapsed time = 00:00:01, memory = 1188.74 (MB).
    Completing 40% with 0 violations.
    elapsed time = 00:00:01, memory = 1188.74 (MB).
    Completing 50% with 0 violations.
    elapsed time = 00:00:01, memory = 1188.74 (MB).
    Completing 60% with 0 violations.
    elapsed time = 00:00:01, memory = 1188.74 (MB).
    Completing 70% with 0 violations.
    elapsed time = 00:00:01, memory = 1188.74 (MB).
    Completing 80% with 0 violations.
    elapsed time = 00:00:01, memory = 1188.74 (MB).
    Completing 90% with 0 violations.
    elapsed time = 00:00:01, memory = 1188.74 (MB).
    Completing 100% with 0 violations.
    elapsed time = 00:00:01, memory = 1188.74 (MB).
[INFO DRT-0199]   Number of violations = 0.
[INFO DRT-0267] cpu time = 00:00:03, elapsed time = 00:00:01, memory = 1188.74 (MB), peak = 1418.20 (MB)
Total wire length = 564 um.
Total wire length on LAYER M1 = 0 um.
Total wire length on LAYER M2 = 191 um.
Total wire length on LAYER M3 = 266 um.
Total wire length on LAYER M4 = 78 um.
Total wire length on LAYER M5 = 27 um.
Total wire length on LAYER M6 = 0 um.
Total wire length on LAYER M7 = 0 um.
Total wire length on LAYER M8 = 0 um.
Total wire length on LAYER M9 = 0 um.
Total wire length on LAYER Pad = 0 um.
Total number of vias = 2269.
Up-via summary (total 2269):

---------------
 Active       0
     M1     935
     M2    1167
     M3     126
     M4      41
     M5       0
     M6       0
     M7       0
     M8       0
     M9       0
---------------
       2269


[INFO DRT-0198] Complete detail routing.
Total wire length = 564 um.
Total wire length on LAYER M1 = 0 um.
Total wire length on LAYER M2 = 191 um.
Total wire length on LAYER M3 = 266 um.
Total wire length on LAYER M4 = 78 um.
Total wire length on LAYER M5 = 27 um.
Total wire length on LAYER M6 = 0 um.
Total wire length on LAYER M7 = 0 um.
Total wire length on LAYER M8 = 0 um.
Total wire length on LAYER M9 = 0 um.
Total wire length on LAYER Pad = 0 um.
Total number of vias = 2269.
Up-via summary (total 2269):

---------------
 Active       0
     M1     935
     M2    1167
     M3     126
     M4      41
     M5       0
     M6       0
     M7       0
     M8       0
     M9       0
---------------
       2269


[INFO DRT-0267] cpu time = 00:00:22, elapsed time = 00:00:08, memory = 1188.74 (MB), peak = 1418.20 (MB)

[INFO DRT-0180] Post processing.
Took 10 seconds: detailed_route -output_drc ./reports/asap7/tritone/baseline/5_route_drc.rpt -output_maze ./results/asap7/tritone/baseline/maze.log -droute_end_iter 64 -verbose 1 -drc_report_iter_step 5
[WARNING GRT-0246] No diode with LEF class CORE ANTENNACELL found.
[INFO ANT-0002] Found 0 net violations.
[INFO ANT-0001] Found 0 pin violations.
[INFO ANT-0002] Found 0 net violations.
[INFO ANT-0001] Found 0 pin violations.
Report metrics stage 5, detailed route...

==========================================================================
detailed route report_design_area
--------------------------------------------------------------------------
Design area 38 um^2 59% utilization.
Elapsed time: 0:11.41[h:]min:sec. CPU time: user 38.65 sys 2.26 (358%). Peak memory: 1452232KB.
Log                        Elapsed/s Peak Memory/MB  sha1sum .odb [0:20)
5_2_route                         11           1418 4324da96a730d5abf8a3
