
==========================================================================
floorplan final report_tns
--------------------------------------------------------------------------
tns max 0.00

==========================================================================
floorplan final report_wns
--------------------------------------------------------------------------
wns max 0.00

==========================================================================
floorplan final report_worst_slack
--------------------------------------------------------------------------
worst slack max 0.71

==========================================================================
floorplan final report_clock_min_period
--------------------------------------------------------------------------
core_clock period_min = 2.62 fmax = 381.91

==========================================================================
floorplan final report_checks -path_delay min
--------------------------------------------------------------------------
Startpoint: u_cpu.id_ex_valid_a$_DFF_PN0_
            (rising edge-triggered flip-flop clocked by core_clock)
Endpoint: u_cpu.valid_out_a$_DFF_PN0_
          (rising edge-triggered flip-flop clocked by core_clock)
Path Group: core_clock
Path Type: min

Fanout     Cap    Slew   Delay    Time   Description
-----------------------------------------------------------------------------
                  0.00    0.00    0.00   clock core_clock (rise edge)
                          0.00    0.00   clock network delay (ideal)
                  0.00    0.00    0.00 ^ u_cpu.id_ex_valid_a$_DFF_PN0_/CLK (sky130_fd_sc_hd__dfrtp_1)
     1    0.00    0.04    0.29    0.29 ^ u_cpu.id_ex_valid_a$_DFF_PN0_/Q (sky130_fd_sc_hd__dfrtp_1)
                                         u_cpu.ex_wb_reg_write_a (net)
                  0.04    0.00    0.29 ^ u_cpu.valid_out_a$_DFF_PN0_/D (sky130_fd_sc_hd__dfrtp_1)
                                  0.29   data arrival time

                  0.00    0.00    0.00   clock core_clock (rise edge)
                          0.00    0.00   clock network delay (ideal)
                          0.00    0.00   clock reconvergence pessimism
                                  0.00 ^ u_cpu.valid_out_a$_DFF_PN0_/CLK (sky130_fd_sc_hd__dfrtp_1)
                         -0.04   -0.04   library hold time
                                 -0.04   data required time
-----------------------------------------------------------------------------
                                 -0.04   data required time
                                 -0.29   data arrival time
-----------------------------------------------------------------------------
                                  0.33   slack (MET)



==========================================================================
floorplan final report_checks -path_delay max
--------------------------------------------------------------------------
Startpoint: u_cpu.imem_addr[2]$_DFF_PN0_
            (rising edge-triggered flip-flop clocked by core_clock)
Endpoint: u_cpu.imem_addr[14]$_DFF_PN0_
          (rising edge-triggered flip-flop clocked by core_clock)
Path Group: core_clock
Path Type: max

Fanout     Cap    Slew   Delay    Time   Description
-----------------------------------------------------------------------------
                  0.00    0.00    0.00   clock core_clock (rise edge)
                          0.00    0.00   clock network delay (ideal)
                  0.00    0.00    0.00 ^ u_cpu.imem_addr[2]$_DFF_PN0_/CLK (sky130_fd_sc_hd__dfrtp_1)
     4    0.01    0.06    0.37    0.37 v u_cpu.imem_addr[2]$_DFF_PN0_/Q (sky130_fd_sc_hd__dfrtp_1)
                                         pc_out[2] (net)
                  0.06    0.00    0.37 v _415_/A (sky130_fd_sc_hd__ha_1)
     3    0.01    0.07    0.23    0.60 v _415_/COUT (sky130_fd_sc_hd__ha_1)
                                         _001_ (net)
                  0.07    0.00    0.60 v _253_/A (sky130_fd_sc_hd__inv_1)
     2    0.01    0.06    0.08    0.68 ^ _253_/Y (sky130_fd_sc_hd__inv_1)
                                         _005_ (net)
                  0.06    0.00    0.68 ^ _412_/A (sky130_fd_sc_hd__ha_1)
     2    0.00    0.06    0.15    0.82 ^ _412_/COUT (sky130_fd_sc_hd__ha_1)
                                         _062_ (net)
                  0.06    0.00    0.82 ^ _245_/B (sky130_fd_sc_hd__nand3_1)
     6    0.02    0.21    0.19    1.02 v _245_/Y (sky130_fd_sc_hd__nand3_1)
                                         _016_ (net)
                  0.21    0.00    1.02 v _300_/A1 (sky130_fd_sc_hd__o211ai_1)
     1    0.00    0.15    0.23    1.25 ^ _300_/Y (sky130_fd_sc_hd__o211ai_1)
                                         _129_ (net)
                  0.15    0.00    1.25 ^ _438_/B (sky130_fd_sc_hd__ha_1)
     1    0.00    0.05    0.25    1.49 v _438_/SUM (sky130_fd_sc_hd__ha_1)
                                         _130_ (net)
                  0.05    0.00    1.49 v _301_/A (sky130_fd_sc_hd__inv_1)
     1    0.00    0.04    0.05    1.54 ^ _301_/Y (sky130_fd_sc_hd__inv_1)
                                         _131_ (net)
                  0.04    0.00    1.54 ^ _439_/B (sky130_fd_sc_hd__ha_1)
     1    0.00    0.05    0.12    1.66 ^ _439_/COUT (sky130_fd_sc_hd__ha_1)
                                         _052_ (net)
                  0.05    0.00    1.66 ^ _305_/A (sky130_fd_sc_hd__inv_1)
     1    0.00    0.03    0.04    1.71 v _305_/Y (sky130_fd_sc_hd__inv_1)
                                         _049_ (net)
                  0.03    0.00    1.71 v _406_/CIN (sky130_fd_sc_hd__fa_1)
     2    0.00    0.07    0.48    2.19 ^ _406_/SUM (sky130_fd_sc_hd__fa_1)
                                         _051_ (net)
                  0.07    0.00    2.19 ^ _332_/A (sky130_fd_sc_hd__inv_1)
     2    0.00    0.03    0.04    2.23 v _332_/Y (sky130_fd_sc_hd__inv_1)
                                         _164_ (net)
                  0.03    0.00    2.23 v _333_/C (sky130_fd_sc_hd__and3_1)
     1    0.00    0.04    0.16    2.40 v _333_/X (sky130_fd_sc_hd__and3_1)
                                         _165_ (net)
                  0.04    0.00    2.40 v _337_/A1 (sky130_fd_sc_hd__o22ai_1)
     1    0.00    0.12    0.14    2.54 ^ _337_/Y (sky130_fd_sc_hd__o22ai_1)
                                         u_cpu.next_pc[14] (net)
                  0.12    0.00    2.54 ^ u_cpu.imem_addr[14]$_DFF_PN0_/D (sky130_fd_sc_hd__dfrtp_1)
                                  2.54   data arrival time

                  0.00    3.33    3.33   clock core_clock (rise edge)
                          0.00    3.33   clock network delay (ideal)
                          0.00    3.33   clock reconvergence pessimism
                                  3.33 ^ u_cpu.imem_addr[14]$_DFF_PN0_/CLK (sky130_fd_sc_hd__dfrtp_1)
                         -0.08    3.25   library setup time
                                  3.25   data required time
-----------------------------------------------------------------------------
                                  3.25   data required time
                                 -2.54   data arrival time
-----------------------------------------------------------------------------
                                  0.71   slack (MET)



==========================================================================
floorplan final report_checks -unconstrained
--------------------------------------------------------------------------
Startpoint: u_cpu.imem_addr[2]$_DFF_PN0_
            (rising edge-triggered flip-flop clocked by core_clock)
Endpoint: u_cpu.imem_addr[14]$_DFF_PN0_
          (rising edge-triggered flip-flop clocked by core_clock)
Path Group: core_clock
Path Type: max

Fanout     Cap    Slew   Delay    Time   Description
-----------------------------------------------------------------------------
                  0.00    0.00    0.00   clock core_clock (rise edge)
                          0.00    0.00   clock network delay (ideal)
                  0.00    0.00    0.00 ^ u_cpu.imem_addr[2]$_DFF_PN0_/CLK (sky130_fd_sc_hd__dfrtp_1)
     4    0.01    0.06    0.37    0.37 v u_cpu.imem_addr[2]$_DFF_PN0_/Q (sky130_fd_sc_hd__dfrtp_1)
                                         pc_out[2] (net)
                  0.06    0.00    0.37 v _415_/A (sky130_fd_sc_hd__ha_1)
     3    0.01    0.07    0.23    0.60 v _415_/COUT (sky130_fd_sc_hd__ha_1)
                                         _001_ (net)
                  0.07    0.00    0.60 v _253_/A (sky130_fd_sc_hd__inv_1)
     2    0.01    0.06    0.08    0.68 ^ _253_/Y (sky130_fd_sc_hd__inv_1)
                                         _005_ (net)
                  0.06    0.00    0.68 ^ _412_/A (sky130_fd_sc_hd__ha_1)
     2    0.00    0.06    0.15    0.82 ^ _412_/COUT (sky130_fd_sc_hd__ha_1)
                                         _062_ (net)
                  0.06    0.00    0.82 ^ _245_/B (sky130_fd_sc_hd__nand3_1)
     6    0.02    0.21    0.19    1.02 v _245_/Y (sky130_fd_sc_hd__nand3_1)
                                         _016_ (net)
                  0.21    0.00    1.02 v _300_/A1 (sky130_fd_sc_hd__o211ai_1)
     1    0.00    0.15    0.23    1.25 ^ _300_/Y (sky130_fd_sc_hd__o211ai_1)
                                         _129_ (net)
                  0.15    0.00    1.25 ^ _438_/B (sky130_fd_sc_hd__ha_1)
     1    0.00    0.05    0.25    1.49 v _438_/SUM (sky130_fd_sc_hd__ha_1)
                                         _130_ (net)
                  0.05    0.00    1.49 v _301_/A (sky130_fd_sc_hd__inv_1)
     1    0.00    0.04    0.05    1.54 ^ _301_/Y (sky130_fd_sc_hd__inv_1)
                                         _131_ (net)
                  0.04    0.00    1.54 ^ _439_/B (sky130_fd_sc_hd__ha_1)
     1    0.00    0.05    0.12    1.66 ^ _439_/COUT (sky130_fd_sc_hd__ha_1)
                                         _052_ (net)
                  0.05    0.00    1.66 ^ _305_/A (sky130_fd_sc_hd__inv_1)
     1    0.00    0.03    0.04    1.71 v _305_/Y (sky130_fd_sc_hd__inv_1)
                                         _049_ (net)
                  0.03    0.00    1.71 v _406_/CIN (sky130_fd_sc_hd__fa_1)
     2    0.00    0.07    0.48    2.19 ^ _406_/SUM (sky130_fd_sc_hd__fa_1)
                                         _051_ (net)
                  0.07    0.00    2.19 ^ _332_/A (sky130_fd_sc_hd__inv_1)
     2    0.00    0.03    0.04    2.23 v _332_/Y (sky130_fd_sc_hd__inv_1)
                                         _164_ (net)
                  0.03    0.00    2.23 v _333_/C (sky130_fd_sc_hd__and3_1)
     1    0.00    0.04    0.16    2.40 v _333_/X (sky130_fd_sc_hd__and3_1)
                                         _165_ (net)
                  0.04    0.00    2.40 v _337_/A1 (sky130_fd_sc_hd__o22ai_1)
     1    0.00    0.12    0.14    2.54 ^ _337_/Y (sky130_fd_sc_hd__o22ai_1)
                                         u_cpu.next_pc[14] (net)
                  0.12    0.00    2.54 ^ u_cpu.imem_addr[14]$_DFF_PN0_/D (sky130_fd_sc_hd__dfrtp_1)
                                  2.54   data arrival time

                  0.00    3.33    3.33   clock core_clock (rise edge)
                          0.00    3.33   clock network delay (ideal)
                          0.00    3.33   clock reconvergence pessimism
                                  3.33 ^ u_cpu.imem_addr[14]$_DFF_PN0_/CLK (sky130_fd_sc_hd__dfrtp_1)
                         -0.08    3.25   library setup time
                                  3.25   data required time
-----------------------------------------------------------------------------
                                  3.25   data required time
                                 -2.54   data arrival time
-----------------------------------------------------------------------------
                                  0.71   slack (MET)



==========================================================================
floorplan final report_power
--------------------------------------------------------------------------
Group                  Internal  Switching    Leakage      Total
                          Power      Power      Power      Power (Watts)
----------------------------------------------------------------
Sequential             2.35e-04   0.00e+00   2.28e-10   2.35e-04  94.8%
Combinational          0.00e+00   1.29e-05   1.44e-09   1.29e-05   5.2%
Clock                  0.00e+00   0.00e+00   0.00e+00   0.00e+00   0.0%
Macro                  0.00e+00   0.00e+00   0.00e+00   0.00e+00   0.0%
Pad                    0.00e+00   0.00e+00   0.00e+00   0.00e+00   0.0%
----------------------------------------------------------------
Total                  2.35e-04   1.29e-05   1.67e-09   2.48e-04 100.0%
                          94.8%       5.2%       0.0%
