OpenROAD 24Q3-11661-g86b9236cdd 
Features included (+) or not (-): +GPU +GUI +Python
This program is licensed under the BSD-3 license. See the LICENSE file for details.
Components of this program may be licensed under more restrictive licenses which must be honored.
[INFO ORD-0030] Using 32 thread(s).
read_liberty /OpenROAD-flow-scripts/flow/platforms/sky130hd/lib/sky130_fd_sc_hd__tt_025C_1v80.lib
read_db ./results/sky130hd/ternary_cpu_system/base/3_4_place_resized.odb
Placement Analysis
---------------------------------
total displacement        623.4 u
average displacement        1.6 u
max displacement            4.8 u
original HPWL            2701.3 u
legalized HPWL           3345.5 u
delta HPWL                   24 %

Detailed placement improvement.
[INFO DPL-0401] Setting random seed to 1.
[INFO DPL-0402] Setting maximum displacement 5 1 to 13600 2720 units.
[INFO DPL-0320] Collected 179 fixed cells.
[INFO DPL-0318] Collected 315 single height cells.
[INFO DPL-0321] Collected 0 wide cells.
[INFO DPL-0322] Image (1380, 2720) - (75440, 73440)
[INFO DPL-0310] Assigned 315 cells into segments.  Movement in X-direction is 0.000000, movement in Y-direction is 0.000000.
[INFO DPL-0313] Found 0 cells in wrong regions.
[INFO DPL-0315] Found 0 row alignment problems.
[INFO DPL-0314] Found 0 site alignment problems.
[INFO DPL-0311] Found 0 overlaps between adjacent cells.
[INFO DPL-0312] Found 0 edge spacing violations and 0 padding violations.
[INFO DPL-0303] Running algorithm for independent set matching.
[INFO DPL-0300] Set matching objective is wirelength.
[INFO DPL-0301] Pass   1 of matching; objective is 3.352097e+06.
[INFO DPL-0302] End of matching; objective is 3.344494e+06, improvement is 0.23 percent.
[INFO DPL-0303] Running algorithm for global swaps.
[INFO DPL-0306] Pass   1 of global swaps; hpwl is 3.238198e+06.
[INFO DPL-0306] Pass   2 of global swaps; hpwl is 3.229931e+06.
[INFO DPL-0307] End of global swaps; objective is 3.229931e+06, improvement is 3.43 percent.
[INFO DPL-0303] Running algorithm for vertical swaps.
[INFO DPL-0308] Pass   1 of vertical swaps; hpwl is 3.187998e+06.
[INFO DPL-0308] Pass   2 of vertical swaps; hpwl is 3.173870e+06.
[INFO DPL-0309] End of vertical swaps; objective is 3.173870e+06, improvement is 1.74 percent.
[INFO DPL-0303] Running algorithm for reordering.
[INFO DPL-0304] Pass   1 of reordering; objective is 3.169078e+06.
[INFO DPL-0305] End of reordering; objective is 3.169078e+06, improvement is 0.15 percent.
[INFO DPL-0303] Running algorithm for random improvement.
[INFO DPL-0324] Random improver is using random generator.
[INFO DPL-0325] Random improver is using hpwl objective.
[INFO DPL-0326] Random improver cost string is (a).
[INFO DPL-0332] End of pass, Generator random called 6300 times.
[INFO DPL-0335] Generator random, Cumulative attempts 6300, swaps 961, moves  2085 since last reset.
[INFO DPL-0333] End of pass, Objective hpwl, Initial cost 3.169078e+06, Scratch cost 3.077548e+06, Incremental cost 3.077548e+06, Mismatch? N
[INFO DPL-0338] End of pass, Total cost is 3.077548e+06.
[INFO DPL-0327] Pass   1 of random improver; improvement in cost is 2.89 percent.
[INFO DPL-0332] End of pass, Generator random called 6300 times.
[INFO DPL-0335] Generator random, Cumulative attempts 12600, swaps 1958, moves  4106 since last reset.
[INFO DPL-0333] End of pass, Objective hpwl, Initial cost 3.077548e+06, Scratch cost 3.053223e+06, Incremental cost 3.053223e+06, Mismatch? N
[INFO DPL-0338] End of pass, Total cost is 3.053223e+06.
[INFO DPL-0327] Pass   2 of random improver; improvement in cost is 0.79 percent.
[INFO DPL-0328] End of random improver; improvement is 3.655795 percent.
[INFO DPL-0380] Cell flipping.
[INFO DPL-0382] Changed 0 cell orientations for row compatibility.
[INFO DPL-0383] Performed 100 cell flips.
[INFO DPL-0384] End of flipping; objective is 2.941324e+06, improvement is 3.66 percent.
[INFO DPL-0313] Found 0 cells in wrong regions.
[INFO DPL-0315] Found 0 row alignment problems.
[INFO DPL-0314] Found 0 site alignment problems.
[INFO DPL-0311] Found 0 overlaps between adjacent cells.
[INFO DPL-0312] Found 0 edge spacing violations and 0 padding violations.
Detailed Improvement Results
------------------------------------------
Original HPWL             3345.5 u (    1590.1,     1755.4)
Final HPWL                2933.9 u (    1386.4,     1547.5)
Delta HPWL                 -12.3 % (     -12.8,      -11.8)

[INFO DPL-0020] Mirrored 25 instances
[INFO DPL-0021] HPWL before            2933.9 u
[INFO DPL-0022] HPWL after             2927.9 u
[INFO DPL-0023] HPWL delta               -0.2 %
[INFO FLW-0012] Placement violations .
Report metrics stage 3, detailed place...

==========================================================================
detailed place report_design_area
--------------------------------------------------------------------------
Design area 2549 um^2 49% utilization.
Elapsed time: 0:00.40[h:]min:sec. CPU time: user 0.35 sys 0.06 (105%). Peak memory: 115484KB.
Log                        Elapsed/s Peak Memory/MB  sha1sum .odb [0:20)
3_5_place_dp                       0            112 e7fd3d207fcf6df14805
