
==========================================================================
resizer report_tns
--------------------------------------------------------------------------
tns max 0.00

==========================================================================
resizer report_wns
--------------------------------------------------------------------------
wns max 0.00

==========================================================================
resizer report_worst_slack
--------------------------------------------------------------------------
worst slack max 0.50

==========================================================================
resizer report_clock_min_period
--------------------------------------------------------------------------
core_clock period_min = 2.83 fmax = 353.42

==========================================================================
resizer report_checks -path_delay min
--------------------------------------------------------------------------
Startpoint: u_cpu.id_ex_valid_a$_DFF_PN0_
            (rising edge-triggered flip-flop clocked by core_clock)
Endpoint: u_cpu.valid_out_a$_DFF_PN0_
          (rising edge-triggered flip-flop clocked by core_clock)
Path Group: core_clock
Path Type: min

Fanout     Cap    Slew   Delay    Time   Description
-----------------------------------------------------------------------------
                  0.00    0.00    0.00   clock core_clock (rise edge)
                          0.00    0.00   clock network delay (ideal)
                  0.00    0.00    0.00 ^ u_cpu.id_ex_valid_a$_DFF_PN0_/CLK (sky130_fd_sc_hd__dfrtp_1)
     1    0.00    0.04    0.29    0.29 ^ u_cpu.id_ex_valid_a$_DFF_PN0_/Q (sky130_fd_sc_hd__dfrtp_1)
                                         u_cpu.ex_wb_reg_write_a (net)
                  0.04    0.00    0.29 ^ u_cpu.valid_out_a$_DFF_PN0_/D (sky130_fd_sc_hd__dfrtp_1)
                                  0.29   data arrival time

                  0.00    0.00    0.00   clock core_clock (rise edge)
                          0.00    0.00   clock network delay (ideal)
                          0.00    0.00   clock reconvergence pessimism
                                  0.00 ^ u_cpu.valid_out_a$_DFF_PN0_/CLK (sky130_fd_sc_hd__dfrtp_1)
                         -0.04   -0.04   library hold time
                                 -0.04   data required time
-----------------------------------------------------------------------------
                                 -0.04   data required time
                                 -0.29   data arrival time
-----------------------------------------------------------------------------
                                  0.34   slack (MET)



==========================================================================
resizer report_checks -path_delay max
--------------------------------------------------------------------------
Startpoint: u_cpu.imem_addr[0]$_DFF_PN0_
            (rising edge-triggered flip-flop clocked by core_clock)
Endpoint: u_cpu.imem_addr[14]$_DFF_PN0_
          (rising edge-triggered flip-flop clocked by core_clock)
Path Group: core_clock
Path Type: max

Fanout     Cap    Slew   Delay    Time   Description
-----------------------------------------------------------------------------
                  0.00    0.00    0.00   clock core_clock (rise edge)
                          0.00    0.00   clock network delay (ideal)
                  0.00    0.00    0.00 ^ u_cpu.imem_addr[0]$_DFF_PN0_/CLK (sky130_fd_sc_hd__dfrtp_1)
     4    0.01    0.09    0.40    0.40 v u_cpu.imem_addr[0]$_DFF_PN0_/Q (sky130_fd_sc_hd__dfrtp_1)
                                         net77 (net)
                  0.09    0.00    0.40 v _252_/A (sky130_fd_sc_hd__inv_1)
     2    0.01    0.07    0.09    0.49 ^ _252_/Y (sky130_fd_sc_hd__inv_1)
                                         _053_ (net)
                  0.07    0.00    0.49 ^ _408_/A (sky130_fd_sc_hd__ha_1)
     4    0.02    0.17    0.24    0.72 ^ _408_/COUT (sky130_fd_sc_hd__ha_1)
                                         _002_ (net)
                  0.17    0.00    0.72 ^ _412_/B (sky130_fd_sc_hd__ha_1)
     2    0.00    0.07    0.19    0.91 ^ _412_/COUT (sky130_fd_sc_hd__ha_1)
                                         _062_ (net)
                  0.07    0.00    0.91 ^ _245_/B (sky130_fd_sc_hd__nand3_1)
     6    0.03    0.28    0.25    1.16 v _245_/Y (sky130_fd_sc_hd__nand3_1)
                                         _016_ (net)
                  0.28    0.00    1.16 v _300_/A1 (sky130_fd_sc_hd__o211ai_1)
     1    0.00    0.16    0.27    1.42 ^ _300_/Y (sky130_fd_sc_hd__o211ai_1)
                                         _129_ (net)
                  0.16    0.00    1.42 ^ _438_/B (sky130_fd_sc_hd__ha_1)
     1    0.00    0.05    0.25    1.68 v _438_/SUM (sky130_fd_sc_hd__ha_1)
                                         _130_ (net)
                  0.05    0.00    1.68 v _301_/A (sky130_fd_sc_hd__inv_1)
     1    0.00    0.04    0.05    1.73 ^ _301_/Y (sky130_fd_sc_hd__inv_1)
                                         _131_ (net)
                  0.04    0.00    1.73 ^ _439_/B (sky130_fd_sc_hd__ha_1)
     1    0.00    0.04    0.12    1.86 ^ _439_/COUT (sky130_fd_sc_hd__ha_1)
                                         _052_ (net)
                  0.04    0.00    1.86 ^ _305_/A (sky130_fd_sc_hd__inv_1)
     1    0.00    0.03    0.04    1.90 v _305_/Y (sky130_fd_sc_hd__inv_1)
                                         _049_ (net)
                  0.03    0.00    1.90 v _406_/CIN (sky130_fd_sc_hd__fa_1)
     2    0.01    0.08    0.49    2.39 ^ _406_/SUM (sky130_fd_sc_hd__fa_1)
                                         _051_ (net)
                  0.08    0.00    2.39 ^ _332_/A (sky130_fd_sc_hd__inv_1)
     2    0.00    0.03    0.05    2.43 v _332_/Y (sky130_fd_sc_hd__inv_1)
                                         _164_ (net)
                  0.03    0.00    2.43 v _333_/C (sky130_fd_sc_hd__and3_1)
     1    0.00    0.04    0.16    2.60 v _333_/X (sky130_fd_sc_hd__and3_1)
                                         _165_ (net)
                  0.04    0.00    2.60 v _337_/A1 (sky130_fd_sc_hd__o22ai_1)
     1    0.00    0.12    0.15    2.75 ^ _337_/Y (sky130_fd_sc_hd__o22ai_1)
                                         u_cpu.next_pc[14] (net)
                  0.12    0.00    2.75 ^ u_cpu.imem_addr[14]$_DFF_PN0_/D (sky130_fd_sc_hd__dfrtp_1)
                                  2.75   data arrival time

                  0.00    3.33    3.33   clock core_clock (rise edge)
                          0.00    3.33   clock network delay (ideal)
                          0.00    3.33   clock reconvergence pessimism
                                  3.33 ^ u_cpu.imem_addr[14]$_DFF_PN0_/CLK (sky130_fd_sc_hd__dfrtp_1)
                         -0.08    3.25   library setup time
                                  3.25   data required time
-----------------------------------------------------------------------------
                                  3.25   data required time
                                 -2.75   data arrival time
-----------------------------------------------------------------------------
                                  0.50   slack (MET)



==========================================================================
resizer report_checks -unconstrained
--------------------------------------------------------------------------
Startpoint: u_cpu.imem_addr[0]$_DFF_PN0_
            (rising edge-triggered flip-flop clocked by core_clock)
Endpoint: u_cpu.imem_addr[14]$_DFF_PN0_
          (rising edge-triggered flip-flop clocked by core_clock)
Path Group: core_clock
Path Type: max

Fanout     Cap    Slew   Delay    Time   Description
-----------------------------------------------------------------------------
                  0.00    0.00    0.00   clock core_clock (rise edge)
                          0.00    0.00   clock network delay (ideal)
                  0.00    0.00    0.00 ^ u_cpu.imem_addr[0]$_DFF_PN0_/CLK (sky130_fd_sc_hd__dfrtp_1)
     4    0.01    0.09    0.40    0.40 v u_cpu.imem_addr[0]$_DFF_PN0_/Q (sky130_fd_sc_hd__dfrtp_1)
                                         net77 (net)
                  0.09    0.00    0.40 v _252_/A (sky130_fd_sc_hd__inv_1)
     2    0.01    0.07    0.09    0.49 ^ _252_/Y (sky130_fd_sc_hd__inv_1)
                                         _053_ (net)
                  0.07    0.00    0.49 ^ _408_/A (sky130_fd_sc_hd__ha_1)
     4    0.02    0.17    0.24    0.72 ^ _408_/COUT (sky130_fd_sc_hd__ha_1)
                                         _002_ (net)
                  0.17    0.00    0.72 ^ _412_/B (sky130_fd_sc_hd__ha_1)
     2    0.00    0.07    0.19    0.91 ^ _412_/COUT (sky130_fd_sc_hd__ha_1)
                                         _062_ (net)
                  0.07    0.00    0.91 ^ _245_/B (sky130_fd_sc_hd__nand3_1)
     6    0.03    0.28    0.25    1.16 v _245_/Y (sky130_fd_sc_hd__nand3_1)
                                         _016_ (net)
                  0.28    0.00    1.16 v _300_/A1 (sky130_fd_sc_hd__o211ai_1)
     1    0.00    0.16    0.27    1.42 ^ _300_/Y (sky130_fd_sc_hd__o211ai_1)
                                         _129_ (net)
                  0.16    0.00    1.42 ^ _438_/B (sky130_fd_sc_hd__ha_1)
     1    0.00    0.05    0.25    1.68 v _438_/SUM (sky130_fd_sc_hd__ha_1)
                                         _130_ (net)
                  0.05    0.00    1.68 v _301_/A (sky130_fd_sc_hd__inv_1)
     1    0.00    0.04    0.05    1.73 ^ _301_/Y (sky130_fd_sc_hd__inv_1)
                                         _131_ (net)
                  0.04    0.00    1.73 ^ _439_/B (sky130_fd_sc_hd__ha_1)
     1    0.00    0.04    0.12    1.86 ^ _439_/COUT (sky130_fd_sc_hd__ha_1)
                                         _052_ (net)
                  0.04    0.00    1.86 ^ _305_/A (sky130_fd_sc_hd__inv_1)
     1    0.00    0.03    0.04    1.90 v _305_/Y (sky130_fd_sc_hd__inv_1)
                                         _049_ (net)
                  0.03    0.00    1.90 v _406_/CIN (sky130_fd_sc_hd__fa_1)
     2    0.01    0.08    0.49    2.39 ^ _406_/SUM (sky130_fd_sc_hd__fa_1)
                                         _051_ (net)
                  0.08    0.00    2.39 ^ _332_/A (sky130_fd_sc_hd__inv_1)
     2    0.00    0.03    0.05    2.43 v _332_/Y (sky130_fd_sc_hd__inv_1)
                                         _164_ (net)
                  0.03    0.00    2.43 v _333_/C (sky130_fd_sc_hd__and3_1)
     1    0.00    0.04    0.16    2.60 v _333_/X (sky130_fd_sc_hd__and3_1)
                                         _165_ (net)
                  0.04    0.00    2.60 v _337_/A1 (sky130_fd_sc_hd__o22ai_1)
     1    0.00    0.12    0.15    2.75 ^ _337_/Y (sky130_fd_sc_hd__o22ai_1)
                                         u_cpu.next_pc[14] (net)
                  0.12    0.00    2.75 ^ u_cpu.imem_addr[14]$_DFF_PN0_/D (sky130_fd_sc_hd__dfrtp_1)
                                  2.75   data arrival time

                  0.00    3.33    3.33   clock core_clock (rise edge)
                          0.00    3.33   clock network delay (ideal)
                          0.00    3.33   clock reconvergence pessimism
                                  3.33 ^ u_cpu.imem_addr[14]$_DFF_PN0_/CLK (sky130_fd_sc_hd__dfrtp_1)
                         -0.08    3.25   library setup time
                                  3.25   data required time
-----------------------------------------------------------------------------
                                  3.25   data required time
                                 -2.75   data arrival time
-----------------------------------------------------------------------------
                                  0.50   slack (MET)



==========================================================================
resizer report_check_types -max_slew -max_cap -max_fanout -violators
--------------------------------------------------------------------------

==========================================================================
resizer max_slew_check_slack
--------------------------------------------------------------------------
1.0635669231414795

==========================================================================
resizer max_slew_check_limit
--------------------------------------------------------------------------
1.5

==========================================================================
resizer max_slew_check_slack_limit
--------------------------------------------------------------------------
0.7090

==========================================================================
resizer max_fanout_check_slack
--------------------------------------------------------------------------
1.0000000150474662e+30

==========================================================================
resizer max_fanout_check_limit
--------------------------------------------------------------------------
1.0000000150474662e+30

==========================================================================
resizer max_capacitance_check_slack
--------------------------------------------------------------------------
0.042947083711624146

==========================================================================
resizer max_capacitance_check_limit
--------------------------------------------------------------------------
0.04670200124382973

==========================================================================
resizer max_capacitance_check_slack_limit
--------------------------------------------------------------------------
0.9196

==========================================================================
resizer max_slew_violation_count
--------------------------------------------------------------------------
max slew violation count 0

==========================================================================
resizer max_fanout_violation_count
--------------------------------------------------------------------------
max fanout violation count 0

==========================================================================
resizer max_cap_violation_count
--------------------------------------------------------------------------
max cap violation count 0

==========================================================================
resizer setup_violation_count
--------------------------------------------------------------------------
setup violation count 0

==========================================================================
resizer hold_violation_count
--------------------------------------------------------------------------
hold violation count 0

==========================================================================
resizer report_checks -path_delay max reg to reg
--------------------------------------------------------------------------
Startpoint: u_cpu.imem_addr[0]$_DFF_PN0_
            (rising edge-triggered flip-flop clocked by core_clock)
Endpoint: u_cpu.imem_addr[14]$_DFF_PN0_
          (rising edge-triggered flip-flop clocked by core_clock)
Path Group: core_clock
Path Type: max

  Delay    Time   Description
---------------------------------------------------------
   0.00    0.00   clock core_clock (rise edge)
   0.00    0.00   clock network delay (ideal)
   0.00    0.00 ^ u_cpu.imem_addr[0]$_DFF_PN0_/CLK (sky130_fd_sc_hd__dfrtp_1)
   0.40    0.40 v u_cpu.imem_addr[0]$_DFF_PN0_/Q (sky130_fd_sc_hd__dfrtp_1)
   0.09    0.49 ^ _252_/Y (sky130_fd_sc_hd__inv_1)
   0.24    0.72 ^ _408_/COUT (sky130_fd_sc_hd__ha_1)
   0.19    0.91 ^ _412_/COUT (sky130_fd_sc_hd__ha_1)
   0.25    1.16 v _245_/Y (sky130_fd_sc_hd__nand3_1)
   0.27    1.42 ^ _300_/Y (sky130_fd_sc_hd__o211ai_1)
   0.25    1.68 v _438_/SUM (sky130_fd_sc_hd__ha_1)
   0.05    1.73 ^ _301_/Y (sky130_fd_sc_hd__inv_1)
   0.12    1.86 ^ _439_/COUT (sky130_fd_sc_hd__ha_1)
   0.04    1.90 v _305_/Y (sky130_fd_sc_hd__inv_1)
   0.49    2.39 ^ _406_/SUM (sky130_fd_sc_hd__fa_1)
   0.05    2.43 v _332_/Y (sky130_fd_sc_hd__inv_1)
   0.16    2.60 v _333_/X (sky130_fd_sc_hd__and3_1)
   0.15    2.75 ^ _337_/Y (sky130_fd_sc_hd__o22ai_1)
   0.00    2.75 ^ u_cpu.imem_addr[14]$_DFF_PN0_/D (sky130_fd_sc_hd__dfrtp_1)
           2.75   data arrival time

   3.33    3.33   clock core_clock (rise edge)
   0.00    3.33   clock network delay (ideal)
   0.00    3.33   clock reconvergence pessimism
           3.33 ^ u_cpu.imem_addr[14]$_DFF_PN0_/CLK (sky130_fd_sc_hd__dfrtp_1)
  -0.08    3.25   library setup time
           3.25   data required time
---------------------------------------------------------
           3.25   data required time
          -2.75   data arrival time
---------------------------------------------------------
           0.50   slack (MET)



==========================================================================
resizer report_checks -path_delay min reg to reg
--------------------------------------------------------------------------
Startpoint: u_cpu.id_ex_valid_a$_DFF_PN0_
            (rising edge-triggered flip-flop clocked by core_clock)
Endpoint: u_cpu.valid_out_a$_DFF_PN0_
          (rising edge-triggered flip-flop clocked by core_clock)
Path Group: core_clock
Path Type: min

  Delay    Time   Description
---------------------------------------------------------
   0.00    0.00   clock core_clock (rise edge)
   0.00    0.00   clock network delay (ideal)
   0.00    0.00 ^ u_cpu.id_ex_valid_a$_DFF_PN0_/CLK (sky130_fd_sc_hd__dfrtp_1)
   0.29    0.29 ^ u_cpu.id_ex_valid_a$_DFF_PN0_/Q (sky130_fd_sc_hd__dfrtp_1)
   0.00    0.29 ^ u_cpu.valid_out_a$_DFF_PN0_/D (sky130_fd_sc_hd__dfrtp_1)
           0.29   data arrival time

   0.00    0.00   clock core_clock (rise edge)
   0.00    0.00   clock network delay (ideal)
   0.00    0.00   clock reconvergence pessimism
           0.00 ^ u_cpu.valid_out_a$_DFF_PN0_/CLK (sky130_fd_sc_hd__dfrtp_1)
  -0.04   -0.04   library hold time
          -0.04   data required time
---------------------------------------------------------
          -0.04   data required time
          -0.29   data arrival time
---------------------------------------------------------
           0.34   slack (MET)



==========================================================================
resizer critical path target clock latency max path
--------------------------------------------------------------------------
0

==========================================================================
resizer critical path target clock latency min path
--------------------------------------------------------------------------
0

==========================================================================
resizer critical path source clock latency min path
--------------------------------------------------------------------------
0

==========================================================================
resizer critical path delay
--------------------------------------------------------------------------
2.7452

==========================================================================
resizer critical path slack
--------------------------------------------------------------------------
0.5005

==========================================================================
resizer slack div critical path delay
--------------------------------------------------------------------------
18.231823

==========================================================================
resizer report_power
--------------------------------------------------------------------------
Group                  Internal  Switching    Leakage      Total
                          Power      Power      Power      Power (Watts)
----------------------------------------------------------------
Sequential             2.35e-04   0.00e+00   2.28e-10   2.35e-04  97.0%
Combinational          1.80e-06   5.44e-06   1.20e-09   7.24e-06   3.0%
Clock                  0.00e+00   0.00e+00   0.00e+00   0.00e+00   0.0%
Macro                  0.00e+00   0.00e+00   0.00e+00   0.00e+00   0.0%
Pad                    0.00e+00   0.00e+00   0.00e+00   0.00e+00   0.0%
----------------------------------------------------------------
Total                  2.37e-04   5.44e-06   1.43e-09   2.42e-04 100.0%
                          97.8%       2.2%       0.0%
