OpenROAD 24Q3-11661-g86b9236cdd 
Features included (+) or not (-): +GPU +GUI +Python
This program is licensed under the BSD-3 license. See the LICENSE file for details.
Components of this program may be licensed under more restrictive licenses which must be honored.
[INFO ORD-0030] Using 32 thread(s).
read_liberty /OpenROAD-flow-scripts/flow/platforms/sky130hd/lib/sky130_fd_sc_hd__tt_025C_1v80.lib
read_db ./results/sky130hd/ternary_cpu_system/base/4_cts.odb
pin_access
[INFO DRT-0149] Reading tech and libs.
[WARNING DRT-0349] LEF58_ENCLOSURE with no CUTCLASS is not supported. Skipping for layer mcon
[WARNING DRT-0349] LEF58_ENCLOSURE with no CUTCLASS is not supported. Skipping for layer mcon
[WARNING DRT-0349] LEF58_ENCLOSURE with no CUTCLASS is not supported. Skipping for layer via
[WARNING DRT-0349] LEF58_ENCLOSURE with no CUTCLASS is not supported. Skipping for layer via
[WARNING DRT-0349] LEF58_ENCLOSURE with no CUTCLASS is not supported. Skipping for layer via2
[WARNING DRT-0349] LEF58_ENCLOSURE with no CUTCLASS is not supported. Skipping for layer via2
[WARNING DRT-0349] LEF58_ENCLOSURE with no CUTCLASS is not supported. Skipping for layer via3
[WARNING DRT-0349] LEF58_ENCLOSURE with no CUTCLASS is not supported. Skipping for layer via3
[WARNING DRT-0349] LEF58_ENCLOSURE with no CUTCLASS is not supported. Skipping for layer via4
[WARNING DRT-0349] LEF58_ENCLOSURE with no CUTCLASS is not supported. Skipping for layer via4

Units:                1000
Number of layers:     13
Number of macros:     441
Number of vias:       29
Number of viarulegen: 25

[INFO DRT-0150] Reading design.

Design:                   ternary_cpu_system
Die area:                 ( 0 0 ) ( 76550 76550 )
Number of track patterns: 12
Number of DEF vias:       0
Number of components:     389
Number of terminals:      111
Number of snets:          2
Number of nets:           404

[INFO DRT-0167] List of default vias:
  Layer via
    default via: M1M2_PR
  Layer via2
    default via: M2M3_PR
  Layer via3
    default via: M3M4_PR
  Layer via4
    default via: M4M5_PR
[INFO DRT-0162] Library cell analysis.
[INFO DRT-0163] Instance analysis.
[INFO DRT-0164] Number of unique instances = 53.
[INFO DRT-0168] Init region query.
[INFO DRT-0024]   Complete FR_MASTERSLICE.
[INFO DRT-0024]   Complete Fr_VIA.
[INFO DRT-0024]   Complete li1.
[INFO DRT-0024]   Complete mcon.
[INFO DRT-0024]   Complete met1.
[INFO DRT-0024]   Complete via.
[INFO DRT-0024]   Complete met2.
[INFO DRT-0024]   Complete via2.
[INFO DRT-0024]   Complete met3.
[INFO DRT-0024]   Complete via3.
[INFO DRT-0024]   Complete met4.
[INFO DRT-0024]   Complete via4.
[INFO DRT-0024]   Complete met5.
[INFO DRT-0033] FR_MASTERSLICE shape region query size = 0.
[INFO DRT-0033] FR_VIA shape region query size = 0.
[INFO DRT-0033] li1 shape region query size = 7950.
[INFO DRT-0033] mcon shape region query size = 4628.
[INFO DRT-0033] met1 shape region query size = 1500.
[INFO DRT-0033] via shape region query size = 340.
[INFO DRT-0033] met2 shape region query size = 268.
[INFO DRT-0033] via2 shape region query size = 272.
[INFO DRT-0033] met3 shape region query size = 249.
[INFO DRT-0033] via3 shape region query size = 272.
[INFO DRT-0033] met4 shape region query size = 86.
[INFO DRT-0033] via4 shape region query size = 13.
[INFO DRT-0033] met5 shape region query size = 23.
[INFO DRT-0165] Start pin access.
[INFO DRT-0078]   Complete 393 pins.
[INFO DRT-0081]   Complete 53 unique inst patterns.
[INFO DRT-0084]   Complete 211 groups.
#scanned instances     = 389
#unique  instances     = 53
#stdCellGenAp          = 2174
#stdCellValidPlanarAp  = 34
#stdCellValidViaAp     = 1180
#stdCellPinNoAp        = 6
#stdCellPinCnt         = 920
#instTermValidViaApCnt = 0
#macroGenAp            = 0
#macroValidPlanarAp    = 0
#macroValidViaAp       = 0
#macroNoAp             = 0
[INFO DRT-0166] Complete pin access.
[INFO DRT-0267] cpu time = 00:00:33, elapsed time = 00:00:06, memory = 120.41 (MB), peak = 120.41 (MB)
Took 7 seconds: pin_access
global_route -congestion_report_file ./reports/sky130hd/ternary_cpu_system/base/congestion.rpt -congestion_iterations 30 -congestion_report_iter_step 5 -verbose
[INFO GRT-0020] Min routing layer: met1
[INFO GRT-0021] Max routing layer: met5
[INFO GRT-0022] Global adjustment: 0%
[INFO GRT-0023] Grid origin: (0, 0)
[INFO GRT-0088] Layer li1     Track-Pitch = 0.4600  line-2-Via Pitch: 0.3400
[INFO GRT-0088] Layer met1    Track-Pitch = 0.3400  line-2-Via Pitch: 0.3400
[INFO GRT-0088] Layer met2    Track-Pitch = 0.4600  line-2-Via Pitch: 0.3500
[INFO GRT-0088] Layer met3    Track-Pitch = 0.6800  line-2-Via Pitch: 0.6150
[INFO GRT-0088] Layer met4    Track-Pitch = 0.9200  line-2-Via Pitch: 1.0400
[INFO GRT-0088] Layer met5    Track-Pitch = 3.4000  line-2-Via Pitch: 3.1100
[INFO GRT-0003] Macros: 0
[INFO GRT-0004] Blockages: 361
[INFO GRT-0019] Found 4 clock nets.
[INFO GRT-0001] Minimum degree: 2
[INFO GRT-0002] Maximum degree: 20

[INFO GRT-0053] Routing resources analysis:
          Routing      Original      Derated      Resource
Layer     Direction    Resources     Resources    Reduction (%)
---------------------------------------------------------------
li1        Vertical            0             0          0.00%
met1       Horizontal       1495          1147          23.28%
met2       Vertical         1440          1110          22.92%
met3       Horizontal       1052           822          21.86%
met4       Vertical          700           520          25.71%
met5       Horizontal        170           110          35.29%
---------------------------------------------------------------

[INFO GRT-0197] Via related to pin nodes: 1143
[INFO GRT-0198] Via related Steiner nodes: 5
[INFO GRT-0199] Via filling finished.
[INFO GRT-0111] Final number of vias: 1357
[INFO GRT-0112] Final usage 3D: 4545

[INFO GRT-0096] Final congestion report:
Layer         Resource        Demand        Usage (%)    Max H / Max V / Total Overflow
---------------------------------------------------------------------------------------
li1                  0             0            0.00%             0 /  0 /  0
met1              1147           226           19.70%             0 /  0 /  0
met2              1110           231           20.81%             0 /  0 /  0
met3               822            14            1.70%             0 /  0 /  0
met4               520             3            0.58%             0 /  0 /  0
met5               110             0            0.00%             0 /  0 /  0
---------------------------------------------------------------------------------------
Total             3709           474           12.78%             0 /  0 /  0

[INFO GRT-0018] Total wirelength: 5865 um
[INFO GRT-0014] Routed nets: 354
Perform buffer insertion and gate resizing...
repair_design -verbose
Iteration |   Area    | Resized | Buffers | Nets repaired | Remaining
---------------------------------------------------------------------
        0 |     +0.0% |       0 |       0 |             0 |       480
       10 |     +0.0% |       0 |       0 |             0 |       470
       20 |     +0.0% |       0 |       0 |             0 |       460
       30 |     +0.0% |       0 |       0 |             0 |       450
       40 |     +0.0% |       0 |       0 |             0 |       440
       50 |     +0.0% |       0 |       0 |             0 |       430
       60 |     +0.0% |       0 |       0 |             0 |       420
       70 |     +0.0% |       0 |       0 |             0 |       410
       80 |     +0.0% |       0 |       0 |             0 |       400
       90 |     +0.0% |       0 |       0 |             0 |       390
      100 |     +0.0% |       0 |       0 |             0 |       380
      110 |     +0.0% |       0 |       0 |             0 |       370
      120 |     +0.0% |       0 |       0 |             0 |       360
      130 |     +0.0% |       0 |       0 |             0 |       350
      140 |     +0.0% |       0 |       0 |             0 |       340
      150 |     +0.0% |       0 |       0 |             0 |       330
      160 |     +0.0% |       0 |       0 |             0 |       320
      170 |     +0.0% |       0 |       0 |             0 |       310
      180 |     +0.0% |       0 |       0 |             0 |       300
      190 |     +0.0% |       0 |       0 |             0 |       290
      200 |     +0.0% |       0 |       0 |             0 |       280
      210 |     +0.0% |       0 |       0 |             0 |       270
      220 |     +0.0% |       0 |       0 |             0 |       260
      230 |     +0.0% |       0 |       0 |             0 |       250
      240 |     +0.0% |       0 |       0 |             0 |       240
      250 |     +0.0% |       0 |       0 |             0 |       230
      260 |     +0.0% |       0 |       0 |             0 |       220
      270 |     +0.0% |       0 |       0 |             0 |       210
      280 |     +0.0% |       0 |       0 |             0 |       200
      290 |     +0.0% |       0 |       0 |             0 |       190
      300 |     +0.0% |       0 |       0 |             0 |       180
      310 |     +0.0% |       0 |       0 |             0 |       170
      320 |     +0.0% |       0 |       0 |             0 |       160
      330 |     +0.0% |       0 |       0 |             0 |       150
      340 |     +0.0% |       0 |       0 |             0 |       140
      350 |     +0.0% |       0 |       0 |             0 |       130
      360 |     +0.0% |       0 |       0 |             0 |       120
      370 |     +0.0% |       0 |       0 |             0 |       110
      380 |     +0.0% |       0 |       0 |             0 |       100
      390 |     +0.0% |       0 |       0 |             0 |        90
      400 |     +0.0% |       0 |       0 |             0 |        80
      410 |     +0.0% |       0 |       0 |             0 |        70
      420 |     +0.0% |       0 |       0 |             0 |        60
      430 |     +0.0% |       0 |       0 |             0 |        50
      440 |     +0.0% |       0 |       0 |             0 |        40
      450 |     +0.0% |       0 |       0 |             0 |        30
      460 |     +0.0% |       0 |       0 |             0 |        20
      470 |     +0.0% |       0 |       0 |             0 |        10
      480 |     +0.0% |       0 |       0 |             0 |         0
    final |     +0.0% |       0 |       0 |             0 |         0
---------------------------------------------------------------------
global_route -start_incremental
detailed_placement
Placement Analysis
---------------------------------
total displacement          0.0 u
average displacement        0.0 u
max displacement            0.0 u
original HPWL            3178.1 u
legalized HPWL           3178.1 u
delta HPWL                    0 %

global_route -end_incremental -congestion_report_file ./reports/sky130hd/ternary_cpu_system/base/congestion_post_repair_design.rpt
Repair setup and hold violations...
repair_timing -setup_margin 0 -hold_margin 0 -repair_tns 100 -verbose
[INFO RSZ-0100] Repair move sequence: UnbufferMove SizeUpMove SwapPinsMove BufferMove CloneMove SplitLoadMove 
[INFO RSZ-0098] No setup violations found
[INFO RSZ-0033] No hold violations found.
global_route -start_incremental
detailed_placement
Placement Analysis
---------------------------------
total displacement          0.0 u
average displacement        0.0 u
max displacement            0.0 u
original HPWL            3178.1 u
legalized HPWL           3178.1 u
delta HPWL                    0 %

global_route -end_incremental -congestion_report_file ./reports/sky130hd/ternary_cpu_system/base/congestion_post_repair_timing.rpt
global_route -start_incremental
global_route -end_incremental -congestion_report_file ./reports/sky130hd/ternary_cpu_system/base/congestion_post_recover_power.rpt
Repair antennas...
[INFO GRT-0012] Found 0 antenna violations.
[INFO ANT-0002] Found 0 net violations.
[INFO ANT-0001] Found 0 pin violations.
Estimate parasitics...
Report metrics stage 5, global route...

==========================================================================
global route report_design_area
--------------------------------------------------------------------------
Design area 2594 um^2 50% utilization.
[INFO FLW-0007] clock core_clock period 3.330000
[INFO FLW-0008] Clock core_clock period 2.956
[INFO FLW-0009] Clock core_clock slack 0.219
[INFO FLW-0011] Path endpoint path count 75
Elapsed time: 0:08.00[h:]min:sec. CPU time: user 73.64 sys 0.67 (928%). Peak memory: 208348KB.
Log                        Elapsed/s Peak Memory/MB  sha1sum .odb [0:20)
5_1_grt                            8            203 7635169def1f899eefa3
