
==========================================================================
detailed route report_tns
--------------------------------------------------------------------------
tns max 0.00

==========================================================================
detailed route report_wns
--------------------------------------------------------------------------
wns max 0.00

==========================================================================
detailed route report_worst_slack
--------------------------------------------------------------------------
worst slack max 0.69

==========================================================================
detailed route report_clock_min_period
--------------------------------------------------------------------------
core_clock period_min = 2.64 fmax = 378.53

==========================================================================
detailed route report_clock_skew
--------------------------------------------------------------------------
Clock core_clock
   0.22 source latency u_cpu.id_ex_reg_write_a$_DFF_PN0_/CLK ^
  -0.23 target latency u_cpu.id_ex_valid_a$_DFF_PN0_/CLK ^
   0.00 CRPR
--------------
  -0.00 setup skew


==========================================================================
detailed route report_checks -path_delay min
--------------------------------------------------------------------------
Startpoint: u_cpu.id_ex_valid_a$_DFF_PN0_
            (rising edge-triggered flip-flop clocked by core_clock)
Endpoint: u_cpu.valid_out_a$_DFF_PN0_
          (rising edge-triggered flip-flop clocked by core_clock)
Path Group: core_clock
Path Type: min

Fanout     Cap    Slew   Delay    Time   Description
-----------------------------------------------------------------------------
                          0.00    0.00   clock core_clock (rise edge)
                          0.00    0.00   clock source latency
     1    0.00    0.00    0.00    0.00 ^ clk (in)
                                         clk (net)
                  0.00    0.00    0.00 ^ clkbuf_0_clk/A (sky130_fd_sc_hd__clkbuf_8)
     2    0.01    0.03    0.10    0.10 ^ clkbuf_0_clk/X (sky130_fd_sc_hd__clkbuf_8)
                                         clknet_0_clk (net)
                  0.03    0.00    0.10 ^ clkbuf_1_1__f_clk/A (sky130_fd_sc_hd__clkbuf_8)
    10    0.02    0.05    0.13    0.23 ^ clkbuf_1_1__f_clk/X (sky130_fd_sc_hd__clkbuf_8)
                                         clknet_1_1__leaf_clk (net)
                  0.05    0.00    0.23 ^ u_cpu.id_ex_valid_a$_DFF_PN0_/CLK (sky130_fd_sc_hd__dfrtp_1)
     1    0.00    0.04    0.31    0.54 ^ u_cpu.id_ex_valid_a$_DFF_PN0_/Q (sky130_fd_sc_hd__dfrtp_1)
                                         u_cpu.ex_wb_reg_write_a (net)
                  0.04    0.00    0.54 ^ u_cpu.valid_out_a$_DFF_PN0_/D (sky130_fd_sc_hd__dfrtp_1)
                                  0.54   data arrival time

                          0.00    0.00   clock core_clock (rise edge)
                          0.00    0.00   clock source latency
     1    0.00    0.00    0.00    0.00 ^ clk (in)
                                         clk (net)
                  0.00    0.00    0.00 ^ clkbuf_0_clk/A (sky130_fd_sc_hd__clkbuf_8)
     2    0.01    0.03    0.10    0.10 ^ clkbuf_0_clk/X (sky130_fd_sc_hd__clkbuf_8)
                                         clknet_0_clk (net)
                  0.03    0.00    0.10 ^ clkbuf_1_1__f_clk/A (sky130_fd_sc_hd__clkbuf_8)
    10    0.02    0.05    0.13    0.23 ^ clkbuf_1_1__f_clk/X (sky130_fd_sc_hd__clkbuf_8)
                                         clknet_1_1__leaf_clk (net)
                  0.05    0.00    0.23 ^ u_cpu.valid_out_a$_DFF_PN0_/CLK (sky130_fd_sc_hd__dfrtp_1)
                          0.00    0.23   clock reconvergence pessimism
                         -0.03    0.19   library hold time
                                  0.19   data required time
-----------------------------------------------------------------------------
                                  0.19   data required time
                                 -0.54   data arrival time
-----------------------------------------------------------------------------
                                  0.34   slack (MET)



==========================================================================
detailed route report_checks -path_delay max
--------------------------------------------------------------------------
Startpoint: u_cpu.imem_addr[2]$_DFF_PN0_
            (rising edge-triggered flip-flop clocked by core_clock)
Endpoint: u_cpu.imem_addr[14]$_DFF_PN0_
          (rising edge-triggered flip-flop clocked by core_clock)
Path Group: core_clock
Path Type: max

Fanout     Cap    Slew   Delay    Time   Description
-----------------------------------------------------------------------------
                          0.00    0.00   clock core_clock (rise edge)
                          0.00    0.00   clock source latency
     1    0.00    0.00    0.00    0.00 ^ clk (in)
                                         clk (net)
                  0.00    0.00    0.00 ^ clkbuf_0_clk/A (sky130_fd_sc_hd__clkbuf_8)
     2    0.01    0.03    0.10    0.10 ^ clkbuf_0_clk/X (sky130_fd_sc_hd__clkbuf_8)
                                         clknet_0_clk (net)
                  0.03    0.00    0.10 ^ clkbuf_1_0__f_clk/A (sky130_fd_sc_hd__clkbuf_8)
    10    0.02    0.05    0.13    0.22 ^ clkbuf_1_0__f_clk/X (sky130_fd_sc_hd__clkbuf_8)
                                         clknet_1_0__leaf_clk (net)
                  0.05    0.00    0.22 ^ u_cpu.imem_addr[2]$_DFF_PN0_/CLK (sky130_fd_sc_hd__dfrtp_1)
     4    0.01    0.07    0.39    0.62 v u_cpu.imem_addr[2]$_DFF_PN0_/Q (sky130_fd_sc_hd__dfrtp_1)
                                         net85 (net)
                  0.07    0.00    0.62 v _415_/A (sky130_fd_sc_hd__ha_1)
     3    0.01    0.07    0.24    0.86 v _415_/COUT (sky130_fd_sc_hd__ha_1)
                                         _001_ (net)
                  0.07    0.00    0.86 v _253_/A (sky130_fd_sc_hd__inv_1)
     2    0.01    0.06    0.08    0.93 ^ _253_/Y (sky130_fd_sc_hd__inv_1)
                                         _005_ (net)
                  0.06    0.00    0.93 ^ _412_/A (sky130_fd_sc_hd__ha_1)
     2    0.00    0.06    0.15    1.08 ^ _412_/COUT (sky130_fd_sc_hd__ha_1)
                                         _062_ (net)
                  0.06    0.00    1.08 ^ _245_/B (sky130_fd_sc_hd__nand3_1)
     6    0.02    0.21    0.19    1.27 v _245_/Y (sky130_fd_sc_hd__nand3_1)
                                         _016_ (net)
                  0.21    0.00    1.27 v _300_/A1 (sky130_fd_sc_hd__o211ai_1)
     1    0.00    0.15    0.23    1.50 ^ _300_/Y (sky130_fd_sc_hd__o211ai_1)
                                         _129_ (net)
                  0.15    0.00    1.50 ^ _438_/B (sky130_fd_sc_hd__ha_1)
     1    0.00    0.05    0.25    1.75 v _438_/SUM (sky130_fd_sc_hd__ha_1)
                                         _130_ (net)
                  0.05    0.00    1.75 v _301_/A (sky130_fd_sc_hd__inv_1)
     1    0.00    0.04    0.05    1.80 ^ _301_/Y (sky130_fd_sc_hd__inv_1)
                                         _131_ (net)
                  0.04    0.00    1.80 ^ _439_/B (sky130_fd_sc_hd__ha_1)
     1    0.00    0.05    0.12    1.92 ^ _439_/COUT (sky130_fd_sc_hd__ha_1)
                                         _052_ (net)
                  0.05    0.00    1.92 ^ _305_/A (sky130_fd_sc_hd__inv_1)
     1    0.00    0.03    0.04    1.96 v _305_/Y (sky130_fd_sc_hd__inv_1)
                                         _049_ (net)
                  0.03    0.00    1.96 v _406_/CIN (sky130_fd_sc_hd__fa_1)
     2    0.00    0.07    0.48    2.45 ^ _406_/SUM (sky130_fd_sc_hd__fa_1)
                                         _051_ (net)
                  0.07    0.00    2.45 ^ _332_/A (sky130_fd_sc_hd__inv_1)
     2    0.00    0.03    0.04    2.49 v _332_/Y (sky130_fd_sc_hd__inv_1)
                                         _164_ (net)
                  0.03    0.00    2.49 v _333_/C (sky130_fd_sc_hd__and3_1)
     1    0.00    0.04    0.16    2.65 v _333_/X (sky130_fd_sc_hd__and3_1)
                                         _165_ (net)
                  0.04    0.00    2.65 v _337_/A1 (sky130_fd_sc_hd__o22ai_1)
     1    0.00    0.11    0.14    2.79 ^ _337_/Y (sky130_fd_sc_hd__o22ai_1)
                                         u_cpu.next_pc[14] (net)
                  0.11    0.00    2.79 ^ u_cpu.imem_addr[14]$_DFF_PN0_/D (sky130_fd_sc_hd__dfrtp_1)
                                  2.79   data arrival time

                          3.33    3.33   clock core_clock (rise edge)
                          0.00    3.33   clock source latency
     1    0.00    0.00    0.00    3.33 ^ clk (in)
                                         clk (net)
                  0.00    0.00    3.33 ^ clkbuf_0_clk/A (sky130_fd_sc_hd__clkbuf_8)
     2    0.01    0.03    0.10    3.43 ^ clkbuf_0_clk/X (sky130_fd_sc_hd__clkbuf_8)
                                         clknet_0_clk (net)
                  0.03    0.00    3.43 ^ clkbuf_1_1__f_clk/A (sky130_fd_sc_hd__clkbuf_8)
    10    0.02    0.05    0.13    3.56 ^ clkbuf_1_1__f_clk/X (sky130_fd_sc_hd__clkbuf_8)
                                         clknet_1_1__leaf_clk (net)
                  0.05    0.00    3.56 ^ u_cpu.imem_addr[14]$_DFF_PN0_/CLK (sky130_fd_sc_hd__dfrtp_1)
                          0.00    3.56   clock reconvergence pessimism
                         -0.07    3.48   library setup time
                                  3.48   data required time
-----------------------------------------------------------------------------
                                  3.48   data required time
                                 -2.79   data arrival time
-----------------------------------------------------------------------------
                                  0.69   slack (MET)



==========================================================================
detailed route report_checks -unconstrained
--------------------------------------------------------------------------
Startpoint: u_cpu.imem_addr[2]$_DFF_PN0_
            (rising edge-triggered flip-flop clocked by core_clock)
Endpoint: u_cpu.imem_addr[14]$_DFF_PN0_
          (rising edge-triggered flip-flop clocked by core_clock)
Path Group: core_clock
Path Type: max

Fanout     Cap    Slew   Delay    Time   Description
-----------------------------------------------------------------------------
                          0.00    0.00   clock core_clock (rise edge)
                          0.00    0.00   clock source latency
     1    0.00    0.00    0.00    0.00 ^ clk (in)
                                         clk (net)
                  0.00    0.00    0.00 ^ clkbuf_0_clk/A (sky130_fd_sc_hd__clkbuf_8)
     2    0.01    0.03    0.10    0.10 ^ clkbuf_0_clk/X (sky130_fd_sc_hd__clkbuf_8)
                                         clknet_0_clk (net)
                  0.03    0.00    0.10 ^ clkbuf_1_0__f_clk/A (sky130_fd_sc_hd__clkbuf_8)
    10    0.02    0.05    0.13    0.22 ^ clkbuf_1_0__f_clk/X (sky130_fd_sc_hd__clkbuf_8)
                                         clknet_1_0__leaf_clk (net)
                  0.05    0.00    0.22 ^ u_cpu.imem_addr[2]$_DFF_PN0_/CLK (sky130_fd_sc_hd__dfrtp_1)
     4    0.01    0.07    0.39    0.62 v u_cpu.imem_addr[2]$_DFF_PN0_/Q (sky130_fd_sc_hd__dfrtp_1)
                                         net85 (net)
                  0.07    0.00    0.62 v _415_/A (sky130_fd_sc_hd__ha_1)
     3    0.01    0.07    0.24    0.86 v _415_/COUT (sky130_fd_sc_hd__ha_1)
                                         _001_ (net)
                  0.07    0.00    0.86 v _253_/A (sky130_fd_sc_hd__inv_1)
     2    0.01    0.06    0.08    0.93 ^ _253_/Y (sky130_fd_sc_hd__inv_1)
                                         _005_ (net)
                  0.06    0.00    0.93 ^ _412_/A (sky130_fd_sc_hd__ha_1)
     2    0.00    0.06    0.15    1.08 ^ _412_/COUT (sky130_fd_sc_hd__ha_1)
                                         _062_ (net)
                  0.06    0.00    1.08 ^ _245_/B (sky130_fd_sc_hd__nand3_1)
     6    0.02    0.21    0.19    1.27 v _245_/Y (sky130_fd_sc_hd__nand3_1)
                                         _016_ (net)
                  0.21    0.00    1.27 v _300_/A1 (sky130_fd_sc_hd__o211ai_1)
     1    0.00    0.15    0.23    1.50 ^ _300_/Y (sky130_fd_sc_hd__o211ai_1)
                                         _129_ (net)
                  0.15    0.00    1.50 ^ _438_/B (sky130_fd_sc_hd__ha_1)
     1    0.00    0.05    0.25    1.75 v _438_/SUM (sky130_fd_sc_hd__ha_1)
                                         _130_ (net)
                  0.05    0.00    1.75 v _301_/A (sky130_fd_sc_hd__inv_1)
     1    0.00    0.04    0.05    1.80 ^ _301_/Y (sky130_fd_sc_hd__inv_1)
                                         _131_ (net)
                  0.04    0.00    1.80 ^ _439_/B (sky130_fd_sc_hd__ha_1)
     1    0.00    0.05    0.12    1.92 ^ _439_/COUT (sky130_fd_sc_hd__ha_1)
                                         _052_ (net)
                  0.05    0.00    1.92 ^ _305_/A (sky130_fd_sc_hd__inv_1)
     1    0.00    0.03    0.04    1.96 v _305_/Y (sky130_fd_sc_hd__inv_1)
                                         _049_ (net)
                  0.03    0.00    1.96 v _406_/CIN (sky130_fd_sc_hd__fa_1)
     2    0.00    0.07    0.48    2.45 ^ _406_/SUM (sky130_fd_sc_hd__fa_1)
                                         _051_ (net)
                  0.07    0.00    2.45 ^ _332_/A (sky130_fd_sc_hd__inv_1)
     2    0.00    0.03    0.04    2.49 v _332_/Y (sky130_fd_sc_hd__inv_1)
                                         _164_ (net)
                  0.03    0.00    2.49 v _333_/C (sky130_fd_sc_hd__and3_1)
     1    0.00    0.04    0.16    2.65 v _333_/X (sky130_fd_sc_hd__and3_1)
                                         _165_ (net)
                  0.04    0.00    2.65 v _337_/A1 (sky130_fd_sc_hd__o22ai_1)
     1    0.00    0.11    0.14    2.79 ^ _337_/Y (sky130_fd_sc_hd__o22ai_1)
                                         u_cpu.next_pc[14] (net)
                  0.11    0.00    2.79 ^ u_cpu.imem_addr[14]$_DFF_PN0_/D (sky130_fd_sc_hd__dfrtp_1)
                                  2.79   data arrival time

                          3.33    3.33   clock core_clock (rise edge)
                          0.00    3.33   clock source latency
     1    0.00    0.00    0.00    3.33 ^ clk (in)
                                         clk (net)
                  0.00    0.00    3.33 ^ clkbuf_0_clk/A (sky130_fd_sc_hd__clkbuf_8)
     2    0.01    0.03    0.10    3.43 ^ clkbuf_0_clk/X (sky130_fd_sc_hd__clkbuf_8)
                                         clknet_0_clk (net)
                  0.03    0.00    3.43 ^ clkbuf_1_1__f_clk/A (sky130_fd_sc_hd__clkbuf_8)
    10    0.02    0.05    0.13    3.56 ^ clkbuf_1_1__f_clk/X (sky130_fd_sc_hd__clkbuf_8)
                                         clknet_1_1__leaf_clk (net)
                  0.05    0.00    3.56 ^ u_cpu.imem_addr[14]$_DFF_PN0_/CLK (sky130_fd_sc_hd__dfrtp_1)
                          0.00    3.56   clock reconvergence pessimism
                         -0.07    3.48   library setup time
                                  3.48   data required time
-----------------------------------------------------------------------------
                                  3.48   data required time
                                 -2.79   data arrival time
-----------------------------------------------------------------------------
                                  0.69   slack (MET)



==========================================================================
detailed route report_check_types -max_slew -max_cap -max_fanout -violators
--------------------------------------------------------------------------

==========================================================================
detailed route max_slew_check_slack
--------------------------------------------------------------------------
1.2066060304641724

==========================================================================
detailed route max_slew_check_limit
--------------------------------------------------------------------------
1.5

==========================================================================
detailed route max_slew_check_slack_limit
--------------------------------------------------------------------------
0.8044

==========================================================================
detailed route max_fanout_check_slack
--------------------------------------------------------------------------
1.0000000150474662e+30

==========================================================================
detailed route max_fanout_check_limit
--------------------------------------------------------------------------
1.0000000150474662e+30

==========================================================================
detailed route max_capacitance_check_slack
--------------------------------------------------------------------------
0.04469599947333336

==========================================================================
detailed route max_capacitance_check_limit
--------------------------------------------------------------------------
0.04670200124382973

==========================================================================
detailed route max_capacitance_check_slack_limit
--------------------------------------------------------------------------
0.9570

==========================================================================
detailed route max_slew_violation_count
--------------------------------------------------------------------------
max slew violation count 0

==========================================================================
detailed route max_fanout_violation_count
--------------------------------------------------------------------------
max fanout violation count 0

==========================================================================
detailed route max_cap_violation_count
--------------------------------------------------------------------------
max cap violation count 0

==========================================================================
detailed route setup_violation_count
--------------------------------------------------------------------------
setup violation count 0

==========================================================================
detailed route hold_violation_count
--------------------------------------------------------------------------
hold violation count 0

==========================================================================
detailed route report_checks -path_delay max reg to reg
--------------------------------------------------------------------------
Startpoint: u_cpu.imem_addr[2]$_DFF_PN0_
            (rising edge-triggered flip-flop clocked by core_clock)
Endpoint: u_cpu.imem_addr[14]$_DFF_PN0_
          (rising edge-triggered flip-flop clocked by core_clock)
Path Group: core_clock
Path Type: max

  Delay    Time   Description
---------------------------------------------------------
   0.00    0.00   clock core_clock (rise edge)
   0.00    0.00   clock source latency
   0.00    0.00 ^ clk (in)
   0.10    0.10 ^ clkbuf_0_clk/X (sky130_fd_sc_hd__clkbuf_8)
   0.13    0.22 ^ clkbuf_1_0__f_clk/X (sky130_fd_sc_hd__clkbuf_8)
   0.00    0.22 ^ u_cpu.imem_addr[2]$_DFF_PN0_/CLK (sky130_fd_sc_hd__dfrtp_1)
   0.39    0.62 v u_cpu.imem_addr[2]$_DFF_PN0_/Q (sky130_fd_sc_hd__dfrtp_1)
   0.24    0.86 v _415_/COUT (sky130_fd_sc_hd__ha_1)
   0.08    0.93 ^ _253_/Y (sky130_fd_sc_hd__inv_1)
   0.15    1.08 ^ _412_/COUT (sky130_fd_sc_hd__ha_1)
   0.19    1.27 v _245_/Y (sky130_fd_sc_hd__nand3_1)
   0.23    1.50 ^ _300_/Y (sky130_fd_sc_hd__o211ai_1)
   0.25    1.75 v _438_/SUM (sky130_fd_sc_hd__ha_1)
   0.05    1.80 ^ _301_/Y (sky130_fd_sc_hd__inv_1)
   0.12    1.92 ^ _439_/COUT (sky130_fd_sc_hd__ha_1)
   0.04    1.96 v _305_/Y (sky130_fd_sc_hd__inv_1)
   0.48    2.45 ^ _406_/SUM (sky130_fd_sc_hd__fa_1)
   0.04    2.49 v _332_/Y (sky130_fd_sc_hd__inv_1)
   0.16    2.65 v _333_/X (sky130_fd_sc_hd__and3_1)
   0.14    2.79 ^ _337_/Y (sky130_fd_sc_hd__o22ai_1)
   0.00    2.79 ^ u_cpu.imem_addr[14]$_DFF_PN0_/D (sky130_fd_sc_hd__dfrtp_1)
           2.79   data arrival time

   3.33    3.33   clock core_clock (rise edge)
   0.00    3.33   clock source latency
   0.00    3.33 ^ clk (in)
   0.10    3.43 ^ clkbuf_0_clk/X (sky130_fd_sc_hd__clkbuf_8)
   0.13    3.56 ^ clkbuf_1_1__f_clk/X (sky130_fd_sc_hd__clkbuf_8)
   0.00    3.56 ^ u_cpu.imem_addr[14]$_DFF_PN0_/CLK (sky130_fd_sc_hd__dfrtp_1)
   0.00    3.56   clock reconvergence pessimism
  -0.07    3.48   library setup time
           3.48   data required time
---------------------------------------------------------
           3.48   data required time
          -2.79   data arrival time
---------------------------------------------------------
           0.69   slack (MET)



==========================================================================
detailed route report_checks -path_delay min reg to reg
--------------------------------------------------------------------------
Startpoint: u_cpu.id_ex_valid_a$_DFF_PN0_
            (rising edge-triggered flip-flop clocked by core_clock)
Endpoint: u_cpu.valid_out_a$_DFF_PN0_
          (rising edge-triggered flip-flop clocked by core_clock)
Path Group: core_clock
Path Type: min

  Delay    Time   Description
---------------------------------------------------------
   0.00    0.00   clock core_clock (rise edge)
   0.00    0.00   clock source latency
   0.00    0.00 ^ clk (in)
   0.10    0.10 ^ clkbuf_0_clk/X (sky130_fd_sc_hd__clkbuf_8)
   0.13    0.23 ^ clkbuf_1_1__f_clk/X (sky130_fd_sc_hd__clkbuf_8)
   0.00    0.23 ^ u_cpu.id_ex_valid_a$_DFF_PN0_/CLK (sky130_fd_sc_hd__dfrtp_1)
   0.31    0.54 ^ u_cpu.id_ex_valid_a$_DFF_PN0_/Q (sky130_fd_sc_hd__dfrtp_1)
   0.00    0.54 ^ u_cpu.valid_out_a$_DFF_PN0_/D (sky130_fd_sc_hd__dfrtp_1)
           0.54   data arrival time

   0.00    0.00   clock core_clock (rise edge)
   0.00    0.00   clock source latency
   0.00    0.00 ^ clk (in)
   0.10    0.10 ^ clkbuf_0_clk/X (sky130_fd_sc_hd__clkbuf_8)
   0.13    0.23 ^ clkbuf_1_1__f_clk/X (sky130_fd_sc_hd__clkbuf_8)
   0.00    0.23 ^ u_cpu.valid_out_a$_DFF_PN0_/CLK (sky130_fd_sc_hd__dfrtp_1)
   0.00    0.23   clock reconvergence pessimism
  -0.03    0.19   library hold time
           0.19   data required time
---------------------------------------------------------
           0.19   data required time
          -0.54   data arrival time
---------------------------------------------------------
           0.34   slack (MET)



==========================================================================
detailed route critical path target clock latency max path
--------------------------------------------------------------------------
0

==========================================================================
detailed route critical path target clock latency min path
--------------------------------------------------------------------------
0

==========================================================================
detailed route critical path source clock latency min path
--------------------------------------------------------------------------
0

==========================================================================
detailed route critical path delay
--------------------------------------------------------------------------
2.7927

==========================================================================
detailed route critical path slack
--------------------------------------------------------------------------
0.6882

==========================================================================
detailed route slack div critical path delay
--------------------------------------------------------------------------
24.642819

==========================================================================
detailed route report_power
--------------------------------------------------------------------------
Group                  Internal  Switching    Leakage      Total
                          Power      Power      Power      Power (Watts)
----------------------------------------------------------------
Sequential             2.31e-04   0.00e+00   2.28e-10   2.31e-04  63.4%
Combinational          1.80e-06   3.48e-06   1.20e-09   5.28e-06   1.4%
Clock                  8.36e-05   4.48e-05   2.28e-11   1.28e-04  35.2%
Macro                  0.00e+00   0.00e+00   0.00e+00   0.00e+00   0.0%
Pad                    0.00e+00   0.00e+00   0.00e+00   0.00e+00   0.0%
----------------------------------------------------------------
Total                  3.17e-04   4.83e-05   1.45e-09   3.65e-04 100.0%
                          86.8%      13.2%       0.0%
