
==========================================================================
global route report_tns
--------------------------------------------------------------------------
tns max 0.00

==========================================================================
global route report_wns
--------------------------------------------------------------------------
wns max 0.00

==========================================================================
global route report_worst_slack
--------------------------------------------------------------------------
worst slack max 0.22

==========================================================================
global route report_clock_min_period
--------------------------------------------------------------------------
core_clock period_min = 3.11 fmax = 321.40

==========================================================================
global route report_clock_skew
--------------------------------------------------------------------------
Clock core_clock
   0.27 source latency u_cpu.imem_addr[7]$_DFF_PN0_/CLK ^
  -0.27 target latency u_cpu.imem_addr[8]$_DFF_PN0_/CLK ^
   0.00 CRPR
--------------
   0.00 setup skew


==========================================================================
global route report_checks -path_delay min
--------------------------------------------------------------------------
Startpoint: u_cpu.id_ex_valid_a$_DFF_PN0_
            (rising edge-triggered flip-flop clocked by core_clock)
Endpoint: u_cpu.valid_out_a$_DFF_PN0_
          (rising edge-triggered flip-flop clocked by core_clock)
Path Group: core_clock
Path Type: min

Fanout     Cap    Slew   Delay    Time   Description
-----------------------------------------------------------------------------
                          0.00    0.00   clock core_clock (rise edge)
                          0.00    0.00   clock source latency
     1    0.01    0.00    0.00    0.00 ^ clk (in)
                                         clk (net)
                  0.00    0.00    0.00 ^ clkbuf_0_clk/A (sky130_fd_sc_hd__clkbuf_8)
     2    0.01    0.04    0.11    0.11 ^ clkbuf_0_clk/X (sky130_fd_sc_hd__clkbuf_8)
                                         clknet_0_clk (net)
                  0.04    0.00    0.11 ^ clkbuf_1_1__f_clk/A (sky130_fd_sc_hd__clkbuf_8)
    10    0.04    0.08    0.16    0.26 ^ clkbuf_1_1__f_clk/X (sky130_fd_sc_hd__clkbuf_8)
                                         clknet_1_1__leaf_clk (net)
                  0.08    0.00    0.27 ^ u_cpu.id_ex_valid_a$_DFF_PN0_/CLK (sky130_fd_sc_hd__dfrtp_1)
     1    0.00    0.05    0.33    0.60 ^ u_cpu.id_ex_valid_a$_DFF_PN0_/Q (sky130_fd_sc_hd__dfrtp_1)
                                         u_cpu.ex_wb_reg_write_a (net)
                  0.05    0.00    0.60 ^ u_cpu.valid_out_a$_DFF_PN0_/D (sky130_fd_sc_hd__dfrtp_1)
                                  0.60   data arrival time

                          0.00    0.00   clock core_clock (rise edge)
                          0.00    0.00   clock source latency
     1    0.01    0.00    0.00    0.00 ^ clk (in)
                                         clk (net)
                  0.00    0.00    0.00 ^ clkbuf_0_clk/A (sky130_fd_sc_hd__clkbuf_8)
     2    0.01    0.04    0.11    0.11 ^ clkbuf_0_clk/X (sky130_fd_sc_hd__clkbuf_8)
                                         clknet_0_clk (net)
                  0.04    0.00    0.11 ^ clkbuf_1_1__f_clk/A (sky130_fd_sc_hd__clkbuf_8)
    10    0.04    0.08    0.16    0.26 ^ clkbuf_1_1__f_clk/X (sky130_fd_sc_hd__clkbuf_8)
                                         clknet_1_1__leaf_clk (net)
                  0.08    0.00    0.27 ^ u_cpu.valid_out_a$_DFF_PN0_/CLK (sky130_fd_sc_hd__dfrtp_1)
                          0.00    0.27   clock reconvergence pessimism
                         -0.03    0.24   library hold time
                                  0.24   data required time
-----------------------------------------------------------------------------
                                  0.24   data required time
                                 -0.60   data arrival time
-----------------------------------------------------------------------------
                                  0.36   slack (MET)



==========================================================================
global route report_checks -path_delay max
--------------------------------------------------------------------------
Startpoint: u_cpu.imem_addr[3]$_DFF_PN0_
            (rising edge-triggered flip-flop clocked by core_clock)
Endpoint: u_cpu.imem_addr[14]$_DFF_PN0_
          (rising edge-triggered flip-flop clocked by core_clock)
Path Group: core_clock
Path Type: max

Fanout     Cap    Slew   Delay    Time   Description
-----------------------------------------------------------------------------
                          0.00    0.00   clock core_clock (rise edge)
                          0.00    0.00   clock source latency
     1    0.01    0.00    0.00    0.00 ^ clk (in)
                                         clk (net)
                  0.00    0.00    0.00 ^ clkbuf_0_clk/A (sky130_fd_sc_hd__clkbuf_8)
     2    0.01    0.04    0.11    0.11 ^ clkbuf_0_clk/X (sky130_fd_sc_hd__clkbuf_8)
                                         clknet_0_clk (net)
                  0.04    0.00    0.11 ^ clkbuf_1_0__f_clk/A (sky130_fd_sc_hd__clkbuf_8)
    10    0.04    0.09    0.16    0.27 ^ clkbuf_1_0__f_clk/X (sky130_fd_sc_hd__clkbuf_8)
                                         clknet_1_0__leaf_clk (net)
                  0.09    0.00    0.27 ^ u_cpu.imem_addr[3]$_DFF_PN0_/CLK (sky130_fd_sc_hd__dfrtp_1)
     3    0.01    0.14    0.41    0.68 ^ u_cpu.imem_addr[3]$_DFF_PN0_/Q (sky130_fd_sc_hd__dfrtp_1)
                                         net86 (net)
                  0.14    0.00    0.68 ^ _280_/A (sky130_fd_sc_hd__inv_1)
     2    0.01    0.06    0.08    0.76 v _280_/Y (sky130_fd_sc_hd__inv_1)
                                         _066_ (net)
                  0.06    0.00    0.76 v _415_/B (sky130_fd_sc_hd__ha_1)
     3    0.02    0.10    0.24    1.00 v _415_/COUT (sky130_fd_sc_hd__ha_1)
                                         _001_ (net)
                  0.10    0.00    1.00 v _253_/A (sky130_fd_sc_hd__inv_1)
     2    0.01    0.08    0.10    1.10 ^ _253_/Y (sky130_fd_sc_hd__inv_1)
                                         _005_ (net)
                  0.08    0.00    1.10 ^ _412_/A (sky130_fd_sc_hd__ha_1)
     2    0.01    0.08    0.17    1.27 ^ _412_/COUT (sky130_fd_sc_hd__ha_1)
                                         _062_ (net)
                  0.08    0.00    1.27 ^ _245_/B (sky130_fd_sc_hd__nand3_1)
     6    0.03    0.34    0.29    1.56 v _245_/Y (sky130_fd_sc_hd__nand3_1)
                                         _016_ (net)
                  0.34    0.00    1.56 v _300_/A1 (sky130_fd_sc_hd__o211ai_1)
     1    0.01    0.19    0.30    1.87 ^ _300_/Y (sky130_fd_sc_hd__o211ai_1)
                                         _129_ (net)
                  0.19    0.00    1.87 ^ _438_/B (sky130_fd_sc_hd__ha_1)
     1    0.00    0.05    0.26    2.13 v _438_/SUM (sky130_fd_sc_hd__ha_1)
                                         _130_ (net)
                  0.05    0.00    2.13 v _301_/A (sky130_fd_sc_hd__inv_1)
     1    0.01    0.05    0.06    2.20 ^ _301_/Y (sky130_fd_sc_hd__inv_1)
                                         _131_ (net)
                  0.05    0.00    2.20 ^ _439_/B (sky130_fd_sc_hd__ha_1)
     1    0.00    0.06    0.14    2.34 ^ _439_/COUT (sky130_fd_sc_hd__ha_1)
                                         _052_ (net)
                  0.06    0.00    2.34 ^ _305_/A (sky130_fd_sc_hd__inv_1)
     1    0.01    0.04    0.05    2.39 v _305_/Y (sky130_fd_sc_hd__inv_1)
                                         _049_ (net)
                  0.04    0.00    2.39 v _406_/CIN (sky130_fd_sc_hd__fa_1)
     2    0.01    0.09    0.50    2.89 ^ _406_/SUM (sky130_fd_sc_hd__fa_1)
                                         _051_ (net)
                  0.09    0.00    2.89 ^ _332_/A (sky130_fd_sc_hd__inv_1)
     2    0.01    0.04    0.06    2.95 v _332_/Y (sky130_fd_sc_hd__inv_1)
                                         _164_ (net)
                  0.04    0.00    2.95 v _333_/C (sky130_fd_sc_hd__and3_1)
     1    0.00    0.04    0.18    3.13 v _333_/X (sky130_fd_sc_hd__and3_1)
                                         _165_ (net)
                  0.04    0.00    3.13 v _337_/A1 (sky130_fd_sc_hd__o22ai_1)
     1    0.00    0.14    0.17    3.30 ^ _337_/Y (sky130_fd_sc_hd__o22ai_1)
                                         u_cpu.next_pc[14] (net)
                  0.14    0.00    3.30 ^ u_cpu.imem_addr[14]$_DFF_PN0_/D (sky130_fd_sc_hd__dfrtp_1)
                                  3.30   data arrival time

                          3.33    3.33   clock core_clock (rise edge)
                          0.00    3.33   clock source latency
     1    0.01    0.00    0.00    3.33 ^ clk (in)
                                         clk (net)
                  0.00    0.00    3.33 ^ clkbuf_0_clk/A (sky130_fd_sc_hd__clkbuf_8)
     2    0.01    0.04    0.11    3.44 ^ clkbuf_0_clk/X (sky130_fd_sc_hd__clkbuf_8)
                                         clknet_0_clk (net)
                  0.04    0.00    3.44 ^ clkbuf_1_1__f_clk/A (sky130_fd_sc_hd__clkbuf_8)
    10    0.04    0.08    0.16    3.59 ^ clkbuf_1_1__f_clk/X (sky130_fd_sc_hd__clkbuf_8)
                                         clknet_1_1__leaf_clk (net)
                  0.08    0.00    3.60 ^ u_cpu.imem_addr[14]$_DFF_PN0_/CLK (sky130_fd_sc_hd__dfrtp_1)
                          0.00    3.60   clock reconvergence pessimism
                         -0.08    3.52   library setup time
                                  3.52   data required time
-----------------------------------------------------------------------------
                                  3.52   data required time
                                 -3.30   data arrival time
-----------------------------------------------------------------------------
                                  0.22   slack (MET)



==========================================================================
global route report_checks -unconstrained
--------------------------------------------------------------------------
Startpoint: u_cpu.imem_addr[3]$_DFF_PN0_
            (rising edge-triggered flip-flop clocked by core_clock)
Endpoint: u_cpu.imem_addr[14]$_DFF_PN0_
          (rising edge-triggered flip-flop clocked by core_clock)
Path Group: core_clock
Path Type: max

Fanout     Cap    Slew   Delay    Time   Description
-----------------------------------------------------------------------------
                          0.00    0.00   clock core_clock (rise edge)
                          0.00    0.00   clock source latency
     1    0.01    0.00    0.00    0.00 ^ clk (in)
                                         clk (net)
                  0.00    0.00    0.00 ^ clkbuf_0_clk/A (sky130_fd_sc_hd__clkbuf_8)
     2    0.01    0.04    0.11    0.11 ^ clkbuf_0_clk/X (sky130_fd_sc_hd__clkbuf_8)
                                         clknet_0_clk (net)
                  0.04    0.00    0.11 ^ clkbuf_1_0__f_clk/A (sky130_fd_sc_hd__clkbuf_8)
    10    0.04    0.09    0.16    0.27 ^ clkbuf_1_0__f_clk/X (sky130_fd_sc_hd__clkbuf_8)
                                         clknet_1_0__leaf_clk (net)
                  0.09    0.00    0.27 ^ u_cpu.imem_addr[3]$_DFF_PN0_/CLK (sky130_fd_sc_hd__dfrtp_1)
     3    0.01    0.14    0.41    0.68 ^ u_cpu.imem_addr[3]$_DFF_PN0_/Q (sky130_fd_sc_hd__dfrtp_1)
                                         net86 (net)
                  0.14    0.00    0.68 ^ _280_/A (sky130_fd_sc_hd__inv_1)
     2    0.01    0.06    0.08    0.76 v _280_/Y (sky130_fd_sc_hd__inv_1)
                                         _066_ (net)
                  0.06    0.00    0.76 v _415_/B (sky130_fd_sc_hd__ha_1)
     3    0.02    0.10    0.24    1.00 v _415_/COUT (sky130_fd_sc_hd__ha_1)
                                         _001_ (net)
                  0.10    0.00    1.00 v _253_/A (sky130_fd_sc_hd__inv_1)
     2    0.01    0.08    0.10    1.10 ^ _253_/Y (sky130_fd_sc_hd__inv_1)
                                         _005_ (net)
                  0.08    0.00    1.10 ^ _412_/A (sky130_fd_sc_hd__ha_1)
     2    0.01    0.08    0.17    1.27 ^ _412_/COUT (sky130_fd_sc_hd__ha_1)
                                         _062_ (net)
                  0.08    0.00    1.27 ^ _245_/B (sky130_fd_sc_hd__nand3_1)
     6    0.03    0.34    0.29    1.56 v _245_/Y (sky130_fd_sc_hd__nand3_1)
                                         _016_ (net)
                  0.34    0.00    1.56 v _300_/A1 (sky130_fd_sc_hd__o211ai_1)
     1    0.01    0.19    0.30    1.87 ^ _300_/Y (sky130_fd_sc_hd__o211ai_1)
                                         _129_ (net)
                  0.19    0.00    1.87 ^ _438_/B (sky130_fd_sc_hd__ha_1)
     1    0.00    0.05    0.26    2.13 v _438_/SUM (sky130_fd_sc_hd__ha_1)
                                         _130_ (net)
                  0.05    0.00    2.13 v _301_/A (sky130_fd_sc_hd__inv_1)
     1    0.01    0.05    0.06    2.20 ^ _301_/Y (sky130_fd_sc_hd__inv_1)
                                         _131_ (net)
                  0.05    0.00    2.20 ^ _439_/B (sky130_fd_sc_hd__ha_1)
     1    0.00    0.06    0.14    2.34 ^ _439_/COUT (sky130_fd_sc_hd__ha_1)
                                         _052_ (net)
                  0.06    0.00    2.34 ^ _305_/A (sky130_fd_sc_hd__inv_1)
     1    0.01    0.04    0.05    2.39 v _305_/Y (sky130_fd_sc_hd__inv_1)
                                         _049_ (net)
                  0.04    0.00    2.39 v _406_/CIN (sky130_fd_sc_hd__fa_1)
     2    0.01    0.09    0.50    2.89 ^ _406_/SUM (sky130_fd_sc_hd__fa_1)
                                         _051_ (net)
                  0.09    0.00    2.89 ^ _332_/A (sky130_fd_sc_hd__inv_1)
     2    0.01    0.04    0.06    2.95 v _332_/Y (sky130_fd_sc_hd__inv_1)
                                         _164_ (net)
                  0.04    0.00    2.95 v _333_/C (sky130_fd_sc_hd__and3_1)
     1    0.00    0.04    0.18    3.13 v _333_/X (sky130_fd_sc_hd__and3_1)
                                         _165_ (net)
                  0.04    0.00    3.13 v _337_/A1 (sky130_fd_sc_hd__o22ai_1)
     1    0.00    0.14    0.17    3.30 ^ _337_/Y (sky130_fd_sc_hd__o22ai_1)
                                         u_cpu.next_pc[14] (net)
                  0.14    0.00    3.30 ^ u_cpu.imem_addr[14]$_DFF_PN0_/D (sky130_fd_sc_hd__dfrtp_1)
                                  3.30   data arrival time

                          3.33    3.33   clock core_clock (rise edge)
                          0.00    3.33   clock source latency
     1    0.01    0.00    0.00    3.33 ^ clk (in)
                                         clk (net)
                  0.00    0.00    3.33 ^ clkbuf_0_clk/A (sky130_fd_sc_hd__clkbuf_8)
     2    0.01    0.04    0.11    3.44 ^ clkbuf_0_clk/X (sky130_fd_sc_hd__clkbuf_8)
                                         clknet_0_clk (net)
                  0.04    0.00    3.44 ^ clkbuf_1_1__f_clk/A (sky130_fd_sc_hd__clkbuf_8)
    10    0.04    0.08    0.16    3.59 ^ clkbuf_1_1__f_clk/X (sky130_fd_sc_hd__clkbuf_8)
                                         clknet_1_1__leaf_clk (net)
                  0.08    0.00    3.60 ^ u_cpu.imem_addr[14]$_DFF_PN0_/CLK (sky130_fd_sc_hd__dfrtp_1)
                          0.00    3.60   clock reconvergence pessimism
                         -0.08    3.52   library setup time
                                  3.52   data required time
-----------------------------------------------------------------------------
                                  3.52   data required time
                                 -3.30   data arrival time
-----------------------------------------------------------------------------
                                  0.22   slack (MET)



==========================================================================
global route report_check_types -max_slew -max_cap -max_fanout -violators
--------------------------------------------------------------------------

==========================================================================
global route max_slew_check_slack
--------------------------------------------------------------------------
1.000596523284912

==========================================================================
global route max_slew_check_limit
--------------------------------------------------------------------------
1.5

==========================================================================
global route max_slew_check_slack_limit
--------------------------------------------------------------------------
0.6671

==========================================================================
global route max_fanout_check_slack
--------------------------------------------------------------------------
1.0000000150474662e+30

==========================================================================
global route max_fanout_check_limit
--------------------------------------------------------------------------
1.0000000150474662e+30

==========================================================================
global route max_capacitance_check_slack
--------------------------------------------------------------------------
0.041660211980342865

==========================================================================
global route max_capacitance_check_limit
--------------------------------------------------------------------------
0.04670200124382973

==========================================================================
global route max_capacitance_check_slack_limit
--------------------------------------------------------------------------
0.8920

==========================================================================
global route max_slew_violation_count
--------------------------------------------------------------------------
max slew violation count 0

==========================================================================
global route max_fanout_violation_count
--------------------------------------------------------------------------
max fanout violation count 0

==========================================================================
global route max_cap_violation_count
--------------------------------------------------------------------------
max cap violation count 0

==========================================================================
global route setup_violation_count
--------------------------------------------------------------------------
setup violation count 0

==========================================================================
global route hold_violation_count
--------------------------------------------------------------------------
hold violation count 0

==========================================================================
global route report_checks -path_delay max reg to reg
--------------------------------------------------------------------------
Startpoint: u_cpu.imem_addr[3]$_DFF_PN0_
            (rising edge-triggered flip-flop clocked by core_clock)
Endpoint: u_cpu.imem_addr[14]$_DFF_PN0_
          (rising edge-triggered flip-flop clocked by core_clock)
Path Group: core_clock
Path Type: max

  Delay    Time   Description
---------------------------------------------------------
   0.00    0.00   clock core_clock (rise edge)
   0.00    0.00   clock source latency
   0.00    0.00 ^ clk (in)
   0.11    0.11 ^ clkbuf_0_clk/X (sky130_fd_sc_hd__clkbuf_8)
   0.16    0.27 ^ clkbuf_1_0__f_clk/X (sky130_fd_sc_hd__clkbuf_8)
   0.00    0.27 ^ u_cpu.imem_addr[3]$_DFF_PN0_/CLK (sky130_fd_sc_hd__dfrtp_1)
   0.41    0.68 ^ u_cpu.imem_addr[3]$_DFF_PN0_/Q (sky130_fd_sc_hd__dfrtp_1)
   0.08    0.76 v _280_/Y (sky130_fd_sc_hd__inv_1)
   0.24    1.00 v _415_/COUT (sky130_fd_sc_hd__ha_1)
   0.10    1.10 ^ _253_/Y (sky130_fd_sc_hd__inv_1)
   0.17    1.27 ^ _412_/COUT (sky130_fd_sc_hd__ha_1)
   0.29    1.56 v _245_/Y (sky130_fd_sc_hd__nand3_1)
   0.30    1.87 ^ _300_/Y (sky130_fd_sc_hd__o211ai_1)
   0.26    2.13 v _438_/SUM (sky130_fd_sc_hd__ha_1)
   0.06    2.20 ^ _301_/Y (sky130_fd_sc_hd__inv_1)
   0.14    2.34 ^ _439_/COUT (sky130_fd_sc_hd__ha_1)
   0.05    2.39 v _305_/Y (sky130_fd_sc_hd__inv_1)
   0.50    2.89 ^ _406_/SUM (sky130_fd_sc_hd__fa_1)
   0.06    2.95 v _332_/Y (sky130_fd_sc_hd__inv_1)
   0.18    3.13 v _333_/X (sky130_fd_sc_hd__and3_1)
   0.17    3.30 ^ _337_/Y (sky130_fd_sc_hd__o22ai_1)
   0.00    3.30 ^ u_cpu.imem_addr[14]$_DFF_PN0_/D (sky130_fd_sc_hd__dfrtp_1)
           3.30   data arrival time

   3.33    3.33   clock core_clock (rise edge)
   0.00    3.33   clock source latency
   0.00    3.33 ^ clk (in)
   0.11    3.44 ^ clkbuf_0_clk/X (sky130_fd_sc_hd__clkbuf_8)
   0.16    3.59 ^ clkbuf_1_1__f_clk/X (sky130_fd_sc_hd__clkbuf_8)
   0.00    3.60 ^ u_cpu.imem_addr[14]$_DFF_PN0_/CLK (sky130_fd_sc_hd__dfrtp_1)
   0.00    3.60   clock reconvergence pessimism
  -0.08    3.52   library setup time
           3.52   data required time
---------------------------------------------------------
           3.52   data required time
          -3.30   data arrival time
---------------------------------------------------------
           0.22   slack (MET)



==========================================================================
global route report_checks -path_delay min reg to reg
--------------------------------------------------------------------------
Startpoint: u_cpu.id_ex_valid_a$_DFF_PN0_
            (rising edge-triggered flip-flop clocked by core_clock)
Endpoint: u_cpu.valid_out_a$_DFF_PN0_
          (rising edge-triggered flip-flop clocked by core_clock)
Path Group: core_clock
Path Type: min

  Delay    Time   Description
---------------------------------------------------------
   0.00    0.00   clock core_clock (rise edge)
   0.00    0.00   clock source latency
   0.00    0.00 ^ clk (in)
   0.11    0.11 ^ clkbuf_0_clk/X (sky130_fd_sc_hd__clkbuf_8)
   0.16    0.26 ^ clkbuf_1_1__f_clk/X (sky130_fd_sc_hd__clkbuf_8)
   0.00    0.27 ^ u_cpu.id_ex_valid_a$_DFF_PN0_/CLK (sky130_fd_sc_hd__dfrtp_1)
   0.33    0.60 ^ u_cpu.id_ex_valid_a$_DFF_PN0_/Q (sky130_fd_sc_hd__dfrtp_1)
   0.00    0.60 ^ u_cpu.valid_out_a$_DFF_PN0_/D (sky130_fd_sc_hd__dfrtp_1)
           0.60   data arrival time

   0.00    0.00   clock core_clock (rise edge)
   0.00    0.00   clock source latency
   0.00    0.00 ^ clk (in)
   0.11    0.11 ^ clkbuf_0_clk/X (sky130_fd_sc_hd__clkbuf_8)
   0.16    0.26 ^ clkbuf_1_1__f_clk/X (sky130_fd_sc_hd__clkbuf_8)
   0.00    0.27 ^ u_cpu.valid_out_a$_DFF_PN0_/CLK (sky130_fd_sc_hd__dfrtp_1)
   0.00    0.27   clock reconvergence pessimism
  -0.03    0.24   library hold time
           0.24   data required time
---------------------------------------------------------
           0.24   data required time
          -0.60   data arrival time
---------------------------------------------------------
           0.36   slack (MET)



==========================================================================
global route critical path target clock latency max path
--------------------------------------------------------------------------
0

==========================================================================
global route critical path target clock latency min path
--------------------------------------------------------------------------
0

==========================================================================
global route critical path source clock latency min path
--------------------------------------------------------------------------
0

==========================================================================
global route critical path delay
--------------------------------------------------------------------------
3.3011

==========================================================================
global route critical path slack
--------------------------------------------------------------------------
0.2186

==========================================================================
global route slack div critical path delay
--------------------------------------------------------------------------
6.622035

==========================================================================
global route report_power
--------------------------------------------------------------------------
Group                  Internal  Switching    Leakage      Total
                          Power      Power      Power      Power (Watts)
----------------------------------------------------------------
Sequential             2.30e-04   0.00e+00   2.28e-10   2.30e-04  54.8%
Combinational          1.80e-06   5.99e-06   1.20e-09   7.80e-06   1.9%
Clock                  8.57e-05   9.67e-05   2.28e-11   1.82e-04  43.4%
Macro                  0.00e+00   0.00e+00   0.00e+00   0.00e+00   0.0%
Pad                    0.00e+00   0.00e+00   0.00e+00   0.00e+00   0.0%
----------------------------------------------------------------
Total                  3.18e-04   1.03e-04   1.45e-09   4.21e-04 100.0%
                          75.6%      24.4%       0.0%
