OpenROAD 24Q3-11661-g86b9236cdd 
Features included (+) or not (-): +GPU +GUI +Python
This program is licensed under the BSD-3 license. See the LICENSE file for details.
Components of this program may be licensed under more restrictive licenses which must be honored.
[INFO ORD-0030] Using 32 thread(s).
read_liberty /OpenROAD-flow-scripts/flow/platforms/sky130hd/lib/sky130_fd_sc_hd__tt_025C_1v80.lib
read_db ./results/sky130hd/ternary_cpu_system/base/6_1_fill.odb
Deleted 0 routing obstructions
[INFO RCX-0431] Defined process_corner X with ext_model_index 0
[INFO RCX-0029] Defined extraction corner X
[INFO RCX-0435] Reading extraction model file /OpenROAD-flow-scripts/flow/platforms/sky130hd/rcx_patterns.rules ...
[INFO RCX-0436] RC segment generation ternary_cpu_system (max_merge_res 50.0) ...
[INFO RCX-0040] Final 870 rc segments
[INFO RCX-0439] Coupling Cap extraction ternary_cpu_system ...
[INFO RCX-0440] Coupling threshhold is 0.1000 fF, coupling capacitance less than 0.1000 fF will be grounded.
[INFO RCX-0442] 55% of 1601 wires extracted
[INFO RCX-0442] 100% of 1601 wires extracted
[INFO RCX-0045] Extract 404 nets, 1224 rsegs, 1224 caps, 1234 ccs
[INFO RCX-0443] 404 nets finished
[INFO PSM-0040] All shapes on net VDD are connected.
########## IR report #################
Net              : VDD
Corner           : default
Total power      : 3.99e-04 W
Supply voltage   : 1.80e+00 V
Worstcase voltage: 1.80e+00 V
Average voltage  : 1.80e+00 V
Average IR drop  : 2.43e-05 V
Worstcase IR drop: 1.53e-04 V
Percentage drop  : 0.01 %
######################################
[INFO PSM-0040] All shapes on net VSS are connected.
########## IR report #################
Net              : VSS
Corner           : default
Total power      : 3.99e-04 W
Supply voltage   : 0.00e+00 V
Worstcase voltage: 1.37e-04 V
Average voltage  : 1.04e-05 V
Average IR drop  : 1.04e-05 V
Worstcase IR drop: 1.37e-04 V
Percentage drop  : 0.01 %
######################################
Cell type report:                       Count       Area
  Fill cell                               504    2556.20
  Tap cell                                 70      87.58
  Clock buffer                              4      45.04
  Timing Repair Buffer                     23     222.71
  Inverter                                 41     153.90
  Sequential cell                          19     475.46
  Multi-Input combinational cell          232    1696.63
  Total                                   893    5237.52
Report metrics stage 6, finish...

==========================================================================
finish report_design_area
--------------------------------------------------------------------------
Design area 2594 um^2 50% utilization.
[WARNING GUI-0076] QStandardPaths: XDG_RUNTIME_DIR not set, defaulting to '/tmp/runtime-root'
Elapsed time: 0:01.18[h:]min:sec. CPU time: user 0.94 sys 0.33 (107%). Peak memory: 176124KB.
Log                        Elapsed/s Peak Memory/MB  sha1sum .odb [0:20)
6_report                           1            171                  N/A
