
==========================================================================
detailed place report_tns
--------------------------------------------------------------------------
tns max 0.00

==========================================================================
detailed place report_wns
--------------------------------------------------------------------------
wns max 0.00

==========================================================================
detailed place report_worst_slack
--------------------------------------------------------------------------
worst slack max 299.98

==========================================================================
detailed place report_clock_min_period
--------------------------------------------------------------------------
core_clock period_min = 367.02 fmax = 2724.68

==========================================================================
detailed place report_checks -path_delay min
--------------------------------------------------------------------------
Startpoint: u_cpu.id_ex_valid_a$_DFF_PN0_
            (rising edge-triggered flip-flop clocked by core_clock)
Endpoint: u_cpu.valid_out_a$_DFF_PN0_
          (rising edge-triggered flip-flop clocked by core_clock)
Path Group: core_clock
Path Type: min

Fanout     Cap    Slew   Delay    Time   Description
-----------------------------------------------------------------------------
                  0.00    0.00    0.00   clock core_clock (rise edge)
                          0.00    0.00   clock network delay (ideal)
                  0.00    0.00    0.00 ^ u_cpu.id_ex_valid_a$_DFF_PN0_/CLK (DFFASRHQNx1_ASAP7_75t_R)
     1    0.54   11.88   34.53   34.53 ^ u_cpu.id_ex_valid_a$_DFF_PN0_/QN (DFFASRHQNx1_ASAP7_75t_R)
                                         _001_ (net)
                 11.88    0.02   34.54 ^ _261_/A (INVx1_ASAP7_75t_R)
     1    0.60    6.25    5.83   40.37 v _261_/Y (INVx1_ASAP7_75t_R)
                                         u_cpu.ex_wb_reg_write_a (net)
                  6.25    0.02   40.39 v u_cpu.valid_out_a$_DFF_PN0_/D (DFFASRHQNx1_ASAP7_75t_R)
                                 40.39   data arrival time

                  0.00    0.00    0.00   clock core_clock (rise edge)
                          0.00    0.00   clock network delay (ideal)
                         15.00   15.00   clock uncertainty
                          0.00   15.00   clock reconvergence pessimism
                                 15.00 ^ u_cpu.valid_out_a$_DFF_PN0_/CLK (DFFASRHQNx1_ASAP7_75t_R)
                          9.27   24.27   library hold time
                                 24.27   data required time
-----------------------------------------------------------------------------
                                 24.27   data required time
                                -40.39   data arrival time
-----------------------------------------------------------------------------
                                 16.12   slack (MET)



==========================================================================
detailed place report_checks -path_delay max
--------------------------------------------------------------------------
Startpoint: u_cpu.imem_addr[3]$_DFF_PN0_
            (rising edge-triggered flip-flop clocked by core_clock)
Endpoint: u_cpu.imem_addr[12]$_DFF_PN0_
          (rising edge-triggered flip-flop clocked by core_clock)
Path Group: core_clock
Path Type: max

Fanout     Cap    Slew   Delay    Time   Description
-----------------------------------------------------------------------------
                  0.00    0.00    0.00   clock core_clock (rise edge)
                          0.00    0.00   clock network delay (ideal)
                  0.00    0.00    0.00 ^ u_cpu.imem_addr[3]$_DFF_PN0_/CLK (DFFASRHQNx1_ASAP7_75t_R)
     3    2.91   27.17   45.29   45.29 v u_cpu.imem_addr[3]$_DFF_PN0_/QN (DFFASRHQNx1_ASAP7_75t_R)
                                         _081_ (net)
                 27.17    0.07   45.36 v _273_/A (INVx1_ASAP7_75t_R)
     2    1.58   16.35   13.41   58.77 ^ _273_/Y (INVx1_ASAP7_75t_R)
                                         net105 (net)
                 16.35    0.05   58.82 ^ _447_/B (HAxp5_ASAP7_75t_R)
     1    0.79   19.93   13.77   72.59 v _447_/CON (HAxp5_ASAP7_75t_R)
                                         _079_ (net)
     1    0.76   19.57   11.28   83.87 ^ _447_/SN (HAxp5_ASAP7_75t_R)
                                         _080_ (net)
                 19.57    0.03   83.90 ^ place424/A (BUFx3_ASAP7_75t_R)
     1    2.06    7.80   16.40  100.30 ^ place424/Y (BUFx3_ASAP7_75t_R)
                                         net423 (net)
                  7.80    0.08  100.38 ^ _280_/A (NOR2x2_ASAP7_75t_R)
     1    0.75    7.03    7.52  107.90 v _280_/Y (NOR2x2_ASAP7_75t_R)
                                         _139_ (net)
                  7.03    0.03  107.93 v place418/A (BUFx3_ASAP7_75t_R)
    10    7.59   16.69   18.30  126.23 v place418/Y (BUFx3_ASAP7_75t_R)
                                         net417 (net)
                 16.86    0.92  127.15 v _291_/B (OR3x2_ASAP7_75t_R)
     2    1.75   12.62   31.98  159.13 v _291_/Y (OR3x2_ASAP7_75t_R)
                                         _105_ (net)
                 12.62    0.06  159.19 v _295_/A (OR2x2_ASAP7_75t_R)
     1    1.11    8.18   20.80  179.99 v _295_/Y (OR2x2_ASAP7_75t_R)
                                         _117_ (net)
                  8.18    0.04  180.03 v _464_/A (HAxp5_ASAP7_75t_R)
     1    1.19   26.83   29.15  209.18 v _464_/SN (HAxp5_ASAP7_75t_R)
                                         _249_ (net)
                 26.83    0.07  209.25 v _465_/B (HAxp5_ASAP7_75t_R)
     1    0.75   20.72   17.64  226.89 ^ _465_/CON (HAxp5_ASAP7_75t_R)
                                         _051_ (net)
                 20.72    0.03  226.91 ^ place393/A (BUFx3_ASAP7_75t_R)
     2    2.47    8.63   17.11  244.03 ^ place393/Y (BUFx3_ASAP7_75t_R)
                                         net392 (net)
                  8.64    0.11  244.13 ^ _320_/A (INVx1_ASAP7_75t_R)
     1    1.72   10.81    8.13  252.26 v _320_/Y (INVx1_ASAP7_75t_R)
                                         _049_ (net)
                 10.81    0.08  252.34 v _435_/CI (FAx1_ASAP7_75t_R)
     1    0.76   22.58   32.64  284.97 v _435_/SN (FAx1_ASAP7_75t_R)
                                         _050_ (net)
                 22.58    0.03  285.00 v place373/A (BUFx3_ASAP7_75t_R)
     3    2.46    7.95   18.59  303.59 v place373/Y (BUFx3_ASAP7_75t_R)
                                         net372 (net)
                  7.95    0.05  303.64 v _349_/A (OR3x1_ASAP7_75t_R)
     1    0.52    8.46   21.05  324.70 v _349_/Y (OR3x1_ASAP7_75t_R)
                                         _162_ (net)
                  8.46    0.02  324.71 v _353_/A2 (AO32x1_ASAP7_75t_R)
     1    0.82    9.03   21.35  346.06 v _353_/Y (AO32x1_ASAP7_75t_R)
                                         u_cpu.next_pc[12] (net)
                  9.03    0.05  346.11 v u_cpu.imem_addr[12]$_DFF_PN0_/D (DFFASRHQNx1_ASAP7_75t_R)
                                346.11   data arrival time

                  0.00  667.00  667.00   clock core_clock (rise edge)
                          0.00  667.00   clock network delay (ideal)
                        -15.00  652.00   clock uncertainty
                          0.00  652.00   clock reconvergence pessimism
                                652.00 ^ u_cpu.imem_addr[12]$_DFF_PN0_/CLK (DFFASRHQNx1_ASAP7_75t_R)
                         -5.91  646.09   library setup time
                                646.09   data required time
-----------------------------------------------------------------------------
                                646.09   data required time
                               -346.11   data arrival time
-----------------------------------------------------------------------------
                                299.98   slack (MET)



==========================================================================
detailed place report_checks -unconstrained
--------------------------------------------------------------------------
Startpoint: u_cpu.imem_addr[3]$_DFF_PN0_
            (rising edge-triggered flip-flop clocked by core_clock)
Endpoint: u_cpu.imem_addr[12]$_DFF_PN0_
          (rising edge-triggered flip-flop clocked by core_clock)
Path Group: core_clock
Path Type: max

Fanout     Cap    Slew   Delay    Time   Description
-----------------------------------------------------------------------------
                  0.00    0.00    0.00   clock core_clock (rise edge)
                          0.00    0.00   clock network delay (ideal)
                  0.00    0.00    0.00 ^ u_cpu.imem_addr[3]$_DFF_PN0_/CLK (DFFASRHQNx1_ASAP7_75t_R)
     3    2.91   27.17   45.29   45.29 v u_cpu.imem_addr[3]$_DFF_PN0_/QN (DFFASRHQNx1_ASAP7_75t_R)
                                         _081_ (net)
                 27.17    0.07   45.36 v _273_/A (INVx1_ASAP7_75t_R)
     2    1.58   16.35   13.41   58.77 ^ _273_/Y (INVx1_ASAP7_75t_R)
                                         net105 (net)
                 16.35    0.05   58.82 ^ _447_/B (HAxp5_ASAP7_75t_R)
     1    0.79   19.93   13.77   72.59 v _447_/CON (HAxp5_ASAP7_75t_R)
                                         _079_ (net)
     1    0.76   19.57   11.28   83.87 ^ _447_/SN (HAxp5_ASAP7_75t_R)
                                         _080_ (net)
                 19.57    0.03   83.90 ^ place424/A (BUFx3_ASAP7_75t_R)
     1    2.06    7.80   16.40  100.30 ^ place424/Y (BUFx3_ASAP7_75t_R)
                                         net423 (net)
                  7.80    0.08  100.38 ^ _280_/A (NOR2x2_ASAP7_75t_R)
     1    0.75    7.03    7.52  107.90 v _280_/Y (NOR2x2_ASAP7_75t_R)
                                         _139_ (net)
                  7.03    0.03  107.93 v place418/A (BUFx3_ASAP7_75t_R)
    10    7.59   16.69   18.30  126.23 v place418/Y (BUFx3_ASAP7_75t_R)
                                         net417 (net)
                 16.86    0.92  127.15 v _291_/B (OR3x2_ASAP7_75t_R)
     2    1.75   12.62   31.98  159.13 v _291_/Y (OR3x2_ASAP7_75t_R)
                                         _105_ (net)
                 12.62    0.06  159.19 v _295_/A (OR2x2_ASAP7_75t_R)
     1    1.11    8.18   20.80  179.99 v _295_/Y (OR2x2_ASAP7_75t_R)
                                         _117_ (net)
                  8.18    0.04  180.03 v _464_/A (HAxp5_ASAP7_75t_R)
     1    1.19   26.83   29.15  209.18 v _464_/SN (HAxp5_ASAP7_75t_R)
                                         _249_ (net)
                 26.83    0.07  209.25 v _465_/B (HAxp5_ASAP7_75t_R)
     1    0.75   20.72   17.64  226.89 ^ _465_/CON (HAxp5_ASAP7_75t_R)
                                         _051_ (net)
                 20.72    0.03  226.91 ^ place393/A (BUFx3_ASAP7_75t_R)
     2    2.47    8.63   17.11  244.03 ^ place393/Y (BUFx3_ASAP7_75t_R)
                                         net392 (net)
                  8.64    0.11  244.13 ^ _320_/A (INVx1_ASAP7_75t_R)
     1    1.72   10.81    8.13  252.26 v _320_/Y (INVx1_ASAP7_75t_R)
                                         _049_ (net)
                 10.81    0.08  252.34 v _435_/CI (FAx1_ASAP7_75t_R)
     1    0.76   22.58   32.64  284.97 v _435_/SN (FAx1_ASAP7_75t_R)
                                         _050_ (net)
                 22.58    0.03  285.00 v place373/A (BUFx3_ASAP7_75t_R)
     3    2.46    7.95   18.59  303.59 v place373/Y (BUFx3_ASAP7_75t_R)
                                         net372 (net)
                  7.95    0.05  303.64 v _349_/A (OR3x1_ASAP7_75t_R)
     1    0.52    8.46   21.05  324.70 v _349_/Y (OR3x1_ASAP7_75t_R)
                                         _162_ (net)
                  8.46    0.02  324.71 v _353_/A2 (AO32x1_ASAP7_75t_R)
     1    0.82    9.03   21.35  346.06 v _353_/Y (AO32x1_ASAP7_75t_R)
                                         u_cpu.next_pc[12] (net)
                  9.03    0.05  346.11 v u_cpu.imem_addr[12]$_DFF_PN0_/D (DFFASRHQNx1_ASAP7_75t_R)
                                346.11   data arrival time

                  0.00  667.00  667.00   clock core_clock (rise edge)
                          0.00  667.00   clock network delay (ideal)
                        -15.00  652.00   clock uncertainty
                          0.00  652.00   clock reconvergence pessimism
                                652.00 ^ u_cpu.imem_addr[12]$_DFF_PN0_/CLK (DFFASRHQNx1_ASAP7_75t_R)
                         -5.91  646.09   library setup time
                                646.09   data required time
-----------------------------------------------------------------------------
                                646.09   data required time
                               -346.11   data arrival time
-----------------------------------------------------------------------------
                                299.98   slack (MET)



==========================================================================
detailed place report_check_types -max_slew -max_cap -max_fanout -violators
--------------------------------------------------------------------------

==========================================================================
detailed place max_slew_check_slack
--------------------------------------------------------------------------
6.442079544067383

==========================================================================
detailed place max_slew_check_limit
--------------------------------------------------------------------------
40.0

==========================================================================
detailed place max_slew_check_slack_limit
--------------------------------------------------------------------------
0.1611

==========================================================================
detailed place max_fanout_check_slack
--------------------------------------------------------------------------
1.0000000150474662e+30

==========================================================================
detailed place max_fanout_check_limit
--------------------------------------------------------------------------
1.0000000150474662e+30

==========================================================================
detailed place max_capacitance_check_slack
--------------------------------------------------------------------------
20.941377639770508

==========================================================================
detailed place max_capacitance_check_limit
--------------------------------------------------------------------------
23.040000915527344

==========================================================================
detailed place max_capacitance_check_slack_limit
--------------------------------------------------------------------------
0.9089

==========================================================================
detailed place max_slew_violation_count
--------------------------------------------------------------------------
max slew violation count 0

==========================================================================
detailed place max_fanout_violation_count
--------------------------------------------------------------------------
max fanout violation count 0

==========================================================================
detailed place max_cap_violation_count
--------------------------------------------------------------------------
max cap violation count 0

==========================================================================
detailed place setup_violation_count
--------------------------------------------------------------------------
setup violation count 0

==========================================================================
detailed place hold_violation_count
--------------------------------------------------------------------------
hold violation count 0

==========================================================================
detailed place report_checks -path_delay max reg to reg
--------------------------------------------------------------------------
Startpoint: u_cpu.imem_addr[3]$_DFF_PN0_
            (rising edge-triggered flip-flop clocked by core_clock)
Endpoint: u_cpu.imem_addr[12]$_DFF_PN0_
          (rising edge-triggered flip-flop clocked by core_clock)
Path Group: core_clock
Path Type: max

  Delay    Time   Description
---------------------------------------------------------
   0.00    0.00   clock core_clock (rise edge)
   0.00    0.00   clock network delay (ideal)
   0.00    0.00 ^ u_cpu.imem_addr[3]$_DFF_PN0_/CLK (DFFASRHQNx1_ASAP7_75t_R)
  45.29   45.29 v u_cpu.imem_addr[3]$_DFF_PN0_/QN (DFFASRHQNx1_ASAP7_75t_R)
  13.48   58.77 ^ _273_/Y (INVx1_ASAP7_75t_R)
  13.82   72.59 v _447_/CON (HAxp5_ASAP7_75t_R)
  11.28   83.87 ^ _447_/SN (HAxp5_ASAP7_75t_R)
  16.43  100.30 ^ place424/Y (BUFx3_ASAP7_75t_R)
   7.60  107.90 v _280_/Y (NOR2x2_ASAP7_75t_R)
  18.33  126.23 v place418/Y (BUFx3_ASAP7_75t_R)
  32.90  159.13 v _291_/Y (OR3x2_ASAP7_75t_R)
  20.86  179.99 v _295_/Y (OR2x2_ASAP7_75t_R)
  29.19  209.18 v _464_/SN (HAxp5_ASAP7_75t_R)
  17.71  226.89 ^ _465_/CON (HAxp5_ASAP7_75t_R)
  17.14  244.03 ^ place393/Y (BUFx3_ASAP7_75t_R)
   8.23  252.26 v _320_/Y (INVx1_ASAP7_75t_R)
  32.71  284.97 v _435_/SN (FAx1_ASAP7_75t_R)
  18.62  303.59 v place373/Y (BUFx3_ASAP7_75t_R)
  21.11  324.70 v _349_/Y (OR3x1_ASAP7_75t_R)
  21.37  346.06 v _353_/Y (AO32x1_ASAP7_75t_R)
   0.05  346.11 v u_cpu.imem_addr[12]$_DFF_PN0_/D (DFFASRHQNx1_ASAP7_75t_R)
         346.11   data arrival time

 667.00  667.00   clock core_clock (rise edge)
   0.00  667.00   clock network delay (ideal)
 -15.00  652.00   clock uncertainty
   0.00  652.00   clock reconvergence pessimism
         652.00 ^ u_cpu.imem_addr[12]$_DFF_PN0_/CLK (DFFASRHQNx1_ASAP7_75t_R)
  -5.91  646.09   library setup time
         646.09   data required time
---------------------------------------------------------
         646.09   data required time
        -346.11   data arrival time
---------------------------------------------------------
         299.98   slack (MET)



==========================================================================
detailed place report_checks -path_delay min reg to reg
--------------------------------------------------------------------------
Startpoint: u_cpu.id_ex_valid_a$_DFF_PN0_
            (rising edge-triggered flip-flop clocked by core_clock)
Endpoint: u_cpu.valid_out_a$_DFF_PN0_
          (rising edge-triggered flip-flop clocked by core_clock)
Path Group: core_clock
Path Type: min

  Delay    Time   Description
---------------------------------------------------------
   0.00    0.00   clock core_clock (rise edge)
   0.00    0.00   clock network delay (ideal)
   0.00    0.00 ^ u_cpu.id_ex_valid_a$_DFF_PN0_/CLK (DFFASRHQNx1_ASAP7_75t_R)
  34.53   34.53 ^ u_cpu.id_ex_valid_a$_DFF_PN0_/QN (DFFASRHQNx1_ASAP7_75t_R)
   5.84   40.37 v _261_/Y (INVx1_ASAP7_75t_R)
   0.02   40.39 v u_cpu.valid_out_a$_DFF_PN0_/D (DFFASRHQNx1_ASAP7_75t_R)
          40.39   data arrival time

   0.00    0.00   clock core_clock (rise edge)
   0.00    0.00   clock network delay (ideal)
  15.00   15.00   clock uncertainty
   0.00   15.00   clock reconvergence pessimism
          15.00 ^ u_cpu.valid_out_a$_DFF_PN0_/CLK (DFFASRHQNx1_ASAP7_75t_R)
   9.27   24.27   library hold time
          24.27   data required time
---------------------------------------------------------
          24.27   data required time
         -40.39   data arrival time
---------------------------------------------------------
          16.12   slack (MET)



==========================================================================
detailed place critical path target clock latency max path
--------------------------------------------------------------------------
0

==========================================================================
detailed place critical path target clock latency min path
--------------------------------------------------------------------------
0

==========================================================================
detailed place critical path source clock latency min path
--------------------------------------------------------------------------
0

==========================================================================
detailed place critical path delay
--------------------------------------------------------------------------
346.1083

==========================================================================
detailed place critical path slack
--------------------------------------------------------------------------
299.9839

==========================================================================
detailed place slack div critical path delay
--------------------------------------------------------------------------
86.673420

==========================================================================
detailed place report_power
--------------------------------------------------------------------------
Group                  Internal  Switching    Leakage      Total
                          Power      Power      Power      Power (Watts)
----------------------------------------------------------------
Sequential             2.36e-05   0.00e+00   1.51e-09   2.36e-05  94.2%
Combinational          4.54e-07   9.46e-07   3.87e-08   1.44e-06   5.8%
Clock                  0.00e+00   0.00e+00   0.00e+00   0.00e+00   0.0%
Macro                  0.00e+00   0.00e+00   0.00e+00   0.00e+00   0.0%
Pad                    0.00e+00   0.00e+00   0.00e+00   0.00e+00   0.0%
----------------------------------------------------------------
Total                  2.40e-05   9.46e-07   4.03e-08   2.50e-05 100.0%
                          96.1%       3.8%       0.2%
