OpenROAD 24Q3-11673-g154f14ab7e 
Features included (+) or not (-): +GPU +GUI +Python
This program is licensed under the BSD-3 license. See the LICENSE file for details.
Components of this program may be licensed under more restrictive licenses which must be honored.
[INFO ORD-0030] Using 32 thread(s).
source /OpenROAD-flow-scripts/flow/platforms/asap7/liberty_suppressions.tcl
read_liberty /OpenROAD-flow-scripts/flow/platforms/asap7/lib/NLDM/asap7sc7p5t_AO_RVT_FF_nldm_211120.lib.gz
read_liberty /OpenROAD-flow-scripts/flow/platforms/asap7/lib/NLDM/asap7sc7p5t_INVBUF_RVT_FF_nldm_220122.lib.gz
read_liberty /OpenROAD-flow-scripts/flow/platforms/asap7/lib/NLDM/asap7sc7p5t_OA_RVT_FF_nldm_211120.lib.gz
read_liberty /OpenROAD-flow-scripts/flow/platforms/asap7/lib/NLDM/asap7sc7p5t_SIMPLE_RVT_FF_nldm_211120.lib.gz
read_liberty /OpenROAD-flow-scripts/flow/platforms/asap7/lib/NLDM/asap7sc7p5t_SEQ_RVT_FF_nldm_220123.lib
read_db ./results/asap7/tritone/maxperf/3_2_place_iop.odb
source /OpenROAD-flow-scripts/flow/platforms/asap7/setRC.tcl
[INFO RSZ-0026] Removed 60 buffers.
Perform port buffering...
[INFO RSZ-0027] Inserted 1 BUFx2_ASAP7_75t_R input buffers.
[INFO RSZ-0028] Inserted 19 BUFx2_ASAP7_75t_R output buffers.
[INFO GPL-0022] Initialize gpl and calculate uniform density.
Placement density is 0.6614999777078628, computed from PLACE_DENSITY_LB_ADDON  0.15 and lower bound 0.5899999737739563
global_placement -density 0.6614999777078628 -pad_left 0 -pad_right 0 -routability_driven -timing_driven
[INFO GPL-0005] Execute conjugate gradient initial placement.
[INFO GPL-0002] DBU: 1000
[INFO GPL-0003] SiteSize: (  0.054  0.270 ) um
[INFO GPL-0004] CoreBBox: (  2.052  2.160 ) ( 10.152  9.990 ) um
[INFO GPL-0032] Initializing region: Top-level
[INFO GPL-0006] Number of instances:               407
[INFO GPL-0007] Movable instances:                 349
[INFO GPL-0008] Fixed instances:                    58
[INFO GPL-0009] Dummy instances:                     0
[INFO GPL-0010] Number of nets:                    435
[INFO GPL-0011] Number of pins:                   1097
[INFO GPL-0012] Die BBox:  (  0.000  0.000 ) ( 12.152 12.152 ) um
[INFO GPL-0013] Core BBox: (  2.052  2.160 ) ( 10.152  9.990 ) um
[INFO GPL-0016] Core area:                      63.423 um^2
[INFO GPL-0014] Region name: top-level.
[INFO GPL-0015] Region area:                    63.423 um^2
[INFO GPL-0017] Fixed instances area:            1.691 um^2
[INFO GPL-0018] Movable instances area:         36.238 um^2
[INFO GPL-0019] Utilization:                    58.703 %
[INFO GPL-0020] Standard cells area:            36.238 um^2
[INFO GPL-0021] Large instances area:            0.000 um^2
[InitialPlace]  Iter: 1 conjugate gradient residual: 0.00000011 HPWL: 788352
[InitialPlace]  Iter: 2 conjugate gradient residual: 0.00000007 HPWL: 642080
[InitialPlace]  Iter: 3 conjugate gradient residual: 0.00000012 HPWL: 646745
[InitialPlace]  Iter: 4 conjugate gradient residual: 0.00000007 HPWL: 650045
[InitialPlace]  Iter: 5 conjugate gradient residual: 0.00000008 HPWL: 651924
[INFO GPL-0033] Initializing Nesterov region: Top-level
[INFO GPL-0023] Placement target density:       0.6615
[INFO GPL-0024] Movable insts average area:      0.104 um^2
[INFO GPL-0025] Ideal bin area:                  0.157 um^2
[INFO GPL-0026] Ideal bin count:                   404
[INFO GPL-0027] Total bin area:                 63.423 um^2
[INFO GPL-0028] Bin count (X, Y):          16 ,     16
[INFO GPL-0029] Bin size (W * H):       0.506 *  0.489 um
[INFO GPL-0030] Number of bins:                    256
[INFO GPL-0007] Execute nesterov global placement.
[INFO GPL-0031] HPWL: Half-Perimeter Wirelength
Iteration | Overflow |     HPWL (um) |  HPWL(%) |   Penalty | Group
---------------------------------------------------------------
        0 |   0.6163 |  4.727480e+02 |   +0.00% |  1.70e-10 |      
[INFO GPL-0100] Timing-driven iteration 1/2, virtual: false.
[INFO GPL-0101]    Iter: 1, overflow: 0.616, keep resizer changes at: 1, HPWL: 472748
Iteration |   Area    | Resized | Buffers | Nets repaired | Remaining
---------------------------------------------------------------------
        0 |     +0.0% |       0 |       0 |             0 |       435
    final |    +68.9% |       9 |     320 |            75 |         0
---------------------------------------------------------------------
[INFO RSZ-0034] Found 75 slew violations.
[INFO RSZ-0039] Resized 9 instances.
[INFO RSZ-0038] Inserted 320 buffers in 75 nets.
   Iter   |    Area   | Removed | Inserted |   Pins
          |           | Buffers | Buffers  | Remaining
-------------------------------------------------------
        0 |     +0.0% |       0 |        0 |       306
       30 |     -2.0% |      18 |        2 |       276
[WARNING RSZ-2005] cannot find a viable buffering solution on pin _435_/SN after 1 rounds of buffering (no solution meets design rules)
       60 |     -2.7% |      26 |        4 |       246
[WARNING RSZ-2005] cannot find a viable buffering solution on pin _440_/CON after 1 rounds of buffering (no solution meets design rules)
[WARNING RSZ-2005] cannot find a viable buffering solution on pin _439_/CON after 1 rounds of buffering (no solution meets design rules)
[WARNING RSZ-2005] cannot find a viable buffering solution on pin _436_/CON after 1 rounds of buffering (no solution meets design rules)
       90 |     -8.2% |      81 |       13 |       216
[WARNING RSZ-2005] cannot find a viable buffering solution on pin _428_/CON after 1 rounds of buffering (no solution meets design rules)
      120 |    -12.2% |     127 |       25 |       186
[WARNING RSZ-2005] cannot find a viable buffering solution on pin _426_/CON after 1 rounds of buffering (no solution meets design rules)
      150 |    -14.1% |     154 |       35 |       156
      180 |    -16.5% |     183 |       43 |       126
[WARNING RSZ-2005] cannot find a viable buffering solution on pin _422_/CON after 1 rounds of buffering (no solution meets design rules)
      210 |    -17.3% |     195 |       48 |        96
      240 |    -18.3% |     220 |       62 |        66
      270 |    -21.6% |     257 |       71 |        36
      300 |    -21.0% |     260 |       77 |         6
    final |    -22.7% |     280 |       82 |         0
-------------------------------------------------------
[INFO GPL-0106] Timing-driven: worst slack -4e-11
[INFO GPL-0107] Timing-driven: repair_design delta area: 10.480 um^2 (+28.92%)
[INFO GPL-0108] Timing-driven: repair_design, gpl delta gcells: 122 (+34.96%)
[INFO GPL-0109] Timing-driven: repair_design, gcells created: 402, deleted: 280
[INFO GPL-0110] Timing-driven: new target density: 0.8312695
Iteration | Overflow |     HPWL (um) |  HPWL(%) |   Penalty | Group
---------------------------------------------------------------
       10 |   0.6839 |  3.648360e+02 |  -22.83% |  2.78e-10 |      
       20 |   0.6844 |  3.626770e+02 |   -0.59% |  4.52e-10 |      
       30 |   0.6877 |  3.612560e+02 |   -0.39% |  7.37e-10 |      
       40 |   0.6787 |  3.613830e+02 |   +0.04% |  1.20e-09 |      
       50 |   0.6773 |  3.619530e+02 |   +0.16% |  1.96e-09 |      
       60 |   0.6747 |  3.630780e+02 |   +0.31% |  3.18e-09 |      
       70 |   0.6673 |  3.650970e+02 |   +0.56% |  5.19e-09 |      
       80 |   0.6546 |  3.676510e+02 |   +0.70% |  8.45e-09 |      
       90 |   0.6404 |  3.711120e+02 |   +0.94% |  1.38e-08 |      
      100 |   0.6245 |  3.757320e+02 |   +1.24% |  2.24e-08 |      
      110 |   0.6061 |  3.824140e+02 |   +1.78% |  3.65e-08 |      
[INFO GPL-0038] Routability snapshot saved at iter = 113
      112 |   0.5995 |  3.839820e+02 |          |           |      
      120 |   0.5722 |  3.898280e+02 |   +1.94% |  5.95e-08 |      
      130 |   0.5487 |  3.975760e+02 |   +1.99% |  9.69e-08 |      
      140 |   0.5064 |  4.067210e+02 |   +2.30% |  1.58e-07 |      
      150 |   0.4676 |  4.136520e+02 |   +1.70% |  2.57e-07 |      
      160 |   0.4320 |  4.224610e+02 |   +2.13% |  4.19e-07 |      
      170 |   0.3997 |  4.329020e+02 |   +2.47% |  6.82e-07 |      
      180 |   0.3549 |  4.395910e+02 |   +1.55% |  1.11e-06 |      
      190 |   0.3214 |  4.452410e+02 |   +1.29% |  1.69e-06 |      
[INFO GPL-0040] Routability iteration: 1
[INFO GPL-0041] Total routing overflow: 0.0000
[INFO GPL-0042] Number of overflowed tiles: 0 (0.00%)
[INFO GPL-0043] Average top 0.5% routing congestion: 0.6114
[INFO GPL-0044] Average top 1.0% routing congestion: 0.5967
[INFO GPL-0045] Average top 2.0% routing congestion: 0.5747
[INFO GPL-0046] Average top 5.0% routing congestion: 0.5378
[INFO GPL-0047] Routability iteration weighted routing congestion: 0.6041
[INFO GPL-0050] Weighted routing congestion is lower than target routing congestion(1.0100), end routability optimization.
[INFO GPL-0090] Routability finished. Target routing congestion achieved succesfully.
Iteration | Overflow |     HPWL (um) |  HPWL(%) |   Penalty | Group
---------------------------------------------------------------
      200 |   0.2959 |  4.514870e+02 |   +1.40% |  2.49e-06 |      
      210 |   0.2696 |  4.574290e+02 |   +1.32% |  3.66e-06 |      
      220 |   0.2451 |  4.623910e+02 |   +1.08% |  5.39e-06 |      
      230 |   0.2197 |  4.684080e+02 |   +1.30% |  7.94e-06 |      
      240 |   0.1974 |  4.729230e+02 |   +0.96% |  1.17e-05 |      
[INFO GPL-0100] Timing-driven iteration 2/2, virtual: false.
[INFO GPL-0101]    Iter: 243, overflow: 0.194, keep resizer changes at: 1, HPWL: 473767
Iteration |   Area    | Resized | Buffers | Nets repaired | Remaining
---------------------------------------------------------------------
        0 |     +0.0% |       0 |       0 |             0 |       557
    final |     +2.1% |       0 |      13 |             6 |         0
---------------------------------------------------------------------
[INFO RSZ-0034] Found 6 slew violations.
[INFO RSZ-0038] Inserted 13 buffers in 6 nets.
   Iter   |    Area   | Removed | Inserted |   Pins
          |           | Buffers | Buffers  | Remaining
-------------------------------------------------------
        0 |     +0.0% |       0 |        0 |       306
       30 |     +0.0% |       2 |        2 |       276
       60 |     -1.2% |      13 |        5 |       246
[WARNING RSZ-2005] cannot find a viable buffering solution on pin _434_/CON after 1 rounds of buffering (no solution meets design rules)
       90 |     -4.5% |      45 |       16 |       216
[WARNING RSZ-2005] cannot find a viable buffering solution on pin _428_/CON after 1 rounds of buffering (no solution meets design rules)
[WARNING RSZ-2005] cannot find a viable buffering solution on pin _424_/CON after 1 rounds of buffering (no solution meets design rules)
      120 |     -4.5% |      56 |       27 |       186
[WARNING RSZ-2005] cannot find a viable buffering solution on pin _426_/CON after 1 rounds of buffering (no solution meets design rules)
      150 |     -4.7% |      66 |       36 |       156
      180 |     -5.2% |      77 |       44 |       126
[WARNING RSZ-2005] cannot find a viable buffering solution on pin _422_/CON after 1 rounds of buffering (no solution meets design rules)
      210 |     -5.2% |      82 |       49 |        96
      240 |     -5.0% |      96 |       64 |        66
      270 |     -5.0% |     105 |       73 |        36
      300 |     -5.7% |     111 |       76 |         6
    final |     -5.5% |     116 |       82 |         0
-------------------------------------------------------
[INFO GPL-0106] Timing-driven: worst slack -4e-11
[INFO GPL-0107] Timing-driven: repair_design delta area: -1.560 um^2 (-3.34%)
[INFO GPL-0108] Timing-driven: repair_design, gpl delta gcells: -21 (-4.46%)
[INFO GPL-0109] Timing-driven: repair_design, gcells created: 95, deleted: 116
[INFO GPL-0110] Timing-driven: new target density: 0.8059979
Iteration | Overflow |     HPWL (um) |  HPWL(%) |   Penalty | Group
---------------------------------------------------------------
      250 |   0.1823 |  4.847810e+02 |   +2.51% |  1.72e-05 |      
      260 |   0.1592 |  4.838170e+02 |   -0.20% |  2.54e-05 |      
      270 |   0.1366 |  4.879770e+02 |   +0.86% |  3.74e-05 |      
      280 |   0.1145 |  4.917440e+02 |   +0.77% |  5.51e-05 |      
      288 |   0.0990 |  4.936340e+02 |          |  7.81e-05 |      
---------------------------------------------------------------
[INFO GPL-1001] Global placement finished at iteration 288
[INFO GPL-1003] Routability mode iteration count: 86
[INFO GPL-1005] Routability final weighted congestion: 0.5822
[INFO GPL-1002] Placed Cell Area               45.1586
[INFO GPL-1003] Available Free Area            61.7317
[INFO GPL-1004] Minimum Feasible Density        0.5900 (cell_area / free_area)
[INFO GPL-1006]   Suggested Target Densities:
[INFO GPL-1007]     - For 90% usage of free space: 0.8128
[INFO GPL-1008]     - For 80% usage of free space: 0.9144
[INFO GPL-1011] Original area (um^2): 36.24
[INFO GPL-1012] Total routability artificial inflation: 10.48 (+28.92%)
[INFO GPL-1013] Total timing-driven delta area: 8.92 (+24.62%)
[INFO GPL-1014] Final placement area: 45.16 (+24.62%)
Took 12 seconds: global_placement -density 0.6614999777078628 -pad_left 0 -pad_right 0 -routability_driven -timing_driven
Report metrics stage 3, global place...

==========================================================================
global place report_design_area
--------------------------------------------------------------------------
Design area 43 um^2 68% utilization.
Elapsed time: 0:13.39[h:]min:sec. CPU time: user 391.11 sys 0.67 (2924%). Peak memory: 288688KB.
Log                        Elapsed/s Peak Memory/MB  sha1sum .odb [0:20)
3_3_place_gp                      13            281 78918ad46bf27ae42e77
