OpenROAD 24Q3-11673-g154f14ab7e 
Features included (+) or not (-): +GPU +GUI +Python
This program is licensed under the BSD-3 license. See the LICENSE file for details.
Components of this program may be licensed under more restrictive licenses which must be honored.
[INFO ORD-0030] Using 32 thread(s).
source /OpenROAD-flow-scripts/flow/platforms/asap7/liberty_suppressions.tcl
read_liberty /OpenROAD-flow-scripts/flow/platforms/asap7/lib/NLDM/asap7sc7p5t_AO_RVT_FF_nldm_211120.lib.gz
read_liberty /OpenROAD-flow-scripts/flow/platforms/asap7/lib/NLDM/asap7sc7p5t_INVBUF_RVT_FF_nldm_220122.lib.gz
read_liberty /OpenROAD-flow-scripts/flow/platforms/asap7/lib/NLDM/asap7sc7p5t_OA_RVT_FF_nldm_211120.lib.gz
read_liberty /OpenROAD-flow-scripts/flow/platforms/asap7/lib/NLDM/asap7sc7p5t_SIMPLE_RVT_FF_nldm_211120.lib.gz
read_liberty /OpenROAD-flow-scripts/flow/platforms/asap7/lib/NLDM/asap7sc7p5t_SEQ_RVT_FF_nldm_220123.lib
read_db ./results/asap7/tritone/maxperf/3_3_place_gp.odb
source /OpenROAD-flow-scripts/flow/platforms/asap7/setRC.tcl
Perform buffer insertion and gate resizing...
repair_design -verbose
Iteration |   Area    | Resized | Buffers | Nets repaired | Remaining
---------------------------------------------------------------------
        0 |     +0.0% |       0 |       0 |             0 |       536
       10 |     +0.0% |       0 |       0 |             0 |       526
       20 |     +0.0% |       0 |       0 |             0 |       516
       30 |     +0.0% |       0 |       0 |             0 |       506
       40 |     +0.0% |       0 |       0 |             0 |       496
       50 |     +0.0% |       0 |       0 |             0 |       486
       60 |     +0.0% |       0 |       0 |             0 |       476
       70 |     +0.8% |       0 |       5 |             1 |       466
       80 |     +0.8% |       0 |       5 |             1 |       456
       90 |     +0.8% |       0 |       5 |             1 |       446
      100 |     +0.8% |       0 |       5 |             1 |       436
      110 |     +0.8% |       0 |       5 |             1 |       426
      120 |     +0.8% |       0 |       5 |             1 |       416
      130 |     +0.8% |       0 |       5 |             1 |       406
      140 |     +0.8% |       0 |       5 |             1 |       396
      150 |     +0.8% |       0 |       5 |             1 |       386
      160 |     +0.8% |       0 |       5 |             1 |       376
      170 |     +0.8% |       0 |       5 |             1 |       366
      180 |     +0.8% |       0 |       5 |             1 |       356
      190 |     +0.8% |       0 |       5 |             1 |       346
      200 |     +0.8% |       0 |       5 |             1 |       336
      210 |     +0.8% |       0 |       5 |             1 |       326
      220 |     +0.8% |       0 |       5 |             1 |       316
      230 |     +0.8% |       0 |       5 |             1 |       306
      240 |     +0.8% |       0 |       5 |             1 |       296
      250 |     +0.8% |       0 |       5 |             1 |       286
      260 |     +0.8% |       0 |       5 |             1 |       276
      270 |     +0.8% |       0 |       5 |             1 |       266
      280 |     +0.8% |       0 |       5 |             1 |       256
      290 |     +0.8% |       0 |       5 |             1 |       246
      300 |     +0.8% |       0 |       5 |             1 |       236
      310 |     +0.8% |       0 |       5 |             1 |       226
      320 |     +0.8% |       0 |       5 |             1 |       216
      330 |     +0.8% |       0 |       5 |             1 |       206
      340 |     +0.8% |       0 |       5 |             1 |       196
      350 |     +0.8% |       0 |       5 |             1 |       186
      360 |     +0.8% |       0 |       5 |             1 |       176
      370 |     +0.8% |       0 |       5 |             1 |       166
      380 |     +0.8% |       0 |       5 |             1 |       156
      390 |     +0.8% |       0 |       5 |             1 |       146
      400 |     +0.8% |       0 |       5 |             1 |       136
      410 |     +0.8% |       0 |       5 |             1 |       126
      420 |     +0.8% |       0 |       5 |             1 |       116
      430 |     +0.8% |       0 |       5 |             1 |       106
      440 |     +0.8% |       0 |       5 |             1 |        96
      450 |     +0.8% |       0 |       5 |             1 |        86
      460 |     +0.8% |       0 |       5 |             1 |        76
      470 |     +0.8% |       0 |       5 |             1 |        66
      480 |     +0.8% |       0 |       5 |             1 |        56
      490 |     +0.8% |       0 |       5 |             1 |        46
      500 |     +0.8% |       0 |       5 |             1 |        36
      510 |     +0.8% |       0 |       5 |             1 |        26
      520 |     +0.8% |       0 |       5 |             1 |        16
      530 |     +0.8% |       0 |       5 |             1 |         6
    final |     +0.8% |       0 |       5 |             1 |         0
---------------------------------------------------------------------
[INFO RSZ-0034] Found 1 slew violations.
[INFO RSZ-0038] Inserted 5 buffers in 1 nets.
Floating nets: 
Report metrics stage 3, resizer...

==========================================================================
resizer report_design_area
--------------------------------------------------------------------------
Design area 44 um^2 69% utilization.
Instance count before 508, after 513
Pin count before 1190, after 1200
Elapsed time: 0:01.09[h:]min:sec. CPU time: user 0.98 sys 0.19 (108%). Peak memory: 214292KB.
Log                        Elapsed/s Peak Memory/MB  sha1sum .odb [0:20)
3_4_place_resized                  1            209 3a3095cbebd364307892
