OpenROAD 24Q3-11673-g154f14ab7e 
Features included (+) or not (-): +GPU +GUI +Python
This program is licensed under the BSD-3 license. See the LICENSE file for details.
Components of this program may be licensed under more restrictive licenses which must be honored.
[INFO ORD-0030] Using 32 thread(s).
source /OpenROAD-flow-scripts/flow/platforms/asap7/liberty_suppressions.tcl
read_liberty /OpenROAD-flow-scripts/flow/platforms/asap7/lib/NLDM/asap7sc7p5t_AO_RVT_FF_nldm_211120.lib.gz
read_liberty /OpenROAD-flow-scripts/flow/platforms/asap7/lib/NLDM/asap7sc7p5t_INVBUF_RVT_FF_nldm_220122.lib.gz
read_liberty /OpenROAD-flow-scripts/flow/platforms/asap7/lib/NLDM/asap7sc7p5t_OA_RVT_FF_nldm_211120.lib.gz
read_liberty /OpenROAD-flow-scripts/flow/platforms/asap7/lib/NLDM/asap7sc7p5t_SIMPLE_RVT_FF_nldm_211120.lib.gz
read_liberty /OpenROAD-flow-scripts/flow/platforms/asap7/lib/NLDM/asap7sc7p5t_SEQ_RVT_FF_nldm_220123.lib
read_db ./results/asap7/tritone/maxperf/4_cts.odb
source /OpenROAD-flow-scripts/flow/platforms/asap7/setRC.tcl
pin_access
[INFO DRT-0149] Reading tech and libs.

Units:                1000
Number of layers:     21
Number of macros:     212
Number of vias:       14
Number of viarulegen: 11

[INFO DRT-0150] Reading design.

Design:                   ternary_cpu_system
Die area:                 ( 0 0 ) ( 12152 12152 )
Number of track patterns: 32
Number of DEF vias:       0
Number of components:     517
Number of terminals:      111
Number of snets:          2
Number of nets:           544

[INFO DRT-0167] List of default vias:
  Layer V2
    default via: VIA23
  Layer V3
    default via: VIA34
  Layer V4
    default via: VIA45
  Layer V5
    default via: VIA56
  Layer V6
    default via: VIA67
  Layer V7
    default via: VIA78
  Layer V8
    default via: VIA89
  Layer V9
    default via: VIA9Pad
[INFO DRT-0162] Library cell analysis.
[INFO DRT-0163] Instance analysis.
[INFO DRT-0164] Number of unique instances = 91.
[INFO DRT-0168] Init region query.
[INFO DRT-0024]   Complete Active.
[INFO DRT-0024]   Complete V0.
[INFO DRT-0024]   Complete M1.
[INFO DRT-0024]   Complete V1.
[INFO DRT-0024]   Complete M2.
[INFO DRT-0024]   Complete V2.
[INFO DRT-0024]   Complete M3.
[INFO DRT-0024]   Complete V3.
[INFO DRT-0024]   Complete M4.
[INFO DRT-0024]   Complete V4.
[INFO DRT-0024]   Complete M5.
[INFO DRT-0024]   Complete V5.
[INFO DRT-0024]   Complete M6.
[INFO DRT-0024]   Complete V6.
[INFO DRT-0024]   Complete M7.
[INFO DRT-0024]   Complete V7.
[INFO DRT-0024]   Complete M8.
[INFO DRT-0024]   Complete V8.
[INFO DRT-0024]   Complete M9.
[INFO DRT-0024]   Complete V9.
[INFO DRT-0024]   Complete Pad.
[INFO DRT-0033] Active shape region query size = 0.
[INFO DRT-0033] V0 shape region query size = 0.
[INFO DRT-0033] M1 shape region query size = 6871.
[INFO DRT-0033] V1 shape region query size = 7358.
[INFO DRT-0033] M2 shape region query size = 348.
[INFO DRT-0033] V2 shape region query size = 180.
[INFO DRT-0033] M3 shape region query size = 180.
[INFO DRT-0033] V3 shape region query size = 120.
[INFO DRT-0033] M4 shape region query size = 156.
[INFO DRT-0033] V4 shape region query size = 120.
[INFO DRT-0033] M5 shape region query size = 145.
[INFO DRT-0033] V5 shape region query size = 16.
[INFO DRT-0033] M6 shape region query size = 16.
[INFO DRT-0033] V6 shape region query size = 0.
[INFO DRT-0033] M7 shape region query size = 0.
[INFO DRT-0033] V7 shape region query size = 0.
[INFO DRT-0033] M8 shape region query size = 0.
[INFO DRT-0033] V8 shape region query size = 0.
[INFO DRT-0033] M9 shape region query size = 0.
[INFO DRT-0033] V9 shape region query size = 0.
[INFO DRT-0033] Pad shape region query size = 0.
[INFO DRT-0165] Start pin access.
[INFO DRT-0078]   Complete 471 pins.
[INFO DRT-0081]   Complete 91 unique inst patterns.
[INFO DRT-0084]   Complete 251 groups.
#scanned instances     = 517
#unique  instances     = 91
#stdCellGenAp          = 2323
#stdCellValidPlanarAp  = 56
#stdCellValidViaAp     = 1843
#stdCellPinNoAp        = 0
#stdCellPinCnt         = 1113
#instTermValidViaApCnt = 0
#macroGenAp            = 0
#macroValidPlanarAp    = 0
#macroValidViaAp       = 0
#macroNoAp             = 0
[INFO DRT-0166] Complete pin access.
[INFO DRT-0267] cpu time = 00:00:17, elapsed time = 00:00:01, memory = 202.45 (MB), peak = 202.45 (MB)
global_route -congestion_report_file ./reports/asap7/tritone/maxperf/congestion.rpt -congestion_iterations 30 -congestion_report_iter_step 5 -verbose
[INFO GRT-0020] Min routing layer: M2
[INFO GRT-0021] Max routing layer: M7
[INFO GRT-0022] Global adjustment: 0%
[INFO GRT-0023] Grid origin: (0, 0)
[INFO GRT-0088] Layer M1      Track-Pitch = 0.0360  line-2-Via Pitch: 0.0360
[INFO GRT-0088] Layer M2      Track-Pitch = 0.0390  line-2-Via Pitch: 0.0360
[INFO GRT-0088] Layer M3      Track-Pitch = 0.0360  line-2-Via Pitch: 0.0360
[INFO GRT-0088] Layer M4      Track-Pitch = 0.0480  line-2-Via Pitch: 0.0480
[INFO GRT-0088] Layer M5      Track-Pitch = 0.0480  line-2-Via Pitch: 0.0480
[INFO GRT-0088] Layer M6      Track-Pitch = 0.0640  line-2-Via Pitch: 0.0640
[INFO GRT-0088] Layer M7      Track-Pitch = 0.0640  line-2-Via Pitch: 0.0640
[INFO GRT-0003] Macros: 0
[INFO GRT-0004] Blockages: 114
[INFO GRT-0019] Found 4 clock nets.
[INFO GRT-0001] Minimum degree: 2
[INFO GRT-0002] Maximum degree: 12

[INFO GRT-0053] Routing resources analysis:
          Routing      Original      Derated      Resource
Layer     Direction    Resources     Resources    Reduction (%)
---------------------------------------------------------------
M1         Vertical            0             0          0.00%
M2         Horizontal       5546          4005          27.79%
M3         Vertical         6572          4881          25.73%
M4         Horizontal       4998          3718          25.61%
M5         Vertical         4886          3635          25.60%
M6         Horizontal       3520          2426          31.08%
M7         Vertical         3800          2580          32.11%
---------------------------------------------------------------

[INFO GRT-0197] Via related to pin nodes: 1968
[INFO GRT-0198] Via related Steiner nodes: 17
[INFO GRT-0199] Via filling finished.
[INFO GRT-0111] Final number of vias: 2450
[INFO GRT-0112] Final usage 3D: 8430

[INFO GRT-0096] Final congestion report:
Layer         Resource        Demand        Usage (%)    Max H / Max V / Total Overflow
---------------------------------------------------------------------------------------
M1                   0             0            0.00%             0 /  0 /  0
M2                4005           421           10.51%             0 /  0 /  0
M3                4881           527           10.80%             0 /  0 /  0
M4                3718            98            2.64%             0 /  0 /  0
M5                3635            34            0.94%             0 /  0 /  0
M6                2426             0            0.00%             0 /  0 /  0
M7                2580             0            0.00%             0 /  0 /  0
---------------------------------------------------------------------------------------
Total            21245          1080            5.08%             0 /  0 /  0

[INFO GRT-0018] Total wirelength: 1029 um
[INFO GRT-0014] Routed nets: 494
Perform buffer insertion and gate resizing...
repair_design -verbose
Iteration |   Area    | Resized | Buffers | Nets repaired | Remaining
---------------------------------------------------------------------
        0 |     +0.0% |       0 |       0 |             0 |       545
       10 |     +0.0% |       0 |       0 |             0 |       535
       20 |     +0.0% |       0 |       0 |             0 |       525
       30 |     +0.0% |       0 |       0 |             0 |       515
       40 |     +0.0% |       0 |       0 |             0 |       505
       50 |     +0.3% |       0 |       2 |             1 |       495
       60 |     +0.3% |       0 |       2 |             1 |       485
       70 |     +0.3% |       0 |       2 |             2 |       475
       80 |     +1.3% |       0 |       8 |             4 |       465
       90 |     +1.7% |       0 |      10 |             6 |       455
      100 |     +1.7% |       0 |      10 |             6 |       445
      110 |     +2.0% |       0 |      12 |             7 |       435
      120 |     +2.0% |       0 |      12 |             8 |       425
      130 |     +2.0% |       0 |      12 |             8 |       415
      140 |     +2.3% |       0 |      14 |             9 |       405
      150 |     +2.3% |       0 |      14 |             9 |       395
      160 |     +2.3% |       0 |      14 |             9 |       385
      170 |     +3.3% |       0 |      20 |            11 |       375
      180 |     +3.6% |       0 |      22 |            13 |       365
      190 |     +3.6% |       0 |      22 |            13 |       355
      200 |     +3.6% |       0 |      22 |            13 |       345
      210 |     +3.6% |       0 |      22 |            13 |       335
      220 |     +3.6% |       0 |      22 |            13 |       325
      230 |     +3.6% |       0 |      22 |            13 |       315
      240 |     +3.6% |       0 |      22 |            13 |       305
      250 |     +4.0% |       0 |      24 |            14 |       295
      260 |     +4.0% |       0 |      24 |            14 |       285
      270 |     +4.0% |       0 |      24 |            14 |       275
      280 |     +4.0% |       0 |      24 |            14 |       265
      290 |     +4.0% |       0 |      24 |            14 |       255
      300 |     +4.0% |       0 |      24 |            14 |       245
      310 |     +4.0% |       0 |      24 |            14 |       235
      320 |     +4.0% |       0 |      24 |            14 |       225
      330 |     +4.0% |       0 |      24 |            14 |       215
      340 |     +4.0% |       0 |      24 |            14 |       205
      350 |     +4.0% |       0 |      24 |            14 |       195
      360 |     +4.0% |       0 |      24 |            14 |       185
      370 |     +4.0% |       0 |      24 |            14 |       175
      380 |     +4.0% |       0 |      24 |            14 |       165
      390 |     +4.0% |       0 |      24 |            14 |       155
      400 |     +4.0% |       0 |      24 |            14 |       145
      410 |     +4.0% |       0 |      24 |            14 |       135
      420 |     +4.0% |       0 |      24 |            14 |       125
      430 |     +4.0% |       0 |      24 |            14 |       115
      440 |     +4.0% |       0 |      24 |            14 |       105
      450 |     +4.0% |       0 |      24 |            14 |        95
      460 |     +4.0% |       0 |      24 |            14 |        85
      470 |     +4.0% |       0 |      24 |            14 |        75
      480 |     +4.0% |       0 |      24 |            14 |        65
      490 |     +4.0% |       0 |      24 |            14 |        55
      500 |     +4.0% |       0 |      24 |            14 |        45
      510 |     +4.0% |       0 |      24 |            14 |        35
      520 |     +4.0% |       0 |      24 |            14 |        25
      530 |     +4.0% |       0 |      24 |            14 |        15
      540 |     +4.0% |       0 |      24 |            14 |         5
    final |     +4.0% |       0 |      24 |            14 |         0
---------------------------------------------------------------------
[INFO RSZ-0034] Found 14 slew violations.
[INFO RSZ-0038] Inserted 24 buffers in 14 nets.
global_route -start_incremental
detailed_placement
Placement Analysis
---------------------------------
total displacement         24.9 u
average displacement        0.0 u
max displacement            1.1 u
original HPWL             592.9 u
legalized HPWL            613.0 u
delta HPWL                    3 %

global_route -end_incremental -congestion_report_file ./reports/asap7/tritone/maxperf/congestion_post_repair_design.rpt
Repair setup and hold violations...
repair_timing -setup_margin 0 -hold_margin 0 -repair_tns 100 -verbose
[INFO RSZ-0100] Repair move sequence: UnbufferMove SizeUpMove SwapPinsMove BufferMove CloneMove SplitLoadMove 
[INFO RSZ-0098] No setup violations found
[INFO RSZ-0033] No hold violations found.
global_route -start_incremental
detailed_placement
Placement Analysis
---------------------------------
total displacement          0.0 u
average displacement        0.0 u
max displacement            0.0 u
original HPWL             613.0 u
legalized HPWL            613.0 u
delta HPWL                    0 %

global_route -end_incremental -congestion_report_file ./reports/asap7/tritone/maxperf/congestion_post_repair_timing.rpt
global_route -start_incremental
global_route -end_incremental -congestion_report_file ./reports/asap7/tritone/maxperf/congestion_post_recover_power.rpt
Repair antennas...
[WARNING GRT-0246] No diode with LEF class CORE ANTENNACELL found.
[INFO ANT-0002] Found 0 net violations.
[INFO ANT-0001] Found 0 pin violations.
Estimate parasitics...
Report metrics stage 5, global route...

==========================================================================
global route report_design_area
--------------------------------------------------------------------------
Design area 46 um^2 72% utilization.
[INFO FLW-0007] clock core_clock period 500.000000
[INFO FLW-0008] Clock core_clock period 461.959
[INFO FLW-0009] Clock core_clock slack 13.727
[INFO FLW-0011] Path endpoint path count 69
Elapsed time: 0:03.70[h:]min:sec. CPU time: user 45.13 sys 1.11 (1247%). Peak memory: 301508KB.
Log                        Elapsed/s Peak Memory/MB  sha1sum .odb [0:20)
5_1_grt                            3            294 8ace8458f714b6dc23e7
