OpenROAD 24Q3-11673-g154f14ab7e 
Features included (+) or not (-): +GPU +GUI +Python
This program is licensed under the BSD-3 license. See the LICENSE file for details.
Components of this program may be licensed under more restrictive licenses which must be honored.
[INFO ORD-0030] Using 32 thread(s).
source /OpenROAD-flow-scripts/flow/platforms/asap7/liberty_suppressions.tcl
read_liberty /OpenROAD-flow-scripts/flow/platforms/asap7/lib/NLDM/asap7sc7p5t_AO_RVT_FF_nldm_211120.lib.gz
read_liberty /OpenROAD-flow-scripts/flow/platforms/asap7/lib/NLDM/asap7sc7p5t_INVBUF_RVT_FF_nldm_220122.lib.gz
read_liberty /OpenROAD-flow-scripts/flow/platforms/asap7/lib/NLDM/asap7sc7p5t_OA_RVT_FF_nldm_211120.lib.gz
read_liberty /OpenROAD-flow-scripts/flow/platforms/asap7/lib/NLDM/asap7sc7p5t_SIMPLE_RVT_FF_nldm_211120.lib.gz
read_liberty /OpenROAD-flow-scripts/flow/platforms/asap7/lib/NLDM/asap7sc7p5t_SEQ_RVT_FF_nldm_220123.lib
read_db ./results/asap7/tritone/maxperf/5_1_grt.odb
source /OpenROAD-flow-scripts/flow/platforms/asap7/setRC.tcl
detailed_route -output_drc ./reports/asap7/tritone/maxperf/5_route_drc.rpt -output_maze ./results/asap7/tritone/maxperf/maze.log -droute_end_iter 64 -verbose 1 -drc_report_iter_step 5
[INFO DRT-0149] Reading tech and libs.

Units:                1000
Number of layers:     21
Number of macros:     212
Number of vias:       14
Number of viarulegen: 11

[INFO DRT-0150] Reading design.

Design:                   ternary_cpu_system
Die area:                 ( 0 0 ) ( 12152 12152 )
Number of track patterns: 32
Number of DEF vias:       0
Number of components:     541
Number of terminals:      111
Number of snets:          2
Number of nets:           568

[INFO DRT-0167] List of default vias:
  Layer V2
    default via: VIA23
  Layer V3
    default via: VIA34
  Layer V4
    default via: VIA45
  Layer V5
    default via: VIA56
  Layer V6
    default via: VIA67
  Layer V7
    default via: VIA78
  Layer V8
    default via: VIA89
  Layer V9
    default via: VIA9Pad
[INFO DRT-0162] Library cell analysis.
[INFO DRT-0163] Instance analysis.
[INFO DRT-0164] Number of unique instances = 91.
[INFO DRT-0168] Init region query.
[INFO DRT-0024]   Complete Active.
[INFO DRT-0024]   Complete V0.
[INFO DRT-0024]   Complete M1.
[INFO DRT-0024]   Complete V1.
[INFO DRT-0024]   Complete M2.
[INFO DRT-0024]   Complete V2.
[INFO DRT-0024]   Complete M3.
[INFO DRT-0024]   Complete V3.
[INFO DRT-0024]   Complete M4.
[INFO DRT-0024]   Complete V4.
[INFO DRT-0024]   Complete M5.
[INFO DRT-0024]   Complete V5.
[INFO DRT-0024]   Complete M6.
[INFO DRT-0024]   Complete V6.
[INFO DRT-0024]   Complete M7.
[INFO DRT-0024]   Complete V7.
[INFO DRT-0024]   Complete M8.
[INFO DRT-0024]   Complete V8.
[INFO DRT-0024]   Complete M9.
[INFO DRT-0024]   Complete V9.
[INFO DRT-0024]   Complete Pad.
[INFO DRT-0033] Active shape region query size = 0.
[INFO DRT-0033] V0 shape region query size = 0.
[INFO DRT-0033] M1 shape region query size = 7183.
[INFO DRT-0033] V1 shape region query size = 7358.
[INFO DRT-0033] M2 shape region query size = 348.
[INFO DRT-0033] V2 shape region query size = 180.
[INFO DRT-0033] M3 shape region query size = 180.
[INFO DRT-0033] V3 shape region query size = 120.
[INFO DRT-0033] M4 shape region query size = 156.
[INFO DRT-0033] V4 shape region query size = 120.
[INFO DRT-0033] M5 shape region query size = 145.
[INFO DRT-0033] V5 shape region query size = 16.
[INFO DRT-0033] M6 shape region query size = 16.
[INFO DRT-0033] V6 shape region query size = 0.
[INFO DRT-0033] M7 shape region query size = 0.
[INFO DRT-0033] V7 shape region query size = 0.
[INFO DRT-0033] M8 shape region query size = 0.
[INFO DRT-0033] V8 shape region query size = 0.
[INFO DRT-0033] M9 shape region query size = 0.
[INFO DRT-0033] V9 shape region query size = 0.
[INFO DRT-0033] Pad shape region query size = 0.
[INFO DRT-0165] Start pin access.
[INFO DRT-0078]   Complete 471 pins.
[INFO DRT-0081]   Complete 91 unique inst patterns.
[INFO DRT-0084]   Complete 247 groups.
#scanned instances     = 541
#unique  instances     = 91
#stdCellGenAp          = 2323
#stdCellValidPlanarAp  = 56
#stdCellValidViaAp     = 1843
#stdCellPinNoAp        = 0
#stdCellPinCnt         = 1161
#instTermValidViaApCnt = 0
#macroGenAp            = 0
#macroValidPlanarAp    = 0
#macroValidViaAp       = 0
#macroNoAp             = 0
[INFO DRT-0166] Complete pin access.
[INFO DRT-0267] cpu time = 00:00:16, elapsed time = 00:00:01, memory = 267.63 (MB), peak = 267.63 (MB)

[INFO DRT-0157] Number of guides:     2767

[INFO DRT-0169] Post process guides.
[INFO DRT-0176] GCELLGRID X 0 DO 21 STEP 570 ;
[INFO DRT-0177] GCELLGRID Y 0 DO 21 STEP 570 ;
[INFO DRT-0028]   Complete Active.
[INFO DRT-0028]   Complete V0.
[INFO DRT-0028]   Complete M1.
[INFO DRT-0028]   Complete V1.
[INFO DRT-0028]   Complete M2.
[INFO DRT-0028]   Complete V2.
[INFO DRT-0028]   Complete M3.
[INFO DRT-0028]   Complete V3.
[INFO DRT-0028]   Complete M4.
[INFO DRT-0028]   Complete V4.
[INFO DRT-0028]   Complete M5.
[INFO DRT-0028]   Complete V5.
[INFO DRT-0028]   Complete M6.
[INFO DRT-0028]   Complete V6.
[INFO DRT-0028]   Complete M7.
[INFO DRT-0028]   Complete V7.
[INFO DRT-0028]   Complete M8.
[INFO DRT-0028]   Complete V8.
[INFO DRT-0028]   Complete M9.
[INFO DRT-0028]   Complete V9.
[INFO DRT-0028]   Complete Pad.
[INFO DRT-0178] Init guide query.
[INFO DRT-0035]   Complete Active (guide).
[INFO DRT-0035]   Complete V0 (guide).
[INFO DRT-0035]   Complete M1 (guide).
[INFO DRT-0035]   Complete V1 (guide).
[INFO DRT-0035]   Complete M2 (guide).
[INFO DRT-0035]   Complete V2 (guide).
[INFO DRT-0035]   Complete M3 (guide).
[INFO DRT-0035]   Complete V3 (guide).
[INFO DRT-0035]   Complete M4 (guide).
[INFO DRT-0035]   Complete V4 (guide).
[INFO DRT-0035]   Complete M5 (guide).
[INFO DRT-0035]   Complete V5 (guide).
[INFO DRT-0035]   Complete M6 (guide).
[INFO DRT-0035]   Complete V6 (guide).
[INFO DRT-0035]   Complete M7 (guide).
[INFO DRT-0035]   Complete V7 (guide).
[INFO DRT-0035]   Complete M8 (guide).
[INFO DRT-0035]   Complete V8 (guide).
[INFO DRT-0035]   Complete M9 (guide).
[INFO DRT-0035]   Complete V9 (guide).
[INFO DRT-0035]   Complete Pad (guide).
[INFO DRT-0036] Active guide region query size = 0.
[INFO DRT-0036] V0 guide region query size = 0.
[INFO DRT-0036] M1 guide region query size = 883.
[INFO DRT-0036] V1 guide region query size = 0.
[INFO DRT-0036] M2 guide region query size = 738.
[INFO DRT-0036] V2 guide region query size = 0.
[INFO DRT-0036] M3 guide region query size = 369.
[INFO DRT-0036] V3 guide region query size = 0.
[INFO DRT-0036] M4 guide region query size = 81.
[INFO DRT-0036] V4 guide region query size = 0.
[INFO DRT-0036] M5 guide region query size = 42.
[INFO DRT-0036] V5 guide region query size = 0.
[INFO DRT-0036] M6 guide region query size = 0.
[INFO DRT-0036] V6 guide region query size = 0.
[INFO DRT-0036] M7 guide region query size = 0.
[INFO DRT-0036] V7 guide region query size = 0.
[INFO DRT-0036] M8 guide region query size = 0.
[INFO DRT-0036] V8 guide region query size = 0.
[INFO DRT-0036] M9 guide region query size = 0.
[INFO DRT-0036] V9 guide region query size = 0.
[INFO DRT-0036] Pad guide region query size = 0.
[INFO DRT-0179] Init gr pin query.
[INFO DRT-0267] cpu time = 00:00:00, elapsed time = 00:00:00, memory = 268.13 (MB), peak = 268.13 (MB)
[INFO DRT-0245] skipped writing guide updates to database.
[INFO DRT-0185] Post process initialize RPin region query.
[INFO DRT-0181] Start track assignment.
[INFO DRT-0184] Done with 1294 vertical wires in 1 frboxes and 819 horizontal wires in 1 frboxes.
[INFO DRT-0186] Done with 89 vertical wires in 1 frboxes and 146 horizontal wires in 1 frboxes.
[INFO DRT-0182] Complete track assignment.
[INFO DRT-0267] cpu time = 00:00:00, elapsed time = 00:00:00, memory = 273.38 (MB), peak = 273.38 (MB)
[INFO DRT-0187] Start routing data preparation.
[INFO DRT-0267] cpu time = 00:00:00, elapsed time = 00:00:00, memory = 273.38 (MB), peak = 273.38 (MB)
[INFO DRT-0194] Start detail routing.
[INFO DRT-0195] Start 0th optimization iteration.
    Completing 10% with 0 violations.
    elapsed time = 00:00:00, memory = 553.94 (MB).
    Completing 20% with 0 violations.
    elapsed time = 00:00:00, memory = 481.14 (MB).
    Completing 30% with 0 violations.
    elapsed time = 00:00:00, memory = 408.59 (MB).
    Completing 40% with 0 violations.
    elapsed time = 00:00:00, memory = 334.30 (MB).
    Completing 50% with 5 violations.
    elapsed time = 00:00:01, memory = 486.62 (MB).
    Completing 60% with 5 violations.
    elapsed time = 00:00:01, memory = 376.60 (MB).
    Completing 70% with 18 violations.
    elapsed time = 00:00:01, memory = 535.32 (MB).
    Completing 80% with 18 violations.
    elapsed time = 00:00:01, memory = 425.12 (MB).
    Completing 100% with 28 violations.
    elapsed time = 00:00:03, memory = 431.60 (MB).
[INFO DRT-0199]   Number of violations = 38.
Viol/Layer          M1     M2     M3
Metal Spacing       16      0      1
Recheck              0      7      3
Short                4      4      0
eolKeepOut           0      3      0
[INFO DRT-0267] cpu time = 00:00:08, elapsed time = 00:00:03, memory = 971.61 (MB), peak = 983.60 (MB)
Total wire length = 632 um.
Total wire length on LAYER M1 = 0 um.
Total wire length on LAYER M2 = 213 um.
Total wire length on LAYER M3 = 291 um.
Total wire length on LAYER M4 = 95 um.
Total wire length on LAYER M5 = 32 um.
Total wire length on LAYER M6 = 0 um.
Total wire length on LAYER M7 = 0 um.
Total wire length on LAYER M8 = 0 um.
Total wire length on LAYER M9 = 0 um.
Total wire length on LAYER Pad = 0 um.
Total number of vias = 2802.
Up-via summary (total 2802):

---------------
 Active       0
     M1    1130
     M2    1465
     M3     162
     M4      45
     M5       0
     M6       0
     M7       0
     M8       0
     M9       0
---------------
       2802


[INFO DRT-0195] Start 1st optimization iteration.
    Completing 10% with 38 violations.
    elapsed time = 00:00:00, memory = 1225.16 (MB).
    Completing 20% with 38 violations.
    elapsed time = 00:00:00, memory = 1047.07 (MB).
    Completing 30% with 35 violations.
    elapsed time = 00:00:01, memory = 1359.04 (MB).
    Completing 40% with 35 violations.
    elapsed time = 00:00:01, memory = 1235.69 (MB).
    Completing 50% with 35 violations.
    elapsed time = 00:00:01, memory = 1116.22 (MB).
    Completing 60% with 24 violations.
    elapsed time = 00:00:02, memory = 1356.65 (MB).
    Completing 70% with 24 violations.
    elapsed time = 00:00:02, memory = 1152.20 (MB).
    Completing 80% with 17 violations.
    elapsed time = 00:00:03, memory = 1427.91 (MB).
    Completing 90% with 17 violations.
    elapsed time = 00:00:03, memory = 1303.96 (MB).
    Completing 100% with 0 violations.
    elapsed time = 00:00:04, memory = 1166.66 (MB).
[INFO DRT-0199]   Number of violations = 0.
[INFO DRT-0267] cpu time = 00:00:11, elapsed time = 00:00:04, memory = 1178.66 (MB), peak = 1460.45 (MB)
Total wire length = 622 um.
Total wire length on LAYER M1 = 0 um.
Total wire length on LAYER M2 = 211 um.
Total wire length on LAYER M3 = 292 um.
Total wire length on LAYER M4 = 89 um.
Total wire length on LAYER M5 = 28 um.
Total wire length on LAYER M6 = 0 um.
Total wire length on LAYER M7 = 0 um.
Total wire length on LAYER M8 = 0 um.
Total wire length on LAYER M9 = 0 um.
Total wire length on LAYER Pad = 0 um.
Total number of vias = 2697.
Up-via summary (total 2697):

---------------
 Active       0
     M1    1129
     M2    1367
     M3     158
     M4      43
     M5       0
     M6       0
     M7       0
     M8       0
     M9       0
---------------
       2697


[INFO DRT-0198] Complete detail routing.
Total wire length = 622 um.
Total wire length on LAYER M1 = 0 um.
Total wire length on LAYER M2 = 211 um.
Total wire length on LAYER M3 = 292 um.
Total wire length on LAYER M4 = 89 um.
Total wire length on LAYER M5 = 28 um.
Total wire length on LAYER M6 = 0 um.
Total wire length on LAYER M7 = 0 um.
Total wire length on LAYER M8 = 0 um.
Total wire length on LAYER M9 = 0 um.
Total wire length on LAYER Pad = 0 um.
Total number of vias = 2697.
Up-via summary (total 2697):

---------------
 Active       0
     M1    1129
     M2    1367
     M3     158
     M4      43
     M5       0
     M6       0
     M7       0
     M8       0
     M9       0
---------------
       2697


[INFO DRT-0267] cpu time = 00:00:19, elapsed time = 00:00:07, memory = 1178.66 (MB), peak = 1460.45 (MB)

[INFO DRT-0180] Post processing.
Took 9 seconds: detailed_route -output_drc ./reports/asap7/tritone/maxperf/5_route_drc.rpt -output_maze ./results/asap7/tritone/maxperf/maze.log -droute_end_iter 64 -verbose 1 -drc_report_iter_step 5
[WARNING GRT-0246] No diode with LEF class CORE ANTENNACELL found.
[INFO ANT-0002] Found 0 net violations.
[INFO ANT-0001] Found 0 pin violations.
[INFO ANT-0002] Found 0 net violations.
[INFO ANT-0001] Found 0 pin violations.
Report metrics stage 5, detailed route...

==========================================================================
detailed route report_design_area
--------------------------------------------------------------------------
Design area 46 um^2 72% utilization.
Elapsed time: 0:10.31[h:]min:sec. CPU time: user 36.91 sys 1.41 (371%). Peak memory: 1495496KB.
Log                        Elapsed/s Peak Memory/MB  sha1sum .odb [0:20)
5_2_route                         10           1460 8c215ee460730141093c
