OpenROAD 24Q3-11673-g154f14ab7e 
Features included (+) or not (-): +GPU +GUI +Python
This program is licensed under the BSD-3 license. See the LICENSE file for details.
Components of this program may be licensed under more restrictive licenses which must be honored.
[INFO ORD-0030] Using 32 thread(s).
source /OpenROAD-flow-scripts/flow/platforms/asap7/liberty_suppressions.tcl
read_liberty /OpenROAD-flow-scripts/flow/platforms/asap7/lib/NLDM/asap7sc7p5t_AO_RVT_FF_nldm_211120.lib.gz
read_liberty /OpenROAD-flow-scripts/flow/platforms/asap7/lib/NLDM/asap7sc7p5t_INVBUF_RVT_FF_nldm_220122.lib.gz
read_liberty /OpenROAD-flow-scripts/flow/platforms/asap7/lib/NLDM/asap7sc7p5t_OA_RVT_FF_nldm_211120.lib.gz
read_liberty /OpenROAD-flow-scripts/flow/platforms/asap7/lib/NLDM/asap7sc7p5t_SIMPLE_RVT_FF_nldm_211120.lib.gz
read_liberty /OpenROAD-flow-scripts/flow/platforms/asap7/lib/NLDM/asap7sc7p5t_SEQ_RVT_FF_nldm_220123.lib
read_db ./results/asap7/tritone/aggressive/3_3_place_gp.odb
source /OpenROAD-flow-scripts/flow/platforms/asap7/setRC.tcl
Perform buffer insertion and gate resizing...
repair_design -verbose
Iteration |   Area    | Resized | Buffers | Nets repaired | Remaining
---------------------------------------------------------------------
        0 |     +0.0% |       0 |       0 |             0 |       503
       10 |     +0.0% |       0 |       0 |             0 |       493
       20 |     +0.0% |       0 |       0 |             0 |       483
       30 |     +0.0% |       0 |       0 |             0 |       473
       40 |     +0.0% |       0 |       0 |             0 |       463
       50 |     +0.0% |       0 |       0 |             0 |       453
       60 |     +0.0% |       0 |       0 |             0 |       443
       70 |     +0.0% |       0 |       0 |             0 |       433
       80 |     +0.0% |       0 |       0 |             0 |       423
       90 |     +0.0% |       0 |       0 |             0 |       413
      100 |     +0.0% |       0 |       0 |             0 |       403
      110 |     +0.0% |       0 |       0 |             0 |       393
      120 |     +0.0% |       0 |       0 |             0 |       383
      130 |     +0.0% |       0 |       0 |             0 |       373
      140 |     +0.0% |       0 |       0 |             0 |       363
      150 |     +0.0% |       0 |       0 |             0 |       353
      160 |     +0.0% |       0 |       0 |             0 |       343
      170 |     +0.0% |       0 |       0 |             0 |       333
      180 |     +0.0% |       0 |       0 |             0 |       323
      190 |     +0.0% |       0 |       0 |             0 |       313
      200 |     +0.0% |       0 |       0 |             0 |       303
      210 |     +0.0% |       0 |       0 |             0 |       293
      220 |     +0.0% |       0 |       0 |             0 |       283
      230 |     +0.0% |       0 |       0 |             0 |       273
      240 |     +0.0% |       0 |       0 |             0 |       263
      250 |     +0.0% |       0 |       0 |             0 |       253
      260 |     +0.0% |       0 |       0 |             0 |       243
      270 |     +0.0% |       0 |       0 |             0 |       233
      280 |     +0.0% |       0 |       0 |             0 |       223
      290 |     +0.0% |       0 |       0 |             0 |       213
      300 |     +0.0% |       0 |       0 |             0 |       203
      310 |     +0.0% |       0 |       0 |             0 |       193
      320 |     +0.0% |       0 |       0 |             0 |       183
      330 |     +0.0% |       0 |       0 |             0 |       173
      340 |     +0.0% |       0 |       0 |             0 |       163
      350 |     +0.0% |       0 |       0 |             0 |       153
      360 |     +0.0% |       0 |       0 |             0 |       143
      370 |     +0.0% |       0 |       0 |             0 |       133
      380 |     +0.0% |       0 |       0 |             0 |       123
      390 |     +0.0% |       0 |       0 |             0 |       113
      400 |     +0.0% |       0 |       0 |             0 |       103
      410 |     +0.0% |       0 |       0 |             0 |        93
      420 |     +0.0% |       0 |       0 |             0 |        83
      430 |     +0.0% |       0 |       0 |             0 |        73
      440 |     +0.0% |       0 |       0 |             0 |        63
      450 |     +0.0% |       0 |       0 |             0 |        53
      460 |     +0.0% |       0 |       0 |             0 |        43
      470 |     +0.0% |       0 |       0 |             0 |        33
      480 |     +0.0% |       0 |       0 |             0 |        23
      490 |     +0.0% |       0 |       0 |             0 |        13
      500 |     +0.0% |       0 |       0 |             0 |         3
    final |     +0.0% |       0 |       0 |             0 |         0
---------------------------------------------------------------------
Floating nets: 
Report metrics stage 3, resizer...

==========================================================================
resizer report_design_area
--------------------------------------------------------------------------
Design area 41 um^2 64% utilization.
Instance count before 475, after 475
Pin count before 1124, after 1124
Elapsed time: 0:01.00[h:]min:sec. CPU time: user 0.88 sys 0.17 (105%). Peak memory: 214184KB.
Log                        Elapsed/s Peak Memory/MB  sha1sum .odb [0:20)
3_4_place_resized                  1            209 d19c4d1240ae02df5506
