OpenROAD 24Q3-11673-g154f14ab7e 
Features included (+) or not (-): +GPU +GUI +Python
This program is licensed under the BSD-3 license. See the LICENSE file for details.
Components of this program may be licensed under more restrictive licenses which must be honored.
[INFO ORD-0030] Using 32 thread(s).
source /OpenROAD-flow-scripts/flow/platforms/asap7/liberty_suppressions.tcl
read_liberty /OpenROAD-flow-scripts/flow/platforms/asap7/lib/NLDM/asap7sc7p5t_AO_RVT_FF_nldm_211120.lib.gz
read_liberty /OpenROAD-flow-scripts/flow/platforms/asap7/lib/NLDM/asap7sc7p5t_INVBUF_RVT_FF_nldm_220122.lib.gz
read_liberty /OpenROAD-flow-scripts/flow/platforms/asap7/lib/NLDM/asap7sc7p5t_OA_RVT_FF_nldm_211120.lib.gz
read_liberty /OpenROAD-flow-scripts/flow/platforms/asap7/lib/NLDM/asap7sc7p5t_SIMPLE_RVT_FF_nldm_211120.lib.gz
read_liberty /OpenROAD-flow-scripts/flow/platforms/asap7/lib/NLDM/asap7sc7p5t_SEQ_RVT_FF_nldm_220123.lib
read_db ./results/asap7/tritone/aggressive/4_cts.odb
source /OpenROAD-flow-scripts/flow/platforms/asap7/setRC.tcl
pin_access
[INFO DRT-0149] Reading tech and libs.

Units:                1000
Number of layers:     21
Number of macros:     212
Number of vias:       14
Number of viarulegen: 11

[INFO DRT-0150] Reading design.

Design:                   ternary_cpu_system
Die area:                 ( 0 0 ) ( 12152 12152 )
Number of track patterns: 32
Number of DEF vias:       0
Number of components:     479
Number of terminals:      111
Number of snets:          2
Number of nets:           506

[INFO DRT-0167] List of default vias:
  Layer V2
    default via: VIA23
  Layer V3
    default via: VIA34
  Layer V4
    default via: VIA45
  Layer V5
    default via: VIA56
  Layer V6
    default via: VIA67
  Layer V7
    default via: VIA78
  Layer V8
    default via: VIA89
  Layer V9
    default via: VIA9Pad
[INFO DRT-0162] Library cell analysis.
[INFO DRT-0163] Instance analysis.
[INFO DRT-0164] Number of unique instances = 84.
[INFO DRT-0168] Init region query.
[INFO DRT-0024]   Complete Active.
[INFO DRT-0024]   Complete V0.
[INFO DRT-0024]   Complete M1.
[INFO DRT-0024]   Complete V1.
[INFO DRT-0024]   Complete M2.
[INFO DRT-0024]   Complete V2.
[INFO DRT-0024]   Complete M3.
[INFO DRT-0024]   Complete V3.
[INFO DRT-0024]   Complete M4.
[INFO DRT-0024]   Complete V4.
[INFO DRT-0024]   Complete M5.
[INFO DRT-0024]   Complete V5.
[INFO DRT-0024]   Complete M6.
[INFO DRT-0024]   Complete V6.
[INFO DRT-0024]   Complete M7.
[INFO DRT-0024]   Complete V7.
[INFO DRT-0024]   Complete M8.
[INFO DRT-0024]   Complete V8.
[INFO DRT-0024]   Complete M9.
[INFO DRT-0024]   Complete V9.
[INFO DRT-0024]   Complete Pad.
[INFO DRT-0033] Active shape region query size = 0.
[INFO DRT-0033] V0 shape region query size = 0.
[INFO DRT-0033] M1 shape region query size = 6379.
[INFO DRT-0033] V1 shape region query size = 7358.
[INFO DRT-0033] M2 shape region query size = 348.
[INFO DRT-0033] V2 shape region query size = 180.
[INFO DRT-0033] M3 shape region query size = 180.
[INFO DRT-0033] V3 shape region query size = 120.
[INFO DRT-0033] M4 shape region query size = 156.
[INFO DRT-0033] V4 shape region query size = 120.
[INFO DRT-0033] M5 shape region query size = 145.
[INFO DRT-0033] V5 shape region query size = 16.
[INFO DRT-0033] M6 shape region query size = 16.
[INFO DRT-0033] V6 shape region query size = 0.
[INFO DRT-0033] M7 shape region query size = 0.
[INFO DRT-0033] V7 shape region query size = 0.
[INFO DRT-0033] M8 shape region query size = 0.
[INFO DRT-0033] V8 shape region query size = 0.
[INFO DRT-0033] M9 shape region query size = 0.
[INFO DRT-0033] V9 shape region query size = 0.
[INFO DRT-0033] Pad shape region query size = 0.
[INFO DRT-0165] Start pin access.
[INFO DRT-0078]   Complete 441 pins.
[INFO DRT-0081]   Complete 84 unique inst patterns.
[INFO DRT-0084]   Complete 222 groups.
#scanned instances     = 479
#unique  instances     = 84
#stdCellGenAp          = 2224
#stdCellValidPlanarAp  = 66
#stdCellValidViaAp     = 1729
#stdCellPinNoAp        = 0
#stdCellPinCnt         = 1037
#instTermValidViaApCnt = 0
#macroGenAp            = 0
#macroValidPlanarAp    = 0
#macroValidViaAp       = 0
#macroNoAp             = 0
[INFO DRT-0166] Complete pin access.
[INFO DRT-0267] cpu time = 00:00:15, elapsed time = 00:00:01, memory = 202.46 (MB), peak = 202.46 (MB)
global_route -congestion_report_file ./reports/asap7/tritone/aggressive/congestion.rpt -congestion_iterations 30 -congestion_report_iter_step 5 -verbose
[INFO GRT-0020] Min routing layer: M2
[INFO GRT-0021] Max routing layer: M7
[INFO GRT-0022] Global adjustment: 0%
[INFO GRT-0023] Grid origin: (0, 0)
[INFO GRT-0088] Layer M1      Track-Pitch = 0.0360  line-2-Via Pitch: 0.0360
[INFO GRT-0088] Layer M2      Track-Pitch = 0.0390  line-2-Via Pitch: 0.0360
[INFO GRT-0088] Layer M3      Track-Pitch = 0.0360  line-2-Via Pitch: 0.0360
[INFO GRT-0088] Layer M4      Track-Pitch = 0.0480  line-2-Via Pitch: 0.0480
[INFO GRT-0088] Layer M5      Track-Pitch = 0.0480  line-2-Via Pitch: 0.0480
[INFO GRT-0088] Layer M6      Track-Pitch = 0.0640  line-2-Via Pitch: 0.0640
[INFO GRT-0088] Layer M7      Track-Pitch = 0.0640  line-2-Via Pitch: 0.0640
[INFO GRT-0003] Macros: 0
[INFO GRT-0004] Blockages: 114
[INFO GRT-0019] Found 4 clock nets.
[INFO GRT-0001] Minimum degree: 2
[INFO GRT-0002] Maximum degree: 15

[INFO GRT-0053] Routing resources analysis:
          Routing      Original      Derated      Resource
Layer     Direction    Resources     Resources    Reduction (%)
---------------------------------------------------------------
M1         Vertical            0             0          0.00%
M2         Horizontal       5544          4012          27.63%
M3         Vertical         6572          4881          25.73%
M4         Horizontal       4998          3718          25.61%
M5         Vertical         4886          3635          25.60%
M6         Horizontal       3520          2426          31.08%
M7         Vertical         3800          2580          32.11%
---------------------------------------------------------------

[INFO GRT-0197] Via related to pin nodes: 1865
[INFO GRT-0198] Via related Steiner nodes: 16
[INFO GRT-0199] Via filling finished.
[INFO GRT-0111] Final number of vias: 2304
[INFO GRT-0112] Final usage 3D: 7967

[INFO GRT-0096] Final congestion report:
Layer         Resource        Demand        Usage (%)    Max H / Max V / Total Overflow
---------------------------------------------------------------------------------------
M1                   0             0            0.00%             0 /  0 /  0
M2                4012           416           10.37%             0 /  0 /  0
M3                4881           512           10.49%             0 /  0 /  0
M4                3718            92            2.47%             0 /  0 /  0
M5                3635            35            0.96%             0 /  0 /  0
M6                2426             0            0.00%             0 /  0 /  0
M7                2580             0            0.00%             0 /  0 /  0
---------------------------------------------------------------------------------------
Total            21252          1055            4.96%             0 /  0 /  0

[INFO GRT-0018] Total wirelength: 994 um
[INFO GRT-0014] Routed nets: 456
Perform buffer insertion and gate resizing...
repair_design -verbose
Iteration |   Area    | Resized | Buffers | Nets repaired | Remaining
---------------------------------------------------------------------
        0 |     +0.0% |       0 |       0 |             0 |       507
       10 |     +0.0% |       0 |       0 |             0 |       497
       20 |     +0.0% |       0 |       0 |             0 |       487
       30 |     +0.0% |       0 |       0 |             0 |       477
       40 |     +0.0% |       0 |       0 |             0 |       467
       50 |     +0.0% |       0 |       0 |             0 |       457
       60 |     +0.0% |       0 |       0 |             0 |       447
       70 |     +0.0% |       0 |       0 |             0 |       437
       80 |     +0.0% |       0 |       0 |             0 |       427
       90 |     +0.0% |       0 |       0 |             0 |       417
      100 |     +0.0% |       0 |       0 |             0 |       407
      110 |     +0.0% |       0 |       0 |             0 |       397
      120 |     +0.0% |       0 |       0 |             0 |       387
      130 |     +0.0% |       0 |       0 |             0 |       377
      140 |     +0.0% |       0 |       0 |             0 |       367
      150 |     +0.0% |       0 |       0 |             0 |       357
      160 |     +0.0% |       0 |       0 |             0 |       347
      170 |     +0.0% |       0 |       0 |             0 |       337
      180 |     +0.0% |       0 |       0 |             0 |       327
      190 |     +0.0% |       0 |       0 |             0 |       317
      200 |     +0.0% |       0 |       0 |             0 |       307
      210 |     +0.0% |       0 |       0 |             0 |       297
      220 |     +0.0% |       0 |       0 |             0 |       287
      230 |     +0.0% |       0 |       0 |             0 |       277
      240 |     +0.0% |       0 |       0 |             0 |       267
      250 |     +0.0% |       0 |       0 |             0 |       257
      260 |     +0.0% |       0 |       0 |             0 |       247
      270 |     +0.0% |       0 |       0 |             0 |       237
      280 |     +0.0% |       0 |       0 |             0 |       227
      290 |     +0.0% |       0 |       0 |             0 |       217
      300 |     +0.0% |       0 |       0 |             0 |       207
      310 |     +0.0% |       0 |       0 |             0 |       197
      320 |     +0.0% |       0 |       0 |             0 |       187
      330 |     +0.0% |       0 |       0 |             0 |       177
      340 |     +0.0% |       0 |       0 |             0 |       167
      350 |     +0.0% |       0 |       0 |             0 |       157
      360 |     +0.0% |       0 |       0 |             0 |       147
      370 |     +0.0% |       0 |       0 |             0 |       137
      380 |     +0.0% |       0 |       0 |             0 |       127
      390 |     +0.0% |       0 |       0 |             0 |       117
      400 |     +0.0% |       0 |       0 |             0 |       107
      410 |     +0.0% |       0 |       0 |             0 |        97
      420 |     +0.0% |       0 |       0 |             0 |        87
      430 |     +0.0% |       0 |       0 |             0 |        77
      440 |     +0.0% |       0 |       0 |             0 |        67
      450 |     +0.0% |       0 |       0 |             0 |        57
      460 |     +0.0% |       0 |       0 |             0 |        47
      470 |     +0.0% |       0 |       0 |             0 |        37
      480 |     +0.0% |       0 |       0 |             0 |        27
      490 |     +0.0% |       0 |       0 |             0 |        17
      500 |     +0.0% |       0 |       0 |             0 |         7
    final |     +0.0% |       0 |       0 |             0 |         0
---------------------------------------------------------------------
global_route -start_incremental
detailed_placement
Placement Analysis
---------------------------------
total displacement          0.0 u
average displacement        0.0 u
max displacement            0.0 u
original HPWL             559.6 u
legalized HPWL            559.6 u
delta HPWL                    0 %

global_route -end_incremental -congestion_report_file ./reports/asap7/tritone/aggressive/congestion_post_repair_design.rpt
Repair setup and hold violations...
repair_timing -setup_margin 0 -hold_margin 0 -repair_tns 100 -verbose
[INFO RSZ-0100] Repair move sequence: UnbufferMove SizeUpMove SwapPinsMove BufferMove CloneMove SplitLoadMove 
[INFO RSZ-0098] No setup violations found
[INFO RSZ-0033] No hold violations found.
global_route -start_incremental
detailed_placement
Placement Analysis
---------------------------------
total displacement          0.0 u
average displacement        0.0 u
max displacement            0.0 u
original HPWL             559.6 u
legalized HPWL            559.6 u
delta HPWL                    0 %

global_route -end_incremental -congestion_report_file ./reports/asap7/tritone/aggressive/congestion_post_repair_timing.rpt
global_route -start_incremental
global_route -end_incremental -congestion_report_file ./reports/asap7/tritone/aggressive/congestion_post_recover_power.rpt
Repair antennas...
[WARNING GRT-0246] No diode with LEF class CORE ANTENNACELL found.
[INFO ANT-0002] Found 0 net violations.
[INFO ANT-0001] Found 0 pin violations.
Estimate parasitics...
Report metrics stage 5, global route...

==========================================================================
global route report_design_area
--------------------------------------------------------------------------
Design area 41 um^2 65% utilization.
[INFO FLW-0007] clock core_clock period 667.000000
[INFO FLW-0008] Clock core_clock period 364.728
[INFO FLW-0009] Clock core_clock slack 283.076
[INFO FLW-0011] Path endpoint path count 69
Elapsed time: 0:02.96[h:]min:sec. CPU time: user 32.79 sys 0.45 (1121%). Peak memory: 300720KB.
Log                        Elapsed/s Peak Memory/MB  sha1sum .odb [0:20)
5_1_grt                            2            293 de73531d854cac952207
